[13.280s] Invoking command in '/home/rpi/ros2_ws/src/actionneurs': PYTHONPATH=/home/rpi/ros2_ws/build/actionneurs/prefix_override:/usr/lib/python3/dist-packages/colcon_core/task/python/colcon_distutils_commands:/home/rpi/ros2_ws/install/actionneurs/lib/python3.10/site-packages:${PYTHONPATH} /usr/bin/python3 -W ignore:setup.py install is deprecated -W ignore:easy_install command is deprecated setup.py egg_info --egg-base ../../build/actionneurs build --build-base /home/rpi/ros2_ws/build/actionneurs/build install --record /home/rpi/ros2_ws/build/actionneurs/install.log --single-version-externally-managed install_data
[17.353s] running egg_info
[17.356s] writing ../../build/actionneurs/actionneurs.egg-info/PKG-INFO
[17.358s] writing dependency_links to ../../build/actionneurs/actionneurs.egg-info/dependency_links.txt
[17.359s] writing entry points to ../../build/actionneurs/actionneurs.egg-info/entry_points.txt
[17.362s] writing requirements to ../../build/actionneurs/actionneurs.egg-info/requires.txt
[17.367s] writing top-level names to ../../build/actionneurs/actionneurs.egg-info/top_level.txt
[17.374s] reading manifest file '../../build/actionneurs/actionneurs.egg-info/SOURCES.txt'
[17.380s] writing manifest file '../../build/actionneurs/actionneurs.egg-info/SOURCES.txt'
[17.381s] running build
[17.382s] running build_py
[17.391s] running install
[17.392s] running install_lib
[17.403s] running install_data
[17.404s] running install_egg_info
[17.419s] removing '/home/rpi/ros2_ws/install/actionneurs/lib/python3.10/site-packages/actionneurs-0.0.0-py3.10.egg-info' (and everything under it)
[17.423s] Copying ../../build/actionneurs/actionneurs.egg-info to /home/rpi/ros2_ws/install/actionneurs/lib/python3.10/site-packages/actionneurs-0.0.0-py3.10.egg-info
[17.441s] running install_scripts
[17.608s] writing list of installed files to '/home/rpi/ros2_ws/build/actionneurs/install.log'
[17.879s] Invoked command in '/home/rpi/ros2_ws/src/actionneurs' returned '0': PYTHONPATH=/home/rpi/ros2_ws/build/actionneurs/prefix_override:/usr/lib/python3/dist-packages/colcon_core/task/python/colcon_distutils_commands:/home/rpi/ros2_ws/install/actionneurs/lib/python3.10/site-packages:${PYTHONPATH} /usr/bin/python3 -W ignore:setup.py install is deprecated -W ignore:easy_install command is deprecated setup.py egg_info --egg-base ../../build/actionneurs build --build-base /home/rpi/ros2_ws/build/actionneurs/build install --record /home/rpi/ros2_ws/build/actionneurs/install.log --single-version-externally-managed install_data
