[4.284s] Invoking command in '/home/rpi/ros2_ws/src/serial_interface': PYTHONPATH=/home/rpi/ros2_ws/build/serial_interface/prefix_override:/usr/lib/python3/dist-packages/colcon_core/task/python/colcon_distutils_commands:/home/rpi/ros2_ws/install/serial_interface/lib/python3.10/site-packages:${PYTHONPATH} /usr/bin/python3 -W ignore:setup.py install is deprecated -W ignore:easy_install command is deprecated setup.py egg_info --egg-base ../../build/serial_interface build --build-base /home/rpi/ros2_ws/build/serial_interface/build install --record /home/rpi/ros2_ws/build/serial_interface/install.log --single-version-externally-managed install_data
[5.530s] running egg_info
[5.533s] writing ../../build/serial_interface/serial_interface.egg-info/PKG-INFO
[5.534s] writing dependency_links to ../../build/serial_interface/serial_interface.egg-info/dependency_links.txt
[5.535s] writing entry points to ../../build/serial_interface/serial_interface.egg-info/entry_points.txt
[5.536s] writing requirements to ../../build/serial_interface/serial_interface.egg-info/requires.txt
[5.537s] writing top-level names to ../../build/serial_interface/serial_interface.egg-info/top_level.txt
[5.546s] reading manifest file '../../build/serial_interface/serial_interface.egg-info/SOURCES.txt'
[5.550s] writing manifest file '../../build/serial_interface/serial_interface.egg-info/SOURCES.txt'
[5.551s] running build
[5.551s] running build_py
[5.553s] copying serial_interface/ultrasonic_node.py -> /home/rpi/ros2_ws/build/serial_interface/build/lib/serial_interface
[5.559s] running install
[5.561s] running install_lib
[5.565s] copying /home/rpi/ros2_ws/build/serial_interface/build/lib/serial_interface/ultrasonic_node.py -> /home/rpi/ros2_ws/install/serial_interface/lib/python3.10/site-packages/serial_interface
[5.570s] byte-compiling /home/rpi/ros2_ws/install/serial_interface/lib/python3.10/site-packages/serial_interface/ultrasonic_node.py to ultrasonic_node.cpython-310.pyc
[5.573s] running install_data
[5.574s] running install_egg_info
[5.582s] removing '/home/rpi/ros2_ws/install/serial_interface/lib/python3.10/site-packages/serial_interface-0.0.0-py3.10.egg-info' (and everything under it)
[5.583s] Copying ../../build/serial_interface/serial_interface.egg-info to /home/rpi/ros2_ws/install/serial_interface/lib/python3.10/site-packages/serial_interface-0.0.0-py3.10.egg-info
[5.590s] running install_scripts
[5.675s] Installing led_control_node script to /home/rpi/ros2_ws/install/serial_interface/lib/serial_interface
[5.676s] Installing serial_node script to /home/rpi/ros2_ws/install/serial_interface/lib/serial_interface
[5.677s] Installing ultrasonic_node script to /home/rpi/ros2_ws/install/serial_interface/lib/serial_interface
[5.678s] Installing webcam_node script to /home/rpi/ros2_ws/install/serial_interface/lib/serial_interface
[5.681s] writing list of installed files to '/home/rpi/ros2_ws/build/serial_interface/install.log'
[5.865s] Invoked command in '/home/rpi/ros2_ws/src/serial_interface' returned '0': PYTHONPATH=/home/rpi/ros2_ws/build/serial_interface/prefix_override:/usr/lib/python3/dist-packages/colcon_core/task/python/colcon_distutils_commands:/home/rpi/ros2_ws/install/serial_interface/lib/python3.10/site-packages:${PYTHONPATH} /usr/bin/python3 -W ignore:setup.py install is deprecated -W ignore:easy_install command is deprecated setup.py egg_info --egg-base ../../build/serial_interface build --build-base /home/rpi/ros2_ws/build/serial_interface/build install --record /home/rpi/ros2_ws/build/serial_interface/install.log --single-version-externally-managed install_data
