[11.622s] Invoking command in '/home/rpi/ros2_ws/src/actionneurs': PYTHONPATH=/home/rpi/ros2_ws/build/actionneurs/prefix_override:/usr/lib/python3/dist-packages/colcon_core/task/python/colcon_distutils_commands:/home/rpi/ros2_ws/install/actionneurs/lib/python3.10/site-packages:${PYTHONPATH} /usr/bin/python3 -W ignore:setup.py install is deprecated -W ignore:easy_install command is deprecated setup.py egg_info --egg-base ../../build/actionneurs build --build-base /home/rpi/ros2_ws/build/actionneurs/build install --record /home/rpi/ros2_ws/build/actionneurs/install.log --single-version-externally-managed install_data
[14.841s] running egg_info
[14.845s] writing ../../build/actionneurs/actionneurs.egg-info/PKG-INFO
[14.847s] writing dependency_links to ../../build/actionneurs/actionneurs.egg-info/dependency_links.txt
[14.849s] writing entry points to ../../build/actionneurs/actionneurs.egg-info/entry_points.txt
[14.850s] writing requirements to ../../build/actionneurs/actionneurs.egg-info/requires.txt
[14.851s] writing top-level names to ../../build/actionneurs/actionneurs.egg-info/top_level.txt
[14.866s] reading manifest file '../../build/actionneurs/actionneurs.egg-info/SOURCES.txt'
[14.873s] writing manifest file '../../build/actionneurs/actionneurs.egg-info/SOURCES.txt'
[14.874s] running build
[14.874s] running build_py
[14.893s] running install
[14.895s] running install_lib
[14.919s] running install_data
[14.920s] running install_egg_info
[14.934s] removing '/home/rpi/ros2_ws/install/actionneurs/lib/python3.10/site-packages/actionneurs-0.0.0-py3.10.egg-info' (and everything under it)
[14.939s] Copying ../../build/actionneurs/actionneurs.egg-info to /home/rpi/ros2_ws/install/actionneurs/lib/python3.10/site-packages/actionneurs-0.0.0-py3.10.egg-info
[14.953s] running install_scripts
[15.111s] writing list of installed files to '/home/rpi/ros2_ws/build/actionneurs/install.log'
[15.372s] Invoked command in '/home/rpi/ros2_ws/src/actionneurs' returned '0': PYTHONPATH=/home/rpi/ros2_ws/build/actionneurs/prefix_override:/usr/lib/python3/dist-packages/colcon_core/task/python/colcon_distutils_commands:/home/rpi/ros2_ws/install/actionneurs/lib/python3.10/site-packages:${PYTHONPATH} /usr/bin/python3 -W ignore:setup.py install is deprecated -W ignore:easy_install command is deprecated setup.py egg_info --egg-base ../../build/actionneurs build --build-base /home/rpi/ros2_ws/build/actionneurs/build install --record /home/rpi/ros2_ws/build/actionneurs/install.log --single-version-externally-managed install_data
