[0.000000] (-) TimerEvent: {}
[0.001715] (actionneurs) JobQueued: {'identifier': 'actionneurs', 'dependencies': OrderedDict()}
[0.002196] (serial_interface) JobQueued: {'identifier': 'serial_interface', 'dependencies': OrderedDict()}
[0.002374] (actionneurs) JobStarted: {'identifier': 'actionneurs'}
[0.038262] (serial_interface) JobStarted: {'identifier': 'serial_interface'}
[0.098650] (-) TimerEvent: {}
[0.199354] (-) TimerEvent: {}
[0.300083] (-) TimerEvent: {}
[0.400947] (-) TimerEvent: {}
[0.501558] (-) TimerEvent: {}
[0.602170] (-) TimerEvent: {}
[0.702791] (-) TimerEvent: {}
[0.803368] (-) TimerEvent: {}
[0.903982] (-) TimerEvent: {}
[1.004760] (-) TimerEvent: {}
[1.105381] (-) TimerEvent: {}
[1.206232] (-) TimerEvent: {}
[1.307370] (-) TimerEvent: {}
[1.408021] (-) TimerEvent: {}
[1.508764] (-) TimerEvent: {}
[1.609405] (-) TimerEvent: {}
[1.710048] (-) TimerEvent: {}
[1.810652] (-) TimerEvent: {}
[1.911264] (-) TimerEvent: {}
[2.011877] (-) TimerEvent: {}
[2.112493] (-) TimerEvent: {}
[2.213135] (-) TimerEvent: {}
[2.313877] (-) TimerEvent: {}
[2.415001] (-) TimerEvent: {}
[2.430769] (serial_interface) StderrLine: {'line': b'Traceback (most recent call last):\n  File "/usr/lib/python3/dist-packages/colcon_core/executor/__init__.py", line 91, in __call__\n    rc = await self.task(*args, **kwargs)\n  File "/usr/lib/python3/dist-packages/colcon_core/task/__init__.py", line 93, in __call__\n    return await task_method(*args, **kwargs)\n  File "/usr/lib/python3/dist-packages/colcon_ros/task/ament_python/build.py", line 51, in build\n    setup_py_data = get_setup_data(self.context.pkg, env)\n  File "/usr/lib/python3/dist-packages/colcon_core/task/python/__init__.py", line 20, in get_setup_data\n    return dict(pkg.metadata[key](env))\n  File "/usr/lib/python3/dist-packages/colcon_ros/package_augmentation/ros_ament_python.py", line 57, in getter\n    return get_setup_information(\n  File "/usr/lib/python3/dist-packages/colcon_python_setup_py/package_identification/python_setup_py.py", line 249, in get_setup_information\n    _setup_information_cache[hashable_env] = _get_setup_information(\n  File "/usr/lib/python3/dist-packages/colcon_python_setup_py/package_identification/python_setup_py.py", line 296, in _get_setup_information\n    result = subprocess.run(\n  File "/usr/lib/python3.10/subprocess.py", line 526, in run\n    raise CalledProcessError(retcode, process.args,\nsubprocess.CalledProcessError: Command \'[\'/usr/bin/python3\', \'-c\', \'import sys;from contextlib import suppress;exec("with suppress(ImportError):    from setuptools.extern.packaging.specifiers    import SpecifierSet");exec("with suppress(ImportError):    from packaging.specifiers import SpecifierSet");from distutils.core import run_setup;dist = run_setup(    \\\'setup.py\\\', script_args=(\\\'--dry-run\\\',), stop_after=\\\'config\\\');skip_keys = (\\\'cmdclass\\\', \\\'distclass\\\', \\\'ext_modules\\\', \\\'metadata\\\');data = {    key: value for key, value in dist.__dict__.items()     if (        not key.startswith(\\\'_\\\') and         not callable(value) and         key not in skip_keys and         key not in dist.display_option_names    )};data[\\\'metadata\\\'] = {    k: v for k, v in dist.metadata.__dict__.items()     if k not in (\\\'license_files\\\', \\\'provides_extras\\\')};sys.stdout.buffer.write(repr(data).encode(\\\'utf-8\\\'))\']\' returned non-zero exit status 1.\n'}
[2.434290] (serial_interface) JobEnded: {'identifier': 'serial_interface', 'rc': 1}
[2.436160] (actionneurs) JobEnded: {'identifier': 'actionneurs', 'rc': 'SIGINT'}
[2.445086] (-) EventReactorShutdown: {}
