[4.121s] Invoking command in '/home/rpi/ros2_ws/src/serial_interface': PYTHONPATH=/home/rpi/ros2_ws/build/serial_interface/prefix_override:/usr/lib/python3/dist-packages/colcon_core/task/python/colcon_distutils_commands:/home/rpi/ros2_ws/install/serial_interface/lib/python3.10/site-packages:${PYTHONPATH} /usr/bin/python3 -W ignore:setup.py install is deprecated -W ignore:easy_install command is deprecated setup.py egg_info --egg-base ../../build/serial_interface build --build-base /home/rpi/ros2_ws/build/serial_interface/build install --record /home/rpi/ros2_ws/build/serial_interface/install.log --single-version-externally-managed install_data
[5.339s] running egg_info
[5.342s] writing ../../build/serial_interface/serial_interface.egg-info/PKG-INFO
[5.343s] writing dependency_links to ../../build/serial_interface/serial_interface.egg-info/dependency_links.txt
[5.344s] writing entry points to ../../build/serial_interface/serial_interface.egg-info/entry_points.txt
[5.345s] writing requirements to ../../build/serial_interface/serial_interface.egg-info/requires.txt
[5.346s] writing top-level names to ../../build/serial_interface/serial_interface.egg-info/top_level.txt
[5.355s] reading manifest file '../../build/serial_interface/serial_interface.egg-info/SOURCES.txt'
[5.360s] writing manifest file '../../build/serial_interface/serial_interface.egg-info/SOURCES.txt'
[5.361s] running build
[5.362s] running build_py
[5.364s] running install
[5.365s] running install_lib
[5.377s] running install_data
[5.377s] running install_egg_info
[5.385s] removing '/home/rpi/ros2_ws/install/serial_interface/lib/python3.10/site-packages/serial_interface-0.0.0-py3.10.egg-info' (and everything under it)
[5.387s] Copying ../../build/serial_interface/serial_interface.egg-info to /home/rpi/ros2_ws/install/serial_interface/lib/python3.10/site-packages/serial_interface-0.0.0-py3.10.egg-info
[5.393s] running install_scripts
[5.487s] Installing led_control_node script to /home/rpi/ros2_ws/install/serial_interface/lib/serial_interface
[5.489s] Installing serial_node script to /home/rpi/ros2_ws/install/serial_interface/lib/serial_interface
[5.491s] Installing webcam_node script to /home/rpi/ros2_ws/install/serial_interface/lib/serial_interface
[5.493s] writing list of installed files to '/home/rpi/ros2_ws/build/serial_interface/install.log'
[5.706s] Invoked command in '/home/rpi/ros2_ws/src/serial_interface' returned '0': PYTHONPATH=/home/rpi/ros2_ws/build/serial_interface/prefix_override:/usr/lib/python3/dist-packages/colcon_core/task/python/colcon_distutils_commands:/home/rpi/ros2_ws/install/serial_interface/lib/python3.10/site-packages:${PYTHONPATH} /usr/bin/python3 -W ignore:setup.py install is deprecated -W ignore:easy_install command is deprecated setup.py egg_info --egg-base ../../build/serial_interface build --build-base /home/rpi/ros2_ws/build/serial_interface/build install --record /home/rpi/ros2_ws/build/serial_interface/install.log --single-version-externally-managed install_data
