[7.292s] Invoking command in '/home/rpi/ros2_ws/src/actionneurs': PYTHONPATH=/home/rpi/ros2_ws/build/actionneurs/prefix_override:/usr/lib/python3/dist-packages/colcon_core/task/python/colcon_distutils_commands:/home/rpi/ros2_ws/install/actionneurs/lib/python3.10/site-packages:${PYTHONPATH} /usr/bin/python3 -W ignore:setup.py install is deprecated -W ignore:easy_install command is deprecated setup.py egg_info --egg-base ../../build/actionneurs build --build-base /home/rpi/ros2_ws/build/actionneurs/build install --record /home/rpi/ros2_ws/build/actionneurs/install.log --single-version-externally-managed install_data
[8.894s] running egg_info
[8.897s] writing ../../build/actionneurs/actionneurs.egg-info/PKG-INFO
[8.900s] writing dependency_links to ../../build/actionneurs/actionneurs.egg-info/dependency_links.txt
[8.901s] writing entry points to ../../build/actionneurs/actionneurs.egg-info/entry_points.txt
[8.902s] writing requirements to ../../build/actionneurs/actionneurs.egg-info/requires.txt
[8.903s] writing top-level names to ../../build/actionneurs/actionneurs.egg-info/top_level.txt
[8.920s] reading manifest file '../../build/actionneurs/actionneurs.egg-info/SOURCES.txt'
[8.927s] writing manifest file '../../build/actionneurs/actionneurs.egg-info/SOURCES.txt'
[8.928s] running build
[8.928s] running build_py
[8.946s] running install
[8.947s] running install_lib
[8.958s] running install_data
[8.959s] running install_egg_info
[8.970s] removing '/home/rpi/ros2_ws/install/actionneurs/lib/python3.10/site-packages/actionneurs-0.0.0-py3.10.egg-info' (and everything under it)
[8.971s] Copying ../../build/actionneurs/actionneurs.egg-info to /home/rpi/ros2_ws/install/actionneurs/lib/python3.10/site-packages/actionneurs-0.0.0-py3.10.egg-info
[8.980s] running install_scripts
[9.098s] writing list of installed files to '/home/rpi/ros2_ws/build/actionneurs/install.log'
[9.432s] Invoked command in '/home/rpi/ros2_ws/src/actionneurs' returned '0': PYTHONPATH=/home/rpi/ros2_ws/build/actionneurs/prefix_override:/usr/lib/python3/dist-packages/colcon_core/task/python/colcon_distutils_commands:/home/rpi/ros2_ws/install/actionneurs/lib/python3.10/site-packages:${PYTHONPATH} /usr/bin/python3 -W ignore:setup.py install is deprecated -W ignore:easy_install command is deprecated setup.py egg_info --egg-base ../../build/actionneurs build --build-base /home/rpi/ros2_ws/build/actionneurs/build install --record /home/rpi/ros2_ws/build/actionneurs/install.log --single-version-externally-managed install_data
