[12.428s] Invoking command in '/home/rpi/ros2_ws/src/actionneurs': PYTHONPATH=/home/rpi/ros2_ws/build/actionneurs/prefix_override:/usr/lib/python3/dist-packages/colcon_core/task/python/colcon_distutils_commands:/home/rpi/ros2_ws/install/actionneurs/lib/python3.10/site-packages:${PYTHONPATH} /usr/bin/python3 -W ignore:setup.py install is deprecated -W ignore:easy_install command is deprecated setup.py egg_info --egg-base ../../build/actionneurs build --build-base /home/rpi/ros2_ws/build/actionneurs/build install --record /home/rpi/ros2_ws/build/actionneurs/install.log --single-version-externally-managed install_data
[15.648s] running egg_info
[15.651s] writing ../../build/actionneurs/actionneurs.egg-info/PKG-INFO
[15.653s] writing dependency_links to ../../build/actionneurs/actionneurs.egg-info/dependency_links.txt
[15.654s] writing entry points to ../../build/actionneurs/actionneurs.egg-info/entry_points.txt
[15.655s] writing requirements to ../../build/actionneurs/actionneurs.egg-info/requires.txt
[15.656s] writing top-level names to ../../build/actionneurs/actionneurs.egg-info/top_level.txt
[15.667s] reading manifest file '../../build/actionneurs/actionneurs.egg-info/SOURCES.txt'
[15.671s] writing manifest file '../../build/actionneurs/actionneurs.egg-info/SOURCES.txt'
[15.674s] running build
[15.674s] running build_py
[15.676s] running install
[15.678s] running install_lib
[15.686s] running install_data
[15.687s] running install_egg_info
[15.698s] removing '/home/rpi/ros2_ws/install/actionneurs/lib/python3.10/site-packages/actionneurs-0.0.0-py3.10.egg-info' (and everything under it)
[15.700s] Copying ../../build/actionneurs/actionneurs.egg-info to /home/rpi/ros2_ws/install/actionneurs/lib/python3.10/site-packages/actionneurs-0.0.0-py3.10.egg-info
[15.708s] running install_scripts
[15.851s] writing list of installed files to '/home/rpi/ros2_ws/build/actionneurs/install.log'
[16.121s] Invoked command in '/home/rpi/ros2_ws/src/actionneurs' returned '0': PYTHONPATH=/home/rpi/ros2_ws/build/actionneurs/prefix_override:/usr/lib/python3/dist-packages/colcon_core/task/python/colcon_distutils_commands:/home/rpi/ros2_ws/install/actionneurs/lib/python3.10/site-packages:${PYTHONPATH} /usr/bin/python3 -W ignore:setup.py install is deprecated -W ignore:easy_install command is deprecated setup.py egg_info --egg-base ../../build/actionneurs build --build-base /home/rpi/ros2_ws/build/actionneurs/build install --record /home/rpi/ros2_ws/build/actionneurs/install.log --single-version-externally-managed install_data
