[5.896s] Invoking command in '/home/rpi/ros2_ws/src/serial_interface': PYTHONPATH=/home/rpi/ros2_ws/build/serial_interface/prefix_override:/usr/lib/python3/dist-packages/colcon_core/task/python/colcon_distutils_commands:/home/rpi/ros2_ws/install/serial_interface/lib/python3.10/site-packages:${PYTHONPATH} /usr/bin/python3 -W ignore:setup.py install is deprecated -W ignore:easy_install command is deprecated setup.py egg_info --egg-base ../../build/serial_interface build --build-base /home/rpi/ros2_ws/build/serial_interface/build install --record /home/rpi/ros2_ws/build/serial_interface/install.log --single-version-externally-managed install_data
[7.340s] running egg_info
[7.344s] writing ../../build/serial_interface/serial_interface.egg-info/PKG-INFO
[7.345s] writing dependency_links to ../../build/serial_interface/serial_interface.egg-info/dependency_links.txt
[7.350s] writing entry points to ../../build/serial_interface/serial_interface.egg-info/entry_points.txt
[7.351s] writing requirements to ../../build/serial_interface/serial_interface.egg-info/requires.txt
[7.351s] writing top-level names to ../../build/serial_interface/serial_interface.egg-info/top_level.txt
[7.366s] reading manifest file '../../build/serial_interface/serial_interface.egg-info/SOURCES.txt'
[7.371s] writing manifest file '../../build/serial_interface/serial_interface.egg-info/SOURCES.txt'
[7.373s] running build
[7.373s] running build_py
[7.376s] running install
[7.378s] running install_lib
[7.387s] running install_data
[7.388s] running install_egg_info
[7.398s] removing '/home/rpi/ros2_ws/install/serial_interface/lib/python3.10/site-packages/serial_interface-0.0.0-py3.10.egg-info' (and everything under it)
[7.400s] Copying ../../build/serial_interface/serial_interface.egg-info to /home/rpi/ros2_ws/install/serial_interface/lib/python3.10/site-packages/serial_interface-0.0.0-py3.10.egg-info
[7.408s] running install_scripts
[7.557s] Installing led_control_node script to /home/rpi/ros2_ws/install/serial_interface/lib/serial_interface
[7.559s] Installing motor_driver script to /home/rpi/ros2_ws/install/serial_interface/lib/serial_interface
[7.562s] Installing motor_driver_node script to /home/rpi/ros2_ws/install/serial_interface/lib/serial_interface
[7.566s] Installing serial_node script to /home/rpi/ros2_ws/install/serial_interface/lib/serial_interface
[7.570s] Installing ultrasonic_node script to /home/rpi/ros2_ws/install/serial_interface/lib/serial_interface
[7.572s] Installing webcam_node script to /home/rpi/ros2_ws/install/serial_interface/lib/serial_interface
[7.575s] writing list of installed files to '/home/rpi/ros2_ws/build/serial_interface/install.log'
[7.809s] Invoked command in '/home/rpi/ros2_ws/src/serial_interface' returned '0': PYTHONPATH=/home/rpi/ros2_ws/build/serial_interface/prefix_override:/usr/lib/python3/dist-packages/colcon_core/task/python/colcon_distutils_commands:/home/rpi/ros2_ws/install/serial_interface/lib/python3.10/site-packages:${PYTHONPATH} /usr/bin/python3 -W ignore:setup.py install is deprecated -W ignore:easy_install command is deprecated setup.py egg_info --egg-base ../../build/serial_interface build --build-base /home/rpi/ros2_ws/build/serial_interface/build install --record /home/rpi/ros2_ws/build/serial_interface/install.log --single-version-externally-managed install_data
