[5.956s] Invoking command in '/home/rpi/ros2_ws/src/maze_solver': PYTHONPATH=/home/rpi/ros2_ws/build/maze_solver/prefix_override:/usr/lib/python3/dist-packages/colcon_core/task/python/colcon_distutils_commands:/home/rpi/ros2_ws/install/maze_solver/lib/python3.10/site-packages:${PYTHONPATH} /usr/bin/python3 -W ignore:setup.py install is deprecated -W ignore:easy_install command is deprecated setup.py egg_info --egg-base ../../build/maze_solver build --build-base /home/rpi/ros2_ws/build/maze_solver/build install --record /home/rpi/ros2_ws/build/maze_solver/install.log --single-version-externally-managed install_data
[7.383s] running egg_info
[7.387s] writing ../../build/maze_solver/maze_solver.egg-info/PKG-INFO
[7.389s] writing dependency_links to ../../build/maze_solver/maze_solver.egg-info/dependency_links.txt
[7.390s] writing entry points to ../../build/maze_solver/maze_solver.egg-info/entry_points.txt
[7.392s] writing requirements to ../../build/maze_solver/maze_solver.egg-info/requires.txt
[7.394s] writing top-level names to ../../build/maze_solver/maze_solver.egg-info/top_level.txt
[7.414s] reading manifest file '../../build/maze_solver/maze_solver.egg-info/SOURCES.txt'
[7.420s] writing manifest file '../../build/maze_solver/maze_solver.egg-info/SOURCES.txt'
[7.422s] running build
[7.422s] running build_py
[7.424s] running install
[7.426s] running install_lib
[7.434s] running install_data
[7.435s] running install_egg_info
[7.446s] removing '/home/rpi/ros2_ws/install/maze_solver/lib/python3.10/site-packages/maze_solver-0.0.1-py3.10.egg-info' (and everything under it)
[7.448s] Copying ../../build/maze_solver/maze_solver.egg-info to /home/rpi/ros2_ws/install/maze_solver/lib/python3.10/site-packages/maze_solver-0.0.1-py3.10.egg-info
[7.457s] running install_scripts
[7.582s] Installing basic_solver script to /home/rpi/ros2_ws/install/maze_solver/lib/maze_solver
[7.587s] writing list of installed files to '/home/rpi/ros2_ws/build/maze_solver/install.log'
[7.898s] Invoked command in '/home/rpi/ros2_ws/src/maze_solver' returned '0': PYTHONPATH=/home/rpi/ros2_ws/build/maze_solver/prefix_override:/usr/lib/python3/dist-packages/colcon_core/task/python/colcon_distutils_commands:/home/rpi/ros2_ws/install/maze_solver/lib/python3.10/site-packages:${PYTHONPATH} /usr/bin/python3 -W ignore:setup.py install is deprecated -W ignore:easy_install command is deprecated setup.py egg_info --egg-base ../../build/maze_solver build --build-base /home/rpi/ros2_ws/build/maze_solver/build install --record /home/rpi/ros2_ws/build/maze_solver/install.log --single-version-externally-managed install_data
