[6.246s] Invoking command in '/home/rpi/ros2_ws/src/serial_interface': PYTHONPATH=/home/rpi/ros2_ws/build/serial_interface/prefix_override:/usr/lib/python3/dist-packages/colcon_core/task/python/colcon_distutils_commands:/home/rpi/ros2_ws/install/serial_interface/lib/python3.10/site-packages:${PYTHONPATH} /usr/bin/python3 -W ignore:setup.py install is deprecated -W ignore:easy_install command is deprecated setup.py egg_info --egg-base ../../build/serial_interface build --build-base /home/rpi/ros2_ws/build/serial_interface/build install --record /home/rpi/ros2_ws/build/serial_interface/install.log --single-version-externally-managed install_data
[7.928s] running egg_info
[7.933s] writing ../../build/serial_interface/serial_interface.egg-info/PKG-INFO
[7.936s] writing dependency_links to ../../build/serial_interface/serial_interface.egg-info/dependency_links.txt
[7.938s] writing entry points to ../../build/serial_interface/serial_interface.egg-info/entry_points.txt
[7.941s] writing requirements to ../../build/serial_interface/serial_interface.egg-info/requires.txt
[7.942s] writing top-level names to ../../build/serial_interface/serial_interface.egg-info/top_level.txt
[7.967s] reading manifest file '../../build/serial_interface/serial_interface.egg-info/SOURCES.txt'
[7.975s] writing manifest file '../../build/serial_interface/serial_interface.egg-info/SOURCES.txt'
[7.977s] running build
[7.978s] running build_py
[7.983s] running install
[7.985s] running install_lib
[8.000s] running install_data
[8.004s] running install_egg_info
[8.023s] removing '/home/rpi/ros2_ws/install/serial_interface/lib/python3.10/site-packages/serial_interface-0.0.0-py3.10.egg-info' (and everything under it)
[8.029s] Copying ../../build/serial_interface/serial_interface.egg-info to /home/rpi/ros2_ws/install/serial_interface/lib/python3.10/site-packages/serial_interface-0.0.0-py3.10.egg-info
[8.047s] running install_scripts
[8.200s] Installing led_control_node script to /home/rpi/ros2_ws/install/serial_interface/lib/serial_interface
[8.201s] Installing motor_driver script to /home/rpi/ros2_ws/install/serial_interface/lib/serial_interface
[8.202s] Installing motor_driver_node script to /home/rpi/ros2_ws/install/serial_interface/lib/serial_interface
[8.203s] Installing serial_node script to /home/rpi/ros2_ws/install/serial_interface/lib/serial_interface
[8.206s] Installing ultrasonic_node script to /home/rpi/ros2_ws/install/serial_interface/lib/serial_interface
[8.207s] Installing webcam_node script to /home/rpi/ros2_ws/install/serial_interface/lib/serial_interface
[8.209s] writing list of installed files to '/home/rpi/ros2_ws/build/serial_interface/install.log'
[8.335s] Invoked command in '/home/rpi/ros2_ws/src/serial_interface' returned '0': PYTHONPATH=/home/rpi/ros2_ws/build/serial_interface/prefix_override:/usr/lib/python3/dist-packages/colcon_core/task/python/colcon_distutils_commands:/home/rpi/ros2_ws/install/serial_interface/lib/python3.10/site-packages:${PYTHONPATH} /usr/bin/python3 -W ignore:setup.py install is deprecated -W ignore:easy_install command is deprecated setup.py egg_info --egg-base ../../build/serial_interface build --build-base /home/rpi/ros2_ws/build/serial_interface/build install --record /home/rpi/ros2_ws/build/serial_interface/install.log --single-version-externally-managed install_data
