[6.884s] Invoking command in '/home/rpi/ros2_ws/src/mon_package_nav2_rviz': PYTHONPATH=/home/rpi/ros2_ws/build/mon_package_nav2_rviz/prefix_override:/usr/lib/python3/dist-packages/colcon_core/task/python/colcon_distutils_commands:/home/rpi/ros2_ws/install/mon_package_nav2_rviz/lib/python3.10/site-packages:${PYTHONPATH} /usr/bin/python3 -W ignore:setup.py install is deprecated -W ignore:easy_install command is deprecated setup.py egg_info --egg-base ../../build/mon_package_nav2_rviz build --build-base /home/rpi/ros2_ws/build/mon_package_nav2_rviz/build install --record /home/rpi/ros2_ws/build/mon_package_nav2_rviz/install.log --single-version-externally-managed install_data
[8.420s] running egg_info
[8.424s] writing ../../build/mon_package_nav2_rviz/mon_package_nav2_rviz.egg-info/PKG-INFO
[8.427s] writing dependency_links to ../../build/mon_package_nav2_rviz/mon_package_nav2_rviz.egg-info/dependency_links.txt
[8.429s] writing entry points to ../../build/mon_package_nav2_rviz/mon_package_nav2_rviz.egg-info/entry_points.txt
[8.430s] writing requirements to ../../build/mon_package_nav2_rviz/mon_package_nav2_rviz.egg-info/requires.txt
[8.430s] writing top-level names to ../../build/mon_package_nav2_rviz/mon_package_nav2_rviz.egg-info/top_level.txt
[8.459s] reading manifest file '../../build/mon_package_nav2_rviz/mon_package_nav2_rviz.egg-info/SOURCES.txt'
[8.467s] writing manifest file '../../build/mon_package_nav2_rviz/mon_package_nav2_rviz.egg-info/SOURCES.txt'
[8.468s] running build
[8.469s] running build_py
[8.489s] running install
[8.491s] running install_lib
[8.500s] running install_data
[8.503s] running install_egg_info
[8.515s] removing '/home/rpi/ros2_ws/install/mon_package_nav2_rviz/lib/python3.10/site-packages/mon_package_nav2_rviz-0.0.0-py3.10.egg-info' (and everything under it)
[8.519s] Copying ../../build/mon_package_nav2_rviz/mon_package_nav2_rviz.egg-info to /home/rpi/ros2_ws/install/mon_package_nav2_rviz/lib/python3.10/site-packages/mon_package_nav2_rviz-0.0.0-py3.10.egg-info
[8.525s] running install_scripts
[8.627s] Installing ir_sensor_node script to /home/rpi/ros2_ws/install/mon_package_nav2_rviz/lib/mon_package_nav2_rviz
[8.633s] writing list of installed files to '/home/rpi/ros2_ws/build/mon_package_nav2_rviz/install.log'
[8.901s] Invoked command in '/home/rpi/ros2_ws/src/mon_package_nav2_rviz' returned '0': PYTHONPATH=/home/rpi/ros2_ws/build/mon_package_nav2_rviz/prefix_override:/usr/lib/python3/dist-packages/colcon_core/task/python/colcon_distutils_commands:/home/rpi/ros2_ws/install/mon_package_nav2_rviz/lib/python3.10/site-packages:${PYTHONPATH} /usr/bin/python3 -W ignore:setup.py install is deprecated -W ignore:easy_install command is deprecated setup.py egg_info --egg-base ../../build/mon_package_nav2_rviz build --build-base /home/rpi/ros2_ws/build/mon_package_nav2_rviz/build install --record /home/rpi/ros2_ws/build/mon_package_nav2_rviz/install.log --single-version-externally-managed install_data
