[0.000000] (-) TimerEvent: {}
[0.001235] (actionneurs) JobQueued: {'identifier': 'actionneurs', 'dependencies': OrderedDict()}
[0.001464] (maze_solver) JobQueued: {'identifier': 'maze_solver', 'dependencies': OrderedDict()}
[0.001746] (serial_interface) JobQueued: {'identifier': 'serial_interface', 'dependencies': OrderedDict()}
[0.001903] (actionneurs) JobStarted: {'identifier': 'actionneurs'}
[0.037270] (maze_solver) JobStarted: {'identifier': 'maze_solver'}
[0.064479] (serial_interface) JobStarted: {'identifier': 'serial_interface'}
[0.099228] (-) TimerEvent: {}
[0.200097] (-) TimerEvent: {}
[0.300812] (-) TimerEvent: {}
[0.401442] (-) TimerEvent: {}
[0.502066] (-) TimerEvent: {}
[0.602708] (-) TimerEvent: {}
[0.703727] (-) TimerEvent: {}
[0.804452] (-) TimerEvent: {}
[0.905078] (-) TimerEvent: {}
[1.005716] (-) TimerEvent: {}
[1.106354] (-) TimerEvent: {}
[1.207127] (-) TimerEvent: {}
[1.308300] (-) TimerEvent: {}
[1.409025] (-) TimerEvent: {}
[1.509710] (-) TimerEvent: {}
[1.610670] (-) TimerEvent: {}
[1.711347] (-) TimerEvent: {}
[1.812055] (-) TimerEvent: {}
[1.912709] (-) TimerEvent: {}
[2.013365] (-) TimerEvent: {}
[2.113996] (-) TimerEvent: {}
[2.214640] (-) TimerEvent: {}
[2.315303] (-) TimerEvent: {}
[2.416216] (-) TimerEvent: {}
[2.510970] (maze_solver) StderrLine: {'line': b'Traceback (most recent call last):\n  File "/usr/lib/python3/dist-packages/colcon_core/executor/__init__.py", line 91, in __call__\n    rc = await self.task(*args, **kwargs)\n  File "/usr/lib/python3/dist-packages/colcon_core/task/__init__.py", line 93, in __call__\n    return await task_method(*args, **kwargs)\n  File "/usr/lib/python3/dist-packages/colcon_ros/task/ament_python/build.py", line 51, in build\n    setup_py_data = get_setup_data(self.context.pkg, env)\n  File "/usr/lib/python3/dist-packages/colcon_core/task/python/__init__.py", line 20, in get_setup_data\n    return dict(pkg.metadata[key](env))\n  File "/usr/lib/python3/dist-packages/colcon_ros/package_augmentation/ros_ament_python.py", line 57, in getter\n    return get_setup_information(\n  File "/usr/lib/python3/dist-packages/colcon_python_setup_py/package_identification/python_setup_py.py", line 249, in get_setup_information\n    _setup_information_cache[hashable_env] = _get_setup_information(\n  File "/usr/lib/python3/dist-packages/colcon_python_setup_py/package_identification/python_setup_py.py", line 296, in _get_setup_information\n    result = subprocess.run(\n  File "/usr/lib/python3.10/subprocess.py", line 526, in run\n    raise CalledProcessError(retcode, process.args,\nsubprocess.CalledProcessError: Command \'[\'/usr/bin/python3\', \'-c\', \'import sys;from contextlib import suppress;exec("with suppress(ImportError):    from setuptools.extern.packaging.specifiers    import SpecifierSet");exec("with suppress(ImportError):    from packaging.specifiers import SpecifierSet");from distutils.core import run_setup;dist = run_setup(    \\\'setup.py\\\', script_args=(\\\'--dry-run\\\',), stop_after=\\\'config\\\');skip_keys = (\\\'cmdclass\\\', \\\'distclass\\\', \\\'ext_modules\\\', \\\'metadata\\\');data = {    key: value for key, value in dist.__dict__.items()     if (        not key.startswith(\\\'_\\\') and         not callable(value) and         key not in skip_keys and         key not in dist.display_option_names    )};data[\\\'metadata\\\'] = {    k: v for k, v in dist.metadata.__dict__.items()     if k not in (\\\'license_files\\\', \\\'provides_extras\\\')};sys.stdout.buffer.write(repr(data).encode(\\\'utf-8\\\'))\']\' returned non-zero exit status 1.\n'}
[2.515277] (maze_solver) JobEnded: {'identifier': 'maze_solver', 'rc': 1}
[2.516933] (-) TimerEvent: {}
[2.517314] (actionneurs) JobEnded: {'identifier': 'actionneurs', 'rc': 'SIGINT'}
[2.518891] (serial_interface) JobEnded: {'identifier': 'serial_interface', 'rc': 'SIGINT'}
[2.525998] (-) EventReactorShutdown: {}
