[11.679s] Invoking command in '/home/rpi/ros2_ws/src/serial_interface': PYTHONPATH=/home/rpi/ros2_ws/build/serial_interface/prefix_override:/usr/lib/python3/dist-packages/colcon_core/task/python/colcon_distutils_commands:/home/rpi/ros2_ws/install/serial_interface/lib/python3.10/site-packages:${PYTHONPATH} /usr/bin/python3 -W ignore:setup.py install is deprecated -W ignore:easy_install command is deprecated setup.py egg_info --egg-base ../../build/serial_interface build --build-base /home/rpi/ros2_ws/build/serial_interface/build install --record /home/rpi/ros2_ws/build/serial_interface/install.log --single-version-externally-managed install_data
[14.174s] running egg_info
[14.178s] writing ../../build/serial_interface/serial_interface.egg-info/PKG-INFO
[14.180s] writing dependency_links to ../../build/serial_interface/serial_interface.egg-info/dependency_links.txt
[14.182s] writing entry points to ../../build/serial_interface/serial_interface.egg-info/entry_points.txt
[14.184s] writing requirements to ../../build/serial_interface/serial_interface.egg-info/requires.txt
[14.185s] writing top-level names to ../../build/serial_interface/serial_interface.egg-info/top_level.txt
[14.202s] reading manifest file '../../build/serial_interface/serial_interface.egg-info/SOURCES.txt'
[14.211s] writing manifest file '../../build/serial_interface/serial_interface.egg-info/SOURCES.txt'
[14.211s] running build
[14.212s] running build_py
[14.214s] copying serial_interface/webcam_node.py -> /home/rpi/ros2_ws/build/serial_interface/build/lib/serial_interface
[14.220s] running install
[14.221s] running install_lib
[14.227s] copying /home/rpi/ros2_ws/build/serial_interface/build/lib/serial_interface/webcam_node.py -> /home/rpi/ros2_ws/install/serial_interface/lib/python3.10/site-packages/serial_interface
[14.385s] byte-compiling /home/rpi/ros2_ws/install/serial_interface/lib/python3.10/site-packages/serial_interface/webcam_node.py to webcam_node.cpython-310.pyc
[14.432s] running install_data
[14.445s] running install_egg_info
[14.463s] removing '/home/rpi/ros2_ws/install/serial_interface/lib/python3.10/site-packages/serial_interface-0.0.0-py3.10.egg-info' (and everything under it)
[14.465s] Copying ../../build/serial_interface/serial_interface.egg-info to /home/rpi/ros2_ws/install/serial_interface/lib/python3.10/site-packages/serial_interface-0.0.0-py3.10.egg-info
[14.473s] running install_scripts
[15.016s] Installing led_control_node script to /home/rpi/ros2_ws/install/serial_interface/lib/serial_interface
[15.021s] Installing motion_planner_node script to /home/rpi/ros2_ws/install/serial_interface/lib/serial_interface
[15.041s] Installing motor_driver script to /home/rpi/ros2_ws/install/serial_interface/lib/serial_interface
[15.042s] Installing motor_driver_node script to /home/rpi/ros2_ws/install/serial_interface/lib/serial_interface
[15.042s] Installing serial_interface_node script to /home/rpi/ros2_ws/install/serial_interface/lib/serial_interface
[15.043s] Installing serial_node script to /home/rpi/ros2_ws/install/serial_interface/lib/serial_interface
[15.043s] Installing ultrasonic_node script to /home/rpi/ros2_ws/install/serial_interface/lib/serial_interface
[15.045s] Installing ultrasonic_sensor_node script to /home/rpi/ros2_ws/install/serial_interface/lib/serial_interface
[15.046s] Installing webcam_node script to /home/rpi/ros2_ws/install/serial_interface/lib/serial_interface
[15.046s] writing list of installed files to '/home/rpi/ros2_ws/build/serial_interface/install.log'
[15.385s] Invoked command in '/home/rpi/ros2_ws/src/serial_interface' returned '0': PYTHONPATH=/home/rpi/ros2_ws/build/serial_interface/prefix_override:/usr/lib/python3/dist-packages/colcon_core/task/python/colcon_distutils_commands:/home/rpi/ros2_ws/install/serial_interface/lib/python3.10/site-packages:${PYTHONPATH} /usr/bin/python3 -W ignore:setup.py install is deprecated -W ignore:easy_install command is deprecated setup.py egg_info --egg-base ../../build/serial_interface build --build-base /home/rpi/ros2_ws/build/serial_interface/build install --record /home/rpi/ros2_ws/build/serial_interface/install.log --single-version-externally-managed install_data
