[6.176s] Invoking command in '/home/rpi/ros2_ws/src/serial_interface': PYTHONPATH=/home/rpi/ros2_ws/build/serial_interface/prefix_override:/usr/lib/python3/dist-packages/colcon_core/task/python/colcon_distutils_commands:/home/rpi/ros2_ws/install/serial_interface/lib/python3.10/site-packages:${PYTHONPATH} /usr/bin/python3 -W ignore:setup.py install is deprecated -W ignore:easy_install command is deprecated setup.py egg_info --egg-base ../../build/serial_interface build --build-base /home/rpi/ros2_ws/build/serial_interface/build install --record /home/rpi/ros2_ws/build/serial_interface/install.log --single-version-externally-managed install_data
[7.708s] running egg_info
[7.712s] writing ../../build/serial_interface/serial_interface.egg-info/PKG-INFO
[7.714s] writing dependency_links to ../../build/serial_interface/serial_interface.egg-info/dependency_links.txt
[7.715s] writing entry points to ../../build/serial_interface/serial_interface.egg-info/entry_points.txt
[7.717s] writing requirements to ../../build/serial_interface/serial_interface.egg-info/requires.txt
[7.718s] writing top-level names to ../../build/serial_interface/serial_interface.egg-info/top_level.txt
[7.729s] reading manifest file '../../build/serial_interface/serial_interface.egg-info/SOURCES.txt'
[7.734s] writing manifest file '../../build/serial_interface/serial_interface.egg-info/SOURCES.txt'
[7.735s] running build
[7.735s] running build_py
[7.737s] copying serial_interface/webcam_node.py -> /home/rpi/ros2_ws/build/serial_interface/build/lib/serial_interface
[7.739s] copying serial_interface/serial_interface_node.py -> /home/rpi/ros2_ws/build/serial_interface/build/lib/serial_interface
[7.742s] running install
[7.744s] running install_lib
[7.755s] copying /home/rpi/ros2_ws/build/serial_interface/build/lib/serial_interface/webcam_node.py -> /home/rpi/ros2_ws/install/serial_interface/lib/python3.10/site-packages/serial_interface
[7.757s] copying /home/rpi/ros2_ws/build/serial_interface/build/lib/serial_interface/serial_interface_node.py -> /home/rpi/ros2_ws/install/serial_interface/lib/python3.10/site-packages/serial_interface
[7.762s] byte-compiling /home/rpi/ros2_ws/install/serial_interface/lib/python3.10/site-packages/serial_interface/webcam_node.py to webcam_node.cpython-310.pyc
[7.767s] byte-compiling /home/rpi/ros2_ws/install/serial_interface/lib/python3.10/site-packages/serial_interface/serial_interface_node.py to serial_interface_node.cpython-310.pyc
[7.768s] Sorry: IndentationError: unexpected indent (serial_interface_node.py, line 1)
[7.769s] running install_data
[7.770s] running install_egg_info
[7.778s] removing '/home/rpi/ros2_ws/install/serial_interface/lib/python3.10/site-packages/serial_interface-0.0.0-py3.10.egg-info' (and everything under it)
[7.782s] Copying ../../build/serial_interface/serial_interface.egg-info to /home/rpi/ros2_ws/install/serial_interface/lib/python3.10/site-packages/serial_interface-0.0.0-py3.10.egg-info
[7.789s] running install_scripts
[7.948s] Installing led_control_node script to /home/rpi/ros2_ws/install/serial_interface/lib/serial_interface
[7.951s] Installing motor_driver script to /home/rpi/ros2_ws/install/serial_interface/lib/serial_interface
[7.954s] Installing motor_driver_node script to /home/rpi/ros2_ws/install/serial_interface/lib/serial_interface
[7.957s] Installing serial_interface_node script to /home/rpi/ros2_ws/install/serial_interface/lib/serial_interface
[7.960s] Installing serial_node script to /home/rpi/ros2_ws/install/serial_interface/lib/serial_interface
[7.963s] Installing ultrasonic_node script to /home/rpi/ros2_ws/install/serial_interface/lib/serial_interface
[7.966s] Installing ultrasonic_sensor_node script to /home/rpi/ros2_ws/install/serial_interface/lib/serial_interface
[7.968s] Installing webcam_node script to /home/rpi/ros2_ws/install/serial_interface/lib/serial_interface
[7.975s] writing list of installed files to '/home/rpi/ros2_ws/build/serial_interface/install.log'
[8.190s] Invoked command in '/home/rpi/ros2_ws/src/serial_interface' returned '0': PYTHONPATH=/home/rpi/ros2_ws/build/serial_interface/prefix_override:/usr/lib/python3/dist-packages/colcon_core/task/python/colcon_distutils_commands:/home/rpi/ros2_ws/install/serial_interface/lib/python3.10/site-packages:${PYTHONPATH} /usr/bin/python3 -W ignore:setup.py install is deprecated -W ignore:easy_install command is deprecated setup.py egg_info --egg-base ../../build/serial_interface build --build-base /home/rpi/ros2_ws/build/serial_interface/build install --record /home/rpi/ros2_ws/build/serial_interface/install.log --single-version-externally-managed install_data
