[3.084s] Invoking command in '/home/rpi/ros2_ws/src/serial_interface': PYTHONPATH=/home/rpi/ros2_ws/src/serial_interface/build/serial_interface/prefix_override:/usr/lib/python3/dist-packages/colcon_core/task/python/colcon_distutils_commands:/home/rpi/ros2_ws/src/serial_interface/install/serial_interface/lib/python3.10/site-packages:${PYTHONPATH} /usr/bin/python3 -W ignore:setup.py install is deprecated -W ignore:easy_install command is deprecated setup.py egg_info --egg-base build/serial_interface build --build-base /home/rpi/ros2_ws/src/serial_interface/build/serial_interface/build install --record /home/rpi/ros2_ws/src/serial_interface/build/serial_interface/install.log --single-version-externally-managed install_data
[4.288s] running egg_info
[4.291s] writing build/serial_interface/serial_interface.egg-info/PKG-INFO
[4.292s] writing dependency_links to build/serial_interface/serial_interface.egg-info/dependency_links.txt
[4.293s] writing entry points to build/serial_interface/serial_interface.egg-info/entry_points.txt
[4.293s] writing requirements to build/serial_interface/serial_interface.egg-info/requires.txt
[4.294s] writing top-level names to build/serial_interface/serial_interface.egg-info/top_level.txt
[4.302s] reading manifest file 'build/serial_interface/serial_interface.egg-info/SOURCES.txt'
[4.311s] writing manifest file 'build/serial_interface/serial_interface.egg-info/SOURCES.txt'
[4.312s] running build
[4.312s] running build_py
[4.317s] running install
[4.318s] running install_lib
[4.327s] running install_data
[4.328s] running install_egg_info
[4.336s] removing '/home/rpi/ros2_ws/src/serial_interface/install/serial_interface/lib/python3.10/site-packages/serial_interface-0.0.0-py3.10.egg-info' (and everything under it)
[4.337s] Copying build/serial_interface/serial_interface.egg-info to /home/rpi/ros2_ws/src/serial_interface/install/serial_interface/lib/python3.10/site-packages/serial_interface-0.0.0-py3.10.egg-info
[4.342s] running install_scripts
[4.423s] Installing led_control_node script to /home/rpi/ros2_ws/src/serial_interface/install/serial_interface/lib/serial_interface
[4.424s] Installing motion_planner_node script to /home/rpi/ros2_ws/src/serial_interface/install/serial_interface/lib/serial_interface
[4.425s] Installing motor_driver script to /home/rpi/ros2_ws/src/serial_interface/install/serial_interface/lib/serial_interface
[4.425s] Installing motor_driver_node script to /home/rpi/ros2_ws/src/serial_interface/install/serial_interface/lib/serial_interface
[4.426s] Installing serial_interface_node script to /home/rpi/ros2_ws/src/serial_interface/install/serial_interface/lib/serial_interface
[4.427s] Installing serial_node script to /home/rpi/ros2_ws/src/serial_interface/install/serial_interface/lib/serial_interface
[4.428s] Installing ultrasonic_node script to /home/rpi/ros2_ws/src/serial_interface/install/serial_interface/lib/serial_interface
[4.429s] Installing ultrasonic_sensor_node script to /home/rpi/ros2_ws/src/serial_interface/install/serial_interface/lib/serial_interface
[4.429s] Installing webcam_node script to /home/rpi/ros2_ws/src/serial_interface/install/serial_interface/lib/serial_interface
[4.432s] writing list of installed files to '/home/rpi/ros2_ws/src/serial_interface/build/serial_interface/install.log'
[4.551s] Invoked command in '/home/rpi/ros2_ws/src/serial_interface' returned '0': PYTHONPATH=/home/rpi/ros2_ws/src/serial_interface/build/serial_interface/prefix_override:/usr/lib/python3/dist-packages/colcon_core/task/python/colcon_distutils_commands:/home/rpi/ros2_ws/src/serial_interface/install/serial_interface/lib/python3.10/site-packages:${PYTHONPATH} /usr/bin/python3 -W ignore:setup.py install is deprecated -W ignore:easy_install command is deprecated setup.py egg_info --egg-base build/serial_interface build --build-base /home/rpi/ros2_ws/src/serial_interface/build/serial_interface/build install --record /home/rpi/ros2_ws/src/serial_interface/build/serial_interface/install.log --single-version-externally-managed install_data
