[0.000000] (-) TimerEvent: {}
[0.001647] (actionneurs) JobQueued: {'identifier': 'actionneurs', 'dependencies': OrderedDict()}
[0.002266] (maze_solver) JobQueued: {'identifier': 'maze_solver', 'dependencies': OrderedDict()}
[0.002359] (serial_interface) JobQueued: {'identifier': 'serial_interface', 'dependencies': OrderedDict()}
[0.002440] (actionneurs) JobStarted: {'identifier': 'actionneurs'}
[0.098834] (maze_solver) JobStarted: {'identifier': 'maze_solver'}
[0.100830] (-) TimerEvent: {}
[0.126380] (serial_interface) JobStarted: {'identifier': 'serial_interface'}
[0.201045] (-) TimerEvent: {}
[0.301750] (-) TimerEvent: {}
[0.402444] (-) TimerEvent: {}
[0.503108] (-) TimerEvent: {}
[0.603783] (-) TimerEvent: {}
[0.704503] (-) TimerEvent: {}
[0.805170] (-) TimerEvent: {}
[0.905764] (-) TimerEvent: {}
[1.006384] (-) TimerEvent: {}
[1.107042] (-) TimerEvent: {}
[1.207789] (-) TimerEvent: {}
[1.308662] (-) TimerEvent: {}
[1.409560] (-) TimerEvent: {}
[1.510229] (-) TimerEvent: {}
[1.610898] (-) TimerEvent: {}
[1.711598] (-) TimerEvent: {}
[1.812230] (-) TimerEvent: {}
[1.912955] (-) TimerEvent: {}
[2.013605] (-) TimerEvent: {}
[2.114234] (-) TimerEvent: {}
[2.214886] (-) TimerEvent: {}
[2.315585] (-) TimerEvent: {}
[2.416250] (-) TimerEvent: {}
[2.517037] (-) TimerEvent: {}
[2.617996] (-) TimerEvent: {}
[2.718717] (-) TimerEvent: {}
[2.819425] (-) TimerEvent: {}
[2.920058] (-) TimerEvent: {}
[3.020999] (-) TimerEvent: {}
[3.121694] (-) TimerEvent: {}
[3.222299] (-) TimerEvent: {}
[3.322902] (-) TimerEvent: {}
[3.423539] (-) TimerEvent: {}
[3.524184] (-) TimerEvent: {}
[3.625035] (-) TimerEvent: {}
[3.725695] (-) TimerEvent: {}
[3.826577] (-) TimerEvent: {}
[3.881621] (serial_interface) StderrLine: {'line': b'Traceback (most recent call last):\n  File "/usr/lib/python3/dist-packages/colcon_core/executor/__init__.py", line 91, in __call__\n    rc = await self.task(*args, **kwargs)\n  File "/usr/lib/python3/dist-packages/colcon_core/task/__init__.py", line 93, in __call__\n    return await task_method(*args, **kwargs)\n  File "/usr/lib/python3/dist-packages/colcon_ros/task/ament_python/build.py", line 51, in build\n    setup_py_data = get_setup_data(self.context.pkg, env)\n  File "/usr/lib/python3/dist-packages/colcon_core/task/python/__init__.py", line 20, in get_setup_data\n    return dict(pkg.metadata[key](env))\n  File "/usr/lib/python3/dist-packages/colcon_ros/package_augmentation/ros_ament_python.py", line 57, in getter\n    return get_setup_information(\n  File "/usr/lib/python3/dist-packages/colcon_python_setup_py/package_identification/python_setup_py.py", line 249, in get_setup_information\n    _setup_information_cache[hashable_env] = _get_setup_information(\n  File "/usr/lib/python3/dist-packages/colcon_python_setup_py/package_identification/python_setup_py.py", line 296, in _get_setup_information\n    result = subprocess.run(\n  File "/usr/lib/python3.10/subprocess.py", line 526, in run\n    raise CalledProcessError(retcode, process.args,\nsubprocess.CalledProcessError: Command \'[\'/usr/bin/python3\', \'-c\', \'import sys;from contextlib import suppress;exec("with suppress(ImportError):    from setuptools.extern.packaging.specifiers    import SpecifierSet");exec("with suppress(ImportError):    from packaging.specifiers import SpecifierSet");from distutils.core import run_setup;dist = run_setup(    \\\'setup.py\\\', script_args=(\\\'--dry-run\\\',), stop_after=\\\'config\\\');skip_keys = (\\\'cmdclass\\\', \\\'distclass\\\', \\\'ext_modules\\\', \\\'metadata\\\');data = {    key: value for key, value in dist.__dict__.items()     if (        not key.startswith(\\\'_\\\') and         not callable(value) and         key not in skip_keys and         key not in dist.display_option_names    )};data[\\\'metadata\\\'] = {    k: v for k, v in dist.metadata.__dict__.items()     if k not in (\\\'license_files\\\', \\\'provides_extras\\\')};sys.stdout.buffer.write(repr(data).encode(\\\'utf-8\\\'))\']\' returned non-zero exit status 1.\n'}
[3.886536] (serial_interface) JobEnded: {'identifier': 'serial_interface', 'rc': 1}
[3.889707] (actionneurs) JobEnded: {'identifier': 'actionneurs', 'rc': 'SIGINT'}
[3.891568] (maze_solver) JobEnded: {'identifier': 'maze_solver', 'rc': 'SIGINT'}
[3.896248] (-) EventReactorShutdown: {}
