[0.865s] DEBUG:colcon:Command line arguments: ['/usr/bin/colcon', 'build']
[0.866s] DEBUG:colcon:Parsed command line arguments: Namespace(log_base=None, log_level=None, verb_name='build', build_base='build', install_base='install', merge_install=False, symlink_install=False, test_result_base=None, continue_on_error=False, executor='parallel', parallel_workers=4, event_handlers=None, ignore_user_meta=False, metas=['./colcon.meta'], base_paths=['.'], packages_ignore=None, packages_ignore_regex=None, paths=None, packages_up_to=None, packages_up_to_regex=None, packages_above=None, packages_above_and_dependencies=None, packages_above_depth=None, packages_select_by_dep=None, packages_skip_by_dep=None, packages_skip_up_to=None, packages_select_build_failed=False, packages_skip_build_finished=False, packages_select_test_failures=False, packages_skip_test_passed=False, packages_select=None, packages_skip=None, packages_select_regex=None, packages_skip_regex=None, packages_start=None, packages_end=None, allow_overriding=[], cmake_args=None, cmake_target=None, cmake_target_skip_unavailable=False, cmake_clean_cache=False, cmake_clean_first=False, cmake_force_configure=False, ament_cmake_args=None, catkin_cmake_args=None, catkin_skip_building_tests=False, verb_parser=<colcon_defaults.argument_parser.defaults.DefaultArgumentsDecorator object at 0xffffb53f7ee0>, verb_extension=<colcon_core.verb.build.BuildVerb object at 0xffffb55d1300>, main=<bound method BuildVerb.main of <colcon_core.verb.build.BuildVerb object at 0xffffb55d1300>>)
[1.888s] Level 1:colcon.colcon_core.package_discovery:discover_packages(colcon_meta) check parameters
[1.889s] Level 1:colcon.colcon_core.package_discovery:discover_packages(recursive) check parameters
[1.889s] Level 1:colcon.colcon_core.package_discovery:discover_packages(ignore) check parameters
[1.889s] Level 1:colcon.colcon_core.package_discovery:discover_packages(path) check parameters
[1.889s] Level 1:colcon.colcon_core.package_discovery:discover_packages(colcon_meta) discover
[1.890s] Level 1:colcon.colcon_core.package_discovery:discover_packages(recursive) discover
[1.890s] INFO:colcon.colcon_core.package_discovery:Crawling recursively for packages in '/home/rpi/ros2_ws'
[1.890s] Level 1:colcon.colcon_core.package_identification:_identify(.) by extensions ['ignore', 'ignore_ament_install']
[1.891s] Level 1:colcon.colcon_core.package_identification:_identify(.) by extension 'ignore'
[1.891s] Level 1:colcon.colcon_core.package_identification:_identify(.) by extension 'ignore_ament_install'
[1.891s] Level 1:colcon.colcon_core.package_identification:_identify(.) by extensions ['colcon_pkg']
[1.891s] Level 1:colcon.colcon_core.package_identification:_identify(.) by extension 'colcon_pkg'
[1.892s] Level 1:colcon.colcon_core.package_identification:_identify(.) by extensions ['colcon_meta']
[1.892s] Level 1:colcon.colcon_core.package_identification:_identify(.) by extension 'colcon_meta'
[1.892s] Level 1:colcon.colcon_core.package_identification:_identify(.) by extensions ['ros']
[1.892s] Level 1:colcon.colcon_core.package_identification:_identify(.) by extension 'ros'
[1.939s] Level 1:colcon.colcon_core.package_identification:_identify(.) by extensions ['cmake', 'python']
[1.940s] Level 1:colcon.colcon_core.package_identification:_identify(.) by extension 'cmake'
[1.940s] Level 1:colcon.colcon_core.package_identification:_identify(.) by extension 'python'
[1.940s] Level 1:colcon.colcon_core.package_identification:_identify(.) by extensions ['python_setup_py']
[1.940s] Level 1:colcon.colcon_core.package_identification:_identify(.) by extension 'python_setup_py'
[1.941s] Level 1:colcon.colcon_core.package_identification:_identify(build) by extensions ['ignore', 'ignore_ament_install']
[1.941s] Level 1:colcon.colcon_core.package_identification:_identify(build) by extension 'ignore'
[1.941s] Level 1:colcon.colcon_core.package_identification:_identify(build) ignored
[1.942s] Level 1:colcon.colcon_core.package_identification:_identify(install) by extensions ['ignore', 'ignore_ament_install']
[1.942s] Level 1:colcon.colcon_core.package_identification:_identify(install) by extension 'ignore'
[1.942s] Level 1:colcon.colcon_core.package_identification:_identify(install) ignored
[1.943s] Level 1:colcon.colcon_core.package_identification:_identify(log) by extensions ['ignore', 'ignore_ament_install']
[1.943s] Level 1:colcon.colcon_core.package_identification:_identify(log) by extension 'ignore'
[1.943s] Level 1:colcon.colcon_core.package_identification:_identify(log) ignored
[1.944s] Level 1:colcon.colcon_core.package_identification:_identify(src) by extensions ['ignore', 'ignore_ament_install']
[1.944s] Level 1:colcon.colcon_core.package_identification:_identify(src) by extension 'ignore'
[1.944s] Level 1:colcon.colcon_core.package_identification:_identify(src) by extension 'ignore_ament_install'
[1.945s] Level 1:colcon.colcon_core.package_identification:_identify(src) by extensions ['colcon_pkg']
[1.945s] Level 1:colcon.colcon_core.package_identification:_identify(src) by extension 'colcon_pkg'
[1.945s] Level 1:colcon.colcon_core.package_identification:_identify(src) by extensions ['colcon_meta']
[1.945s] Level 1:colcon.colcon_core.package_identification:_identify(src) by extension 'colcon_meta'
[1.945s] Level 1:colcon.colcon_core.package_identification:_identify(src) by extensions ['ros']
[1.945s] Level 1:colcon.colcon_core.package_identification:_identify(src) by extension 'ros'
[1.946s] Level 1:colcon.colcon_core.package_identification:_identify(src) by extensions ['cmake', 'python']
[1.946s] Level 1:colcon.colcon_core.package_identification:_identify(src) by extension 'cmake'
[1.946s] Level 1:colcon.colcon_core.package_identification:_identify(src) by extension 'python'
[1.946s] Level 1:colcon.colcon_core.package_identification:_identify(src) by extensions ['python_setup_py']
[1.946s] Level 1:colcon.colcon_core.package_identification:_identify(src) by extension 'python_setup_py'
[1.947s] Level 1:colcon.colcon_core.package_identification:_identify(src/actionneurs) by extensions ['ignore', 'ignore_ament_install']
[1.947s] Level 1:colcon.colcon_core.package_identification:_identify(src/actionneurs) by extension 'ignore'
[1.947s] Level 1:colcon.colcon_core.package_identification:_identify(src/actionneurs) by extension 'ignore_ament_install'
[1.947s] Level 1:colcon.colcon_core.package_identification:_identify(src/actionneurs) by extensions ['colcon_pkg']
[1.947s] Level 1:colcon.colcon_core.package_identification:_identify(src/actionneurs) by extension 'colcon_pkg'
[1.948s] Level 1:colcon.colcon_core.package_identification:_identify(src/actionneurs) by extensions ['colcon_meta']
[1.948s] Level 1:colcon.colcon_core.package_identification:_identify(src/actionneurs) by extension 'colcon_meta'
[1.948s] Level 1:colcon.colcon_core.package_identification:_identify(src/actionneurs) by extensions ['ros']
[1.948s] Level 1:colcon.colcon_core.package_identification:_identify(src/actionneurs) by extension 'ros'
[1.961s] DEBUG:colcon.colcon_core.package_identification:Package 'src/actionneurs' with type 'ros.ament_python' and name 'actionneurs'
[1.962s] Level 1:colcon.colcon_core.package_identification:_identify(src/maze_solver) by extensions ['ignore', 'ignore_ament_install']
[1.962s] Level 1:colcon.colcon_core.package_identification:_identify(src/maze_solver) by extension 'ignore'
[1.962s] Level 1:colcon.colcon_core.package_identification:_identify(src/maze_solver) by extension 'ignore_ament_install'
[1.963s] Level 1:colcon.colcon_core.package_identification:_identify(src/maze_solver) by extensions ['colcon_pkg']
[1.963s] Level 1:colcon.colcon_core.package_identification:_identify(src/maze_solver) by extension 'colcon_pkg'
[1.963s] Level 1:colcon.colcon_core.package_identification:_identify(src/maze_solver) by extensions ['colcon_meta']
[1.963s] Level 1:colcon.colcon_core.package_identification:_identify(src/maze_solver) by extension 'colcon_meta'
[1.963s] Level 1:colcon.colcon_core.package_identification:_identify(src/maze_solver) by extensions ['ros']
[1.964s] Level 1:colcon.colcon_core.package_identification:_identify(src/maze_solver) by extension 'ros'
[1.966s] DEBUG:colcon.colcon_core.package_identification:Package 'src/maze_solver' with type 'ros.ament_python' and name 'maze_solver'
[1.967s] Level 1:colcon.colcon_core.package_identification:_identify(src/serial_interface) by extensions ['ignore', 'ignore_ament_install']
[1.967s] Level 1:colcon.colcon_core.package_identification:_identify(src/serial_interface) by extension 'ignore'
[1.967s] Level 1:colcon.colcon_core.package_identification:_identify(src/serial_interface) by extension 'ignore_ament_install'
[1.968s] Level 1:colcon.colcon_core.package_identification:_identify(src/serial_interface) by extensions ['colcon_pkg']
[1.968s] Level 1:colcon.colcon_core.package_identification:_identify(src/serial_interface) by extension 'colcon_pkg'
[1.968s] Level 1:colcon.colcon_core.package_identification:_identify(src/serial_interface) by extensions ['colcon_meta']
[1.968s] Level 1:colcon.colcon_core.package_identification:_identify(src/serial_interface) by extension 'colcon_meta'
[1.968s] Level 1:colcon.colcon_core.package_identification:_identify(src/serial_interface) by extensions ['ros']
[1.969s] Level 1:colcon.colcon_core.package_identification:_identify(src/serial_interface) by extension 'ros'
[1.972s] DEBUG:colcon.colcon_core.package_identification:Package 'src/serial_interface' with type 'ros.ament_python' and name 'serial_interface'
[1.972s] Level 1:colcon.colcon_core.package_discovery:discover_packages(recursive) using defaults
[1.973s] Level 1:colcon.colcon_core.package_discovery:discover_packages(ignore) discover
[1.973s] Level 1:colcon.colcon_core.package_discovery:discover_packages(ignore) using defaults
[1.973s] Level 1:colcon.colcon_core.package_discovery:discover_packages(path) discover
[1.973s] Level 1:colcon.colcon_core.package_discovery:discover_packages(path) using defaults
[2.112s] Level 1:colcon.colcon_core.package_discovery:discover_packages(prefix_path) check parameters
[2.112s] Level 1:colcon.colcon_core.package_discovery:discover_packages(prefix_path) discover
[2.127s] DEBUG:colcon.colcon_installed_package_information.package_discovery:Found 2 installed packages in /home/rpi/ros2_ws/install
[2.138s] DEBUG:colcon.colcon_installed_package_information.package_discovery:Found 279 installed packages in /opt/ros/humble
[2.144s] Level 1:colcon.colcon_core.package_discovery:discover_packages(prefix_path) using defaults
[2.314s] Level 5:colcon.colcon_core.verb:set package 'actionneurs' build argument 'cmake_args' from command line to 'None'
[2.314s] Level 5:colcon.colcon_core.verb:set package 'actionneurs' build argument 'cmake_target' from command line to 'None'
[2.314s] Level 5:colcon.colcon_core.verb:set package 'actionneurs' build argument 'cmake_target_skip_unavailable' from command line to 'False'
[2.314s] Level 5:colcon.colcon_core.verb:set package 'actionneurs' build argument 'cmake_clean_cache' from command line to 'False'
[2.314s] Level 5:colcon.colcon_core.verb:set package 'actionneurs' build argument 'cmake_clean_first' from command line to 'False'
[2.314s] Level 5:colcon.colcon_core.verb:set package 'actionneurs' build argument 'cmake_force_configure' from command line to 'False'
[2.315s] Level 5:colcon.colcon_core.verb:set package 'actionneurs' build argument 'ament_cmake_args' from command line to 'None'
[2.315s] Level 5:colcon.colcon_core.verb:set package 'actionneurs' build argument 'catkin_cmake_args' from command line to 'None'
[2.315s] Level 5:colcon.colcon_core.verb:set package 'actionneurs' build argument 'catkin_skip_building_tests' from command line to 'False'
[2.315s] DEBUG:colcon.colcon_core.verb:Building package 'actionneurs' with the following arguments: {'ament_cmake_args': None, 'build_base': '/home/rpi/ros2_ws/build/actionneurs', 'catkin_cmake_args': None, 'catkin_skip_building_tests': False, 'cmake_args': None, 'cmake_clean_cache': False, 'cmake_clean_first': False, 'cmake_force_configure': False, 'cmake_target': None, 'cmake_target_skip_unavailable': False, 'install_base': '/home/rpi/ros2_ws/install/actionneurs', 'merge_install': False, 'path': '/home/rpi/ros2_ws/src/actionneurs', 'symlink_install': False, 'test_result_base': None}
[2.317s] Level 5:colcon.colcon_core.verb:set package 'maze_solver' build argument 'cmake_args' from command line to 'None'
[2.317s] Level 5:colcon.colcon_core.verb:set package 'maze_solver' build argument 'cmake_target' from command line to 'None'
[2.317s] Level 5:colcon.colcon_core.verb:set package 'maze_solver' build argument 'cmake_target_skip_unavailable' from command line to 'False'
[2.317s] Level 5:colcon.colcon_core.verb:set package 'maze_solver' build argument 'cmake_clean_cache' from command line to 'False'
[2.317s] Level 5:colcon.colcon_core.verb:set package 'maze_solver' build argument 'cmake_clean_first' from command line to 'False'
[2.317s] Level 5:colcon.colcon_core.verb:set package 'maze_solver' build argument 'cmake_force_configure' from command line to 'False'
[2.317s] Level 5:colcon.colcon_core.verb:set package 'maze_solver' build argument 'ament_cmake_args' from command line to 'None'
[2.317s] Level 5:colcon.colcon_core.verb:set package 'maze_solver' build argument 'catkin_cmake_args' from command line to 'None'
[2.317s] Level 5:colcon.colcon_core.verb:set package 'maze_solver' build argument 'catkin_skip_building_tests' from command line to 'False'
[2.318s] DEBUG:colcon.colcon_core.verb:Building package 'maze_solver' with the following arguments: {'ament_cmake_args': None, 'build_base': '/home/rpi/ros2_ws/build/maze_solver', 'catkin_cmake_args': None, 'catkin_skip_building_tests': False, 'cmake_args': None, 'cmake_clean_cache': False, 'cmake_clean_first': False, 'cmake_force_configure': False, 'cmake_target': None, 'cmake_target_skip_unavailable': False, 'install_base': '/home/rpi/ros2_ws/install/maze_solver', 'merge_install': False, 'path': '/home/rpi/ros2_ws/src/maze_solver', 'symlink_install': False, 'test_result_base': None}
[2.319s] Level 5:colcon.colcon_core.verb:set package 'serial_interface' build argument 'cmake_args' from command line to 'None'
[2.319s] Level 5:colcon.colcon_core.verb:set package 'serial_interface' build argument 'cmake_target' from command line to 'None'
[2.319s] Level 5:colcon.colcon_core.verb:set package 'serial_interface' build argument 'cmake_target_skip_unavailable' from command line to 'False'
[2.319s] Level 5:colcon.colcon_core.verb:set package 'serial_interface' build argument 'cmake_clean_cache' from command line to 'False'
[2.319s] Level 5:colcon.colcon_core.verb:set package 'serial_interface' build argument 'cmake_clean_first' from command line to 'False'
[2.319s] Level 5:colcon.colcon_core.verb:set package 'serial_interface' build argument 'cmake_force_configure' from command line to 'False'
[2.320s] Level 5:colcon.colcon_core.verb:set package 'serial_interface' build argument 'ament_cmake_args' from command line to 'None'
[2.320s] Level 5:colcon.colcon_core.verb:set package 'serial_interface' build argument 'catkin_cmake_args' from command line to 'None'
[2.320s] Level 5:colcon.colcon_core.verb:set package 'serial_interface' build argument 'catkin_skip_building_tests' from command line to 'False'
[2.320s] DEBUG:colcon.colcon_core.verb:Building package 'serial_interface' with the following arguments: {'ament_cmake_args': None, 'build_base': '/home/rpi/ros2_ws/build/serial_interface', 'catkin_cmake_args': None, 'catkin_skip_building_tests': False, 'cmake_args': None, 'cmake_clean_cache': False, 'cmake_clean_first': False, 'cmake_force_configure': False, 'cmake_target': None, 'cmake_target_skip_unavailable': False, 'install_base': '/home/rpi/ros2_ws/install/serial_interface', 'merge_install': False, 'path': '/home/rpi/ros2_ws/src/serial_interface', 'symlink_install': False, 'test_result_base': None}
[2.320s] INFO:colcon.colcon_core.executor:Executing jobs using 'parallel' executor
[2.324s] DEBUG:colcon.colcon_parallel_executor.executor.parallel:run_until_complete
[2.325s] INFO:colcon.colcon_ros.task.ament_python.build:Building ROS package in '/home/rpi/ros2_ws/src/actionneurs' with build type 'ament_python'
[2.325s] Level 1:colcon.colcon_core.shell:create_environment_hook('actionneurs', 'ament_prefix_path')
[2.346s] INFO:colcon.colcon_core.plugin_system:Skipping extension 'colcon_core.shell.bat': Not used on non-Windows systems
[2.347s] INFO:colcon.colcon_core.shell:Creating environment hook '/home/rpi/ros2_ws/install/actionneurs/share/actionneurs/hook/ament_prefix_path.ps1'
[2.352s] INFO:colcon.colcon_core.shell:Creating environment descriptor '/home/rpi/ros2_ws/install/actionneurs/share/actionneurs/hook/ament_prefix_path.dsv'
[2.378s] INFO:colcon.colcon_core.shell:Creating environment hook '/home/rpi/ros2_ws/install/actionneurs/share/actionneurs/hook/ament_prefix_path.sh'
[2.396s] INFO:colcon.colcon_core.shell:Skip shell extension 'powershell' for command environment: Not usable outside of PowerShell
[2.397s] DEBUG:colcon.colcon_core.shell:Skip shell extension 'dsv' for command environment
[2.422s] INFO:colcon.colcon_ros.task.ament_python.build:Building ROS package in '/home/rpi/ros2_ws/src/maze_solver' with build type 'ament_python'
[2.423s] Level 1:colcon.colcon_core.shell:create_environment_hook('maze_solver', 'ament_prefix_path')
[2.424s] INFO:colcon.colcon_core.shell:Creating environment hook '/home/rpi/ros2_ws/install/maze_solver/share/maze_solver/hook/ament_prefix_path.ps1'
[2.427s] INFO:colcon.colcon_core.shell:Creating environment descriptor '/home/rpi/ros2_ws/install/maze_solver/share/maze_solver/hook/ament_prefix_path.dsv'
[2.429s] INFO:colcon.colcon_core.shell:Creating environment hook '/home/rpi/ros2_ws/install/maze_solver/share/maze_solver/hook/ament_prefix_path.sh'
[2.431s] INFO:colcon.colcon_core.shell:Skip shell extension 'powershell' for command environment: Not usable outside of PowerShell
[2.432s] DEBUG:colcon.colcon_core.shell:Skip shell extension 'dsv' for command environment
[2.449s] INFO:colcon.colcon_ros.task.ament_python.build:Building ROS package in '/home/rpi/ros2_ws/src/serial_interface' with build type 'ament_python'
[2.450s] Level 1:colcon.colcon_core.shell:create_environment_hook('serial_interface', 'ament_prefix_path')
[2.451s] INFO:colcon.colcon_core.shell:Creating environment hook '/home/rpi/ros2_ws/install/serial_interface/share/serial_interface/hook/ament_prefix_path.ps1'
[2.454s] INFO:colcon.colcon_core.shell:Creating environment descriptor '/home/rpi/ros2_ws/install/serial_interface/share/serial_interface/hook/ament_prefix_path.dsv'
[2.456s] INFO:colcon.colcon_core.shell:Creating environment hook '/home/rpi/ros2_ws/install/serial_interface/share/serial_interface/hook/ament_prefix_path.sh'
[2.459s] INFO:colcon.colcon_core.shell:Skip shell extension 'powershell' for command environment: Not usable outside of PowerShell
[2.460s] DEBUG:colcon.colcon_core.shell:Skip shell extension 'dsv' for command environment
[3.680s] INFO:colcon.colcon_core.task.python.build:Building Python package in '/home/rpi/ros2_ws/src/actionneurs'
[3.681s] INFO:colcon.colcon_core.shell:Skip shell extension 'powershell' for command environment: Not usable outside of PowerShell
[3.681s] DEBUG:colcon.colcon_core.shell:Skip shell extension 'dsv' for command environment
[4.868s] INFO:colcon.colcon_core.task.python.build:Building Python package in '/home/rpi/ros2_ws/src/maze_solver'
[4.869s] INFO:colcon.colcon_core.shell:Skip shell extension 'powershell' for command environment: Not usable outside of PowerShell
[4.869s] DEBUG:colcon.colcon_core.shell:Skip shell extension 'dsv' for command environment
[6.218s] DEBUG:colcon.colcon_parallel_executor.executor.parallel:closing loop
[6.219s] DEBUG:colcon.colcon_parallel_executor.executor.parallel:loop closed
[6.219s] DEBUG:colcon.colcon_parallel_executor.executor.parallel:run_until_complete finished with 'Command '['/usr/bin/python3', '-c', 'import sys;from contextlib import suppress;exec("with suppress(ImportError):    from setuptools.extern.packaging.specifiers    import SpecifierSet");exec("with suppress(ImportError):    from packaging.specifiers import SpecifierSet");from distutils.core import run_setup;dist = run_setup(    \'setup.py\', script_args=(\'--dry-run\',), stop_after=\'config\');skip_keys = (\'cmdclass\', \'distclass\', \'ext_modules\', \'metadata\');data = {    key: value for key, value in dist.__dict__.items()     if (        not key.startswith(\'_\') and         not callable(value) and         key not in skip_keys and         key not in dist.display_option_names    )};data[\'metadata\'] = {    k: v for k, v in dist.metadata.__dict__.items()     if k not in (\'license_files\', \'provides_extras\')};sys.stdout.buffer.write(repr(data).encode(\'utf-8\'))']' returned non-zero exit status 1.'
[6.219s] DEBUG:colcon.colcon_core.event_reactor:joining thread
[6.251s] INFO:colcon.colcon_core.plugin_system:Skipping extension 'colcon_notification.desktop_notification.terminal_notifier': Not used on non-Darwin systems
[6.252s] INFO:colcon.colcon_core.plugin_system:Skipping extension 'colcon_notification.desktop_notification.win32': Not used on non-Windows systems
[6.252s] INFO:colcon.colcon_notification.desktop_notification:Sending desktop notification using 'notify2'
[6.313s] DEBUG:colcon.colcon_core.event_reactor:joined thread
[6.314s] INFO:colcon.colcon_core.shell:Creating prefix script '/home/rpi/ros2_ws/install/local_setup.ps1'
[6.318s] INFO:colcon.colcon_core.shell:Creating prefix util module '/home/rpi/ros2_ws/install/_local_setup_util_ps1.py'
[6.327s] INFO:colcon.colcon_core.shell:Creating prefix chain script '/home/rpi/ros2_ws/install/setup.ps1'
[6.333s] INFO:colcon.colcon_core.shell:Creating prefix script '/home/rpi/ros2_ws/install/local_setup.sh'
[6.337s] INFO:colcon.colcon_core.shell:Creating prefix util module '/home/rpi/ros2_ws/install/_local_setup_util_sh.py'
[6.341s] INFO:colcon.colcon_core.shell:Creating prefix chain script '/home/rpi/ros2_ws/install/setup.sh'
[6.346s] INFO:colcon.colcon_core.shell:Creating prefix script '/home/rpi/ros2_ws/install/local_setup.bash'
[6.351s] INFO:colcon.colcon_core.shell:Creating prefix chain script '/home/rpi/ros2_ws/install/setup.bash'
[6.356s] INFO:colcon.colcon_core.shell:Creating prefix script '/home/rpi/ros2_ws/install/local_setup.zsh'
[6.361s] INFO:colcon.colcon_core.shell:Creating prefix chain script '/home/rpi/ros2_ws/install/setup.zsh'
