running egg_info
creating build/serial_interface/serial_interface.egg-info
writing build/serial_interface/serial_interface.egg-info/PKG-INFO
writing dependency_links to build/serial_interface/serial_interface.egg-info/dependency_links.txt
writing entry points to build/serial_interface/serial_interface.egg-info/entry_points.txt
writing requirements to build/serial_interface/serial_interface.egg-info/requires.txt
writing top-level names to build/serial_interface/serial_interface.egg-info/top_level.txt
writing manifest file 'build/serial_interface/serial_interface.egg-info/SOURCES.txt'
reading manifest file 'build/serial_interface/serial_interface.egg-info/SOURCES.txt'
writing manifest file 'build/serial_interface/serial_interface.egg-info/SOURCES.txt'
running build
running build_py
creating /home/rpi/ros2_ws/src/serial_interface/build/serial_interface/build
creating /home/rpi/ros2_ws/src/serial_interface/build/serial_interface/build/lib
creating /home/rpi/ros2_ws/src/serial_interface/build/serial_interface/build/lib/serial_interface
copying serial_interface/led_control_node.py -> /home/rpi/ros2_ws/src/serial_interface/build/serial_interface/build/lib/serial_interface
copying serial_interface/__init__.py -> /home/rpi/ros2_ws/src/serial_interface/build/serial_interface/build/lib/serial_interface
copying serial_interface/webcam_node.py -> /home/rpi/ros2_ws/src/serial_interface/build/serial_interface/build/lib/serial_interface
copying serial_interface/ultrasonic_node.py -> /home/rpi/ros2_ws/src/serial_interface/build/serial_interface/build/lib/serial_interface
copying serial_interface/decision_maker.py -> /home/rpi/ros2_ws/src/serial_interface/build/serial_interface/build/lib/serial_interface
copying serial_interface/serial_node.py -> /home/rpi/ros2_ws/src/serial_interface/build/serial_interface/build/lib/serial_interface
copying serial_interface/motor_driver.py -> /home/rpi/ros2_ws/src/serial_interface/build/serial_interface/build/lib/serial_interface
running install
running install_lib
creating /home/rpi/ros2_ws/src/serial_interface/install/serial_interface/lib/python3.10/site-packages/serial_interface
copying /home/rpi/ros2_ws/src/serial_interface/build/serial_interface/build/lib/serial_interface/led_control_node.py -> /home/rpi/ros2_ws/src/serial_interface/install/serial_interface/lib/python3.10/site-packages/serial_interface
copying /home/rpi/ros2_ws/src/serial_interface/build/serial_interface/build/lib/serial_interface/__init__.py -> /home/rpi/ros2_ws/src/serial_interface/install/serial_interface/lib/python3.10/site-packages/serial_interface
copying /home/rpi/ros2_ws/src/serial_interface/build/serial_interface/build/lib/serial_interface/webcam_node.py -> /home/rpi/ros2_ws/src/serial_interface/install/serial_interface/lib/python3.10/site-packages/serial_interface
copying /home/rpi/ros2_ws/src/serial_interface/build/serial_interface/build/lib/serial_interface/ultrasonic_node.py -> /home/rpi/ros2_ws/src/serial_interface/install/serial_interface/lib/python3.10/site-packages/serial_interface
copying /home/rpi/ros2_ws/src/serial_interface/build/serial_interface/build/lib/serial_interface/decision_maker.py -> /home/rpi/ros2_ws/src/serial_interface/install/serial_interface/lib/python3.10/site-packages/serial_interface
copying /home/rpi/ros2_ws/src/serial_interface/build/serial_interface/build/lib/serial_interface/serial_node.py -> /home/rpi/ros2_ws/src/serial_interface/install/serial_interface/lib/python3.10/site-packages/serial_interface
copying /home/rpi/ros2_ws/src/serial_interface/build/serial_interface/build/lib/serial_interface/motor_driver.py -> /home/rpi/ros2_ws/src/serial_interface/install/serial_interface/lib/python3.10/site-packages/serial_interface
byte-compiling /home/rpi/ros2_ws/src/serial_interface/install/serial_interface/lib/python3.10/site-packages/serial_interface/led_control_node.py to led_control_node.cpython-310.pyc
byte-compiling /home/rpi/ros2_ws/src/serial_interface/install/serial_interface/lib/python3.10/site-packages/serial_interface/__init__.py to __init__.cpython-310.pyc
byte-compiling /home/rpi/ros2_ws/src/serial_interface/install/serial_interface/lib/python3.10/site-packages/serial_interface/webcam_node.py to webcam_node.cpython-310.pyc
byte-compiling /home/rpi/ros2_ws/src/serial_interface/install/serial_interface/lib/python3.10/site-packages/serial_interface/ultrasonic_node.py to ultrasonic_node.cpython-310.pyc
byte-compiling /home/rpi/ros2_ws/src/serial_interface/install/serial_interface/lib/python3.10/site-packages/serial_interface/decision_maker.py to decision_maker.cpython-310.pyc
byte-compiling /home/rpi/ros2_ws/src/serial_interface/install/serial_interface/lib/python3.10/site-packages/serial_interface/serial_node.py to serial_node.cpython-310.pyc
byte-compiling /home/rpi/ros2_ws/src/serial_interface/install/serial_interface/lib/python3.10/site-packages/serial_interface/motor_driver.py to motor_driver.cpython-310.pyc
running install_data
creating /home/rpi/ros2_ws/src/serial_interface/install/serial_interface/share/ament_index
creating /home/rpi/ros2_ws/src/serial_interface/install/serial_interface/share/ament_index/resource_index
creating /home/rpi/ros2_ws/src/serial_interface/install/serial_interface/share/ament_index/resource_index/packages
copying resource/serial_interface -> /home/rpi/ros2_ws/src/serial_interface/install/serial_interface/share/ament_index/resource_index/packages
copying package.xml -> /home/rpi/ros2_ws/src/serial_interface/install/serial_interface/share/serial_interface
running install_egg_info
Copying build/serial_interface/serial_interface.egg-info to /home/rpi/ros2_ws/src/serial_interface/install/serial_interface/lib/python3.10/site-packages/serial_interface-0.0.0-py3.10.egg-info
running install_scripts
Installing led_control_node script to /home/rpi/ros2_ws/src/serial_interface/install/serial_interface/lib/serial_interface
Installing motor_driver script to /home/rpi/ros2_ws/src/serial_interface/install/serial_interface/lib/serial_interface
Installing motor_driver_node script to /home/rpi/ros2_ws/src/serial_interface/install/serial_interface/lib/serial_interface
Installing serial_node script to /home/rpi/ros2_ws/src/serial_interface/install/serial_interface/lib/serial_interface
Installing ultrasonic_node script to /home/rpi/ros2_ws/src/serial_interface/install/serial_interface/lib/serial_interface
Installing webcam_node script to /home/rpi/ros2_ws/src/serial_interface/install/serial_interface/lib/serial_interface
writing list of installed files to '/home/rpi/ros2_ws/src/serial_interface/build/serial_interface/install.log'
