[3.374s] Invoking command in '/home/rpi/ros2_ws/src/serial_interface': PYTHONPATH=/home/rpi/ros2_ws/src/serial_interface/build/serial_interface/prefix_override:/usr/lib/python3/dist-packages/colcon_core/task/python/colcon_distutils_commands:/home/rpi/ros2_ws/src/serial_interface/install/serial_interface/lib/python3.10/site-packages:${PYTHONPATH} /usr/bin/python3 -W ignore:setup.py install is deprecated -W ignore:easy_install command is deprecated setup.py egg_info --egg-base build/serial_interface build --build-base /home/rpi/ros2_ws/src/serial_interface/build/serial_interface/build install --record /home/rpi/ros2_ws/src/serial_interface/build/serial_interface/install.log --single-version-externally-managed install_data
[4.501s] running egg_info
[4.503s] creating build/serial_interface/serial_interface.egg-info
[4.503s] writing build/serial_interface/serial_interface.egg-info/PKG-INFO
[4.504s] writing dependency_links to build/serial_interface/serial_interface.egg-info/dependency_links.txt
[4.505s] writing entry points to build/serial_interface/serial_interface.egg-info/entry_points.txt
[4.506s] writing requirements to build/serial_interface/serial_interface.egg-info/requires.txt
[4.506s] writing top-level names to build/serial_interface/serial_interface.egg-info/top_level.txt
[4.507s] writing manifest file 'build/serial_interface/serial_interface.egg-info/SOURCES.txt'
[4.514s] reading manifest file 'build/serial_interface/serial_interface.egg-info/SOURCES.txt'
[4.518s] writing manifest file 'build/serial_interface/serial_interface.egg-info/SOURCES.txt'
[4.518s] running build
[4.519s] running build_py
[4.519s] creating /home/rpi/ros2_ws/src/serial_interface/build/serial_interface/build
[4.520s] creating /home/rpi/ros2_ws/src/serial_interface/build/serial_interface/build/lib
[4.520s] creating /home/rpi/ros2_ws/src/serial_interface/build/serial_interface/build/lib/serial_interface
[4.521s] copying serial_interface/led_control_node.py -> /home/rpi/ros2_ws/src/serial_interface/build/serial_interface/build/lib/serial_interface
[4.522s] copying serial_interface/__init__.py -> /home/rpi/ros2_ws/src/serial_interface/build/serial_interface/build/lib/serial_interface
[4.523s] copying serial_interface/webcam_node.py -> /home/rpi/ros2_ws/src/serial_interface/build/serial_interface/build/lib/serial_interface
[4.525s] copying serial_interface/ultrasonic_node.py -> /home/rpi/ros2_ws/src/serial_interface/build/serial_interface/build/lib/serial_interface
[4.526s] copying serial_interface/decision_maker.py -> /home/rpi/ros2_ws/src/serial_interface/build/serial_interface/build/lib/serial_interface
[4.527s] copying serial_interface/serial_node.py -> /home/rpi/ros2_ws/src/serial_interface/build/serial_interface/build/lib/serial_interface
[4.528s] copying serial_interface/motor_driver.py -> /home/rpi/ros2_ws/src/serial_interface/build/serial_interface/build/lib/serial_interface
[4.530s] running install
[4.531s] running install_lib
[4.539s] creating /home/rpi/ros2_ws/src/serial_interface/install/serial_interface/lib/python3.10/site-packages/serial_interface
[4.540s] copying /home/rpi/ros2_ws/src/serial_interface/build/serial_interface/build/lib/serial_interface/led_control_node.py -> /home/rpi/ros2_ws/src/serial_interface/install/serial_interface/lib/python3.10/site-packages/serial_interface
[4.540s] copying /home/rpi/ros2_ws/src/serial_interface/build/serial_interface/build/lib/serial_interface/__init__.py -> /home/rpi/ros2_ws/src/serial_interface/install/serial_interface/lib/python3.10/site-packages/serial_interface
[4.541s] copying /home/rpi/ros2_ws/src/serial_interface/build/serial_interface/build/lib/serial_interface/webcam_node.py -> /home/rpi/ros2_ws/src/serial_interface/install/serial_interface/lib/python3.10/site-packages/serial_interface
[4.542s] copying /home/rpi/ros2_ws/src/serial_interface/build/serial_interface/build/lib/serial_interface/ultrasonic_node.py -> /home/rpi/ros2_ws/src/serial_interface/install/serial_interface/lib/python3.10/site-packages/serial_interface
[4.543s] copying /home/rpi/ros2_ws/src/serial_interface/build/serial_interface/build/lib/serial_interface/decision_maker.py -> /home/rpi/ros2_ws/src/serial_interface/install/serial_interface/lib/python3.10/site-packages/serial_interface
[4.544s] copying /home/rpi/ros2_ws/src/serial_interface/build/serial_interface/build/lib/serial_interface/serial_node.py -> /home/rpi/ros2_ws/src/serial_interface/install/serial_interface/lib/python3.10/site-packages/serial_interface
[4.544s] copying /home/rpi/ros2_ws/src/serial_interface/build/serial_interface/build/lib/serial_interface/motor_driver.py -> /home/rpi/ros2_ws/src/serial_interface/install/serial_interface/lib/python3.10/site-packages/serial_interface
[4.547s] byte-compiling /home/rpi/ros2_ws/src/serial_interface/install/serial_interface/lib/python3.10/site-packages/serial_interface/led_control_node.py to led_control_node.cpython-310.pyc
[4.550s] byte-compiling /home/rpi/ros2_ws/src/serial_interface/install/serial_interface/lib/python3.10/site-packages/serial_interface/__init__.py to __init__.cpython-310.pyc
[4.551s] byte-compiling /home/rpi/ros2_ws/src/serial_interface/install/serial_interface/lib/python3.10/site-packages/serial_interface/webcam_node.py to webcam_node.cpython-310.pyc
[4.553s] byte-compiling /home/rpi/ros2_ws/src/serial_interface/install/serial_interface/lib/python3.10/site-packages/serial_interface/ultrasonic_node.py to ultrasonic_node.cpython-310.pyc
[4.555s] byte-compiling /home/rpi/ros2_ws/src/serial_interface/install/serial_interface/lib/python3.10/site-packages/serial_interface/decision_maker.py to decision_maker.cpython-310.pyc
[4.556s] byte-compiling /home/rpi/ros2_ws/src/serial_interface/install/serial_interface/lib/python3.10/site-packages/serial_interface/serial_node.py to serial_node.cpython-310.pyc
[4.558s] byte-compiling /home/rpi/ros2_ws/src/serial_interface/install/serial_interface/lib/python3.10/site-packages/serial_interface/motor_driver.py to motor_driver.cpython-310.pyc
[4.560s] running install_data
[4.561s] creating /home/rpi/ros2_ws/src/serial_interface/install/serial_interface/share/ament_index
[4.561s] creating /home/rpi/ros2_ws/src/serial_interface/install/serial_interface/share/ament_index/resource_index
[4.562s] creating /home/rpi/ros2_ws/src/serial_interface/install/serial_interface/share/ament_index/resource_index/packages
[4.562s] copying resource/serial_interface -> /home/rpi/ros2_ws/src/serial_interface/install/serial_interface/share/ament_index/resource_index/packages
[4.562s] copying package.xml -> /home/rpi/ros2_ws/src/serial_interface/install/serial_interface/share/serial_interface
[4.563s] running install_egg_info
[4.570s] Copying build/serial_interface/serial_interface.egg-info to /home/rpi/ros2_ws/src/serial_interface/install/serial_interface/lib/python3.10/site-packages/serial_interface-0.0.0-py3.10.egg-info
[4.575s] running install_scripts
[4.653s] Installing led_control_node script to /home/rpi/ros2_ws/src/serial_interface/install/serial_interface/lib/serial_interface
[4.654s] Installing motor_driver script to /home/rpi/ros2_ws/src/serial_interface/install/serial_interface/lib/serial_interface
[4.655s] Installing motor_driver_node script to /home/rpi/ros2_ws/src/serial_interface/install/serial_interface/lib/serial_interface
[4.655s] Installing serial_node script to /home/rpi/ros2_ws/src/serial_interface/install/serial_interface/lib/serial_interface
[4.656s] Installing ultrasonic_node script to /home/rpi/ros2_ws/src/serial_interface/install/serial_interface/lib/serial_interface
[4.656s] Installing webcam_node script to /home/rpi/ros2_ws/src/serial_interface/install/serial_interface/lib/serial_interface
[4.658s] writing list of installed files to '/home/rpi/ros2_ws/src/serial_interface/build/serial_interface/install.log'
[4.775s] Invoked command in '/home/rpi/ros2_ws/src/serial_interface' returned '0': PYTHONPATH=/home/rpi/ros2_ws/src/serial_interface/build/serial_interface/prefix_override:/usr/lib/python3/dist-packages/colcon_core/task/python/colcon_distutils_commands:/home/rpi/ros2_ws/src/serial_interface/install/serial_interface/lib/python3.10/site-packages:${PYTHONPATH} /usr/bin/python3 -W ignore:setup.py install is deprecated -W ignore:easy_install command is deprecated setup.py egg_info --egg-base build/serial_interface build --build-base /home/rpi/ros2_ws/src/serial_interface/build/serial_interface/build install --record /home/rpi/ros2_ws/src/serial_interface/build/serial_interface/install.log --single-version-externally-managed install_data
