[6.160s] Invoking command in '/home/rpi/ros2_ws/src/mon_package_nav2_rviz': PYTHONPATH=/home/rpi/ros2_ws/build/mon_package_nav2_rviz/prefix_override:/usr/lib/python3/dist-packages/colcon_core/task/python/colcon_distutils_commands:/home/rpi/ros2_ws/install/mon_package_nav2_rviz/lib/python3.10/site-packages:${PYTHONPATH} /usr/bin/python3 -W ignore:setup.py install is deprecated -W ignore:easy_install command is deprecated setup.py egg_info --egg-base ../../build/mon_package_nav2_rviz build --build-base /home/rpi/ros2_ws/build/mon_package_nav2_rviz/build install --record /home/rpi/ros2_ws/build/mon_package_nav2_rviz/install.log --single-version-externally-managed install_data
[7.681s] running egg_info
[7.684s] writing ../../build/mon_package_nav2_rviz/mon_package_nav2_rviz.egg-info/PKG-INFO
[7.686s] writing dependency_links to ../../build/mon_package_nav2_rviz/mon_package_nav2_rviz.egg-info/dependency_links.txt
[7.687s] writing entry points to ../../build/mon_package_nav2_rviz/mon_package_nav2_rviz.egg-info/entry_points.txt
[7.688s] writing requirements to ../../build/mon_package_nav2_rviz/mon_package_nav2_rviz.egg-info/requires.txt
[7.689s] writing top-level names to ../../build/mon_package_nav2_rviz/mon_package_nav2_rviz.egg-info/top_level.txt
[7.698s] reading manifest file '../../build/mon_package_nav2_rviz/mon_package_nav2_rviz.egg-info/SOURCES.txt'
[7.703s] writing manifest file '../../build/mon_package_nav2_rviz/mon_package_nav2_rviz.egg-info/SOURCES.txt'
[7.704s] running build
[7.705s] running build_py
[7.706s] running install
[7.708s] running install_lib
[7.721s] running install_data
[7.722s] running install_egg_info
[7.731s] removing '/home/rpi/ros2_ws/install/mon_package_nav2_rviz/lib/python3.10/site-packages/mon_package_nav2_rviz-0.0.0-py3.10.egg-info' (and everything under it)
[7.734s] Copying ../../build/mon_package_nav2_rviz/mon_package_nav2_rviz.egg-info to /home/rpi/ros2_ws/install/mon_package_nav2_rviz/lib/python3.10/site-packages/mon_package_nav2_rviz-0.0.0-py3.10.egg-info
[7.743s] running install_scripts
[7.845s] Installing ir_sensor_node script to /home/rpi/ros2_ws/install/mon_package_nav2_rviz/lib/mon_package_nav2_rviz
[7.848s] writing list of installed files to '/home/rpi/ros2_ws/build/mon_package_nav2_rviz/install.log'
[8.084s] Invoked command in '/home/rpi/ros2_ws/src/mon_package_nav2_rviz' returned '0': PYTHONPATH=/home/rpi/ros2_ws/build/mon_package_nav2_rviz/prefix_override:/usr/lib/python3/dist-packages/colcon_core/task/python/colcon_distutils_commands:/home/rpi/ros2_ws/install/mon_package_nav2_rviz/lib/python3.10/site-packages:${PYTHONPATH} /usr/bin/python3 -W ignore:setup.py install is deprecated -W ignore:easy_install command is deprecated setup.py egg_info --egg-base ../../build/mon_package_nav2_rviz build --build-base /home/rpi/ros2_ws/build/mon_package_nav2_rviz/build install --record /home/rpi/ros2_ws/build/mon_package_nav2_rviz/install.log --single-version-externally-managed install_data
