running egg_info
creating ../../build/mon_package_nav2_rviz/mon_package_nav2_rviz.egg-info
writing ../../build/mon_package_nav2_rviz/mon_package_nav2_rviz.egg-info/PKG-INFO
writing dependency_links to ../../build/mon_package_nav2_rviz/mon_package_nav2_rviz.egg-info/dependency_links.txt
writing entry points to ../../build/mon_package_nav2_rviz/mon_package_nav2_rviz.egg-info/entry_points.txt
writing requirements to ../../build/mon_package_nav2_rviz/mon_package_nav2_rviz.egg-info/requires.txt
writing top-level names to ../../build/mon_package_nav2_rviz/mon_package_nav2_rviz.egg-info/top_level.txt
writing manifest file '../../build/mon_package_nav2_rviz/mon_package_nav2_rviz.egg-info/SOURCES.txt'
reading manifest file '../../build/mon_package_nav2_rviz/mon_package_nav2_rviz.egg-info/SOURCES.txt'
writing manifest file '../../build/mon_package_nav2_rviz/mon_package_nav2_rviz.egg-info/SOURCES.txt'
running build
running build_py
creating /home/rpi/ros2_ws/build/mon_package_nav2_rviz/build
creating /home/rpi/ros2_ws/build/mon_package_nav2_rviz/build/lib
creating /home/rpi/ros2_ws/build/mon_package_nav2_rviz/build/lib/mon_package_nav2_rviz
copying mon_package_nav2_rviz/__init__.py -> /home/rpi/ros2_ws/build/mon_package_nav2_rviz/build/lib/mon_package_nav2_rviz
copying mon_package_nav2_rviz/ir_sensor.py -> /home/rpi/ros2_ws/build/mon_package_nav2_rviz/build/lib/mon_package_nav2_rviz
running install
running install_lib
creating /home/rpi/ros2_ws/install/mon_package_nav2_rviz/lib/python3.10/site-packages/mon_package_nav2_rviz
copying /home/rpi/ros2_ws/build/mon_package_nav2_rviz/build/lib/mon_package_nav2_rviz/__init__.py -> /home/rpi/ros2_ws/install/mon_package_nav2_rviz/lib/python3.10/site-packages/mon_package_nav2_rviz
copying /home/rpi/ros2_ws/build/mon_package_nav2_rviz/build/lib/mon_package_nav2_rviz/ir_sensor.py -> /home/rpi/ros2_ws/install/mon_package_nav2_rviz/lib/python3.10/site-packages/mon_package_nav2_rviz
byte-compiling /home/rpi/ros2_ws/install/mon_package_nav2_rviz/lib/python3.10/site-packages/mon_package_nav2_rviz/__init__.py to __init__.cpython-310.pyc
byte-compiling /home/rpi/ros2_ws/install/mon_package_nav2_rviz/lib/python3.10/site-packages/mon_package_nav2_rviz/ir_sensor.py to ir_sensor.cpython-310.pyc
running install_data
creating /home/rpi/ros2_ws/install/mon_package_nav2_rviz/share/ament_index
creating /home/rpi/ros2_ws/install/mon_package_nav2_rviz/share/ament_index/resource_index
creating /home/rpi/ros2_ws/install/mon_package_nav2_rviz/share/ament_index/resource_index/packages
copying resource/mon_package_nav2_rviz -> /home/rpi/ros2_ws/install/mon_package_nav2_rviz/share/ament_index/resource_index/packages
copying package.xml -> /home/rpi/ros2_ws/install/mon_package_nav2_rviz/share/mon_package_nav2_rviz
running install_egg_info
Copying ../../build/mon_package_nav2_rviz/mon_package_nav2_rviz.egg-info to /home/rpi/ros2_ws/install/mon_package_nav2_rviz/lib/python3.10/site-packages/mon_package_nav2_rviz-0.0.0-py3.10.egg-info
running install_scripts
writing list of installed files to '/home/rpi/ros2_ws/build/mon_package_nav2_rviz/install.log'
