[5.901s] Invoking command in '/home/rpi/ros2_ws/src/mon_package_nav2_rviz': PYTHONPATH=/home/rpi/ros2_ws/build/mon_package_nav2_rviz/prefix_override:/usr/lib/python3/dist-packages/colcon_core/task/python/colcon_distutils_commands:/home/rpi/ros2_ws/install/mon_package_nav2_rviz/lib/python3.10/site-packages:${PYTHONPATH} /usr/bin/python3 -W ignore:setup.py install is deprecated -W ignore:easy_install command is deprecated setup.py egg_info --egg-base ../../build/mon_package_nav2_rviz build --build-base /home/rpi/ros2_ws/build/mon_package_nav2_rviz/build install --record /home/rpi/ros2_ws/build/mon_package_nav2_rviz/install.log --single-version-externally-managed install_data
[7.338s] running egg_info
[7.342s] creating ../../build/mon_package_nav2_rviz/mon_package_nav2_rviz.egg-info
[7.344s] writing ../../build/mon_package_nav2_rviz/mon_package_nav2_rviz.egg-info/PKG-INFO
[7.345s] writing dependency_links to ../../build/mon_package_nav2_rviz/mon_package_nav2_rviz.egg-info/dependency_links.txt
[7.347s] writing entry points to ../../build/mon_package_nav2_rviz/mon_package_nav2_rviz.egg-info/entry_points.txt
[7.349s] writing requirements to ../../build/mon_package_nav2_rviz/mon_package_nav2_rviz.egg-info/requires.txt
[7.350s] writing top-level names to ../../build/mon_package_nav2_rviz/mon_package_nav2_rviz.egg-info/top_level.txt
[7.353s] writing manifest file '../../build/mon_package_nav2_rviz/mon_package_nav2_rviz.egg-info/SOURCES.txt'
[7.360s] reading manifest file '../../build/mon_package_nav2_rviz/mon_package_nav2_rviz.egg-info/SOURCES.txt'
[7.364s] writing manifest file '../../build/mon_package_nav2_rviz/mon_package_nav2_rviz.egg-info/SOURCES.txt'
[7.364s] running build
[7.365s] running build_py
[7.367s] creating /home/rpi/ros2_ws/build/mon_package_nav2_rviz/build
[7.368s] creating /home/rpi/ros2_ws/build/mon_package_nav2_rviz/build/lib
[7.368s] creating /home/rpi/ros2_ws/build/mon_package_nav2_rviz/build/lib/mon_package_nav2_rviz
[7.369s] copying mon_package_nav2_rviz/__init__.py -> /home/rpi/ros2_ws/build/mon_package_nav2_rviz/build/lib/mon_package_nav2_rviz
[7.370s] copying mon_package_nav2_rviz/ir_sensor.py -> /home/rpi/ros2_ws/build/mon_package_nav2_rviz/build/lib/mon_package_nav2_rviz
[7.371s] running install
[7.372s] running install_lib
[7.381s] creating /home/rpi/ros2_ws/install/mon_package_nav2_rviz/lib/python3.10/site-packages/mon_package_nav2_rviz
[7.383s] copying /home/rpi/ros2_ws/build/mon_package_nav2_rviz/build/lib/mon_package_nav2_rviz/__init__.py -> /home/rpi/ros2_ws/install/mon_package_nav2_rviz/lib/python3.10/site-packages/mon_package_nav2_rviz
[7.385s] copying /home/rpi/ros2_ws/build/mon_package_nav2_rviz/build/lib/mon_package_nav2_rviz/ir_sensor.py -> /home/rpi/ros2_ws/install/mon_package_nav2_rviz/lib/python3.10/site-packages/mon_package_nav2_rviz
[7.388s] byte-compiling /home/rpi/ros2_ws/install/mon_package_nav2_rviz/lib/python3.10/site-packages/mon_package_nav2_rviz/__init__.py to __init__.cpython-310.pyc
[7.390s] byte-compiling /home/rpi/ros2_ws/install/mon_package_nav2_rviz/lib/python3.10/site-packages/mon_package_nav2_rviz/ir_sensor.py to ir_sensor.cpython-310.pyc
[7.393s] running install_data
[7.394s] creating /home/rpi/ros2_ws/install/mon_package_nav2_rviz/share/ament_index
[7.395s] creating /home/rpi/ros2_ws/install/mon_package_nav2_rviz/share/ament_index/resource_index
[7.396s] creating /home/rpi/ros2_ws/install/mon_package_nav2_rviz/share/ament_index/resource_index/packages
[7.397s] copying resource/mon_package_nav2_rviz -> /home/rpi/ros2_ws/install/mon_package_nav2_rviz/share/ament_index/resource_index/packages
[7.397s] copying package.xml -> /home/rpi/ros2_ws/install/mon_package_nav2_rviz/share/mon_package_nav2_rviz
[7.399s] running install_egg_info
[7.406s] Copying ../../build/mon_package_nav2_rviz/mon_package_nav2_rviz.egg-info to /home/rpi/ros2_ws/install/mon_package_nav2_rviz/lib/python3.10/site-packages/mon_package_nav2_rviz-0.0.0-py3.10.egg-info
[7.415s] running install_scripts
[7.536s] writing list of installed files to '/home/rpi/ros2_ws/build/mon_package_nav2_rviz/install.log'
[7.811s] Invoked command in '/home/rpi/ros2_ws/src/mon_package_nav2_rviz' returned '0': PYTHONPATH=/home/rpi/ros2_ws/build/mon_package_nav2_rviz/prefix_override:/usr/lib/python3/dist-packages/colcon_core/task/python/colcon_distutils_commands:/home/rpi/ros2_ws/install/mon_package_nav2_rviz/lib/python3.10/site-packages:${PYTHONPATH} /usr/bin/python3 -W ignore:setup.py install is deprecated -W ignore:easy_install command is deprecated setup.py egg_info --egg-base ../../build/mon_package_nav2_rviz build --build-base /home/rpi/ros2_ws/build/mon_package_nav2_rviz/build install --record /home/rpi/ros2_ws/build/mon_package_nav2_rviz/install.log --single-version-externally-managed install_data
