[11.370s] Invoking command in '/home/rpi/ros2_ws/src/actionneurs': PYTHONPATH=/home/rpi/ros2_ws/build/actionneurs/prefix_override:/usr/lib/python3/dist-packages/colcon_core/task/python/colcon_distutils_commands:/home/rpi/ros2_ws/install/actionneurs/lib/python3.10/site-packages:${PYTHONPATH} /usr/bin/python3 -W ignore:setup.py install is deprecated -W ignore:easy_install command is deprecated setup.py egg_info --egg-base ../../build/actionneurs build --build-base /home/rpi/ros2_ws/build/actionneurs/build install --record /home/rpi/ros2_ws/build/actionneurs/install.log --single-version-externally-managed install_data
[14.291s] running egg_info
[14.307s] writing ../../build/actionneurs/actionneurs.egg-info/PKG-INFO
[14.316s] writing dependency_links to ../../build/actionneurs/actionneurs.egg-info/dependency_links.txt
[14.325s] writing entry points to ../../build/actionneurs/actionneurs.egg-info/entry_points.txt
[14.330s] writing requirements to ../../build/actionneurs/actionneurs.egg-info/requires.txt
[14.335s] writing top-level names to ../../build/actionneurs/actionneurs.egg-info/top_level.txt
[14.366s] reading manifest file '../../build/actionneurs/actionneurs.egg-info/SOURCES.txt'
[14.375s] writing manifest file '../../build/actionneurs/actionneurs.egg-info/SOURCES.txt'
[14.377s] running build
[14.379s] running build_py
[14.390s] running install
[14.391s] running install_lib
[14.406s] running install_data
[14.407s] running install_egg_info
[14.429s] removing '/home/rpi/ros2_ws/install/actionneurs/lib/python3.10/site-packages/actionneurs-0.0.0-py3.10.egg-info' (and everything under it)
[14.433s] Copying ../../build/actionneurs/actionneurs.egg-info to /home/rpi/ros2_ws/install/actionneurs/lib/python3.10/site-packages/actionneurs-0.0.0-py3.10.egg-info
[14.450s] running install_scripts
[14.596s] writing list of installed files to '/home/rpi/ros2_ws/build/actionneurs/install.log'
[14.815s] Invoked command in '/home/rpi/ros2_ws/src/actionneurs' returned '0': PYTHONPATH=/home/rpi/ros2_ws/build/actionneurs/prefix_override:/usr/lib/python3/dist-packages/colcon_core/task/python/colcon_distutils_commands:/home/rpi/ros2_ws/install/actionneurs/lib/python3.10/site-packages:${PYTHONPATH} /usr/bin/python3 -W ignore:setup.py install is deprecated -W ignore:easy_install command is deprecated setup.py egg_info --egg-base ../../build/actionneurs build --build-base /home/rpi/ros2_ws/build/actionneurs/build install --record /home/rpi/ros2_ws/build/actionneurs/install.log --single-version-externally-managed install_data
