[0.000000] (-) TimerEvent: {}
[0.001655] (actionneurs) JobQueued: {'identifier': 'actionneurs', 'dependencies': OrderedDict()}
[0.002234] (serial_interface) JobQueued: {'identifier': 'serial_interface', 'dependencies': OrderedDict()}
[0.002327] (actionneurs) JobStarted: {'identifier': 'actionneurs'}
[0.056475] (serial_interface) JobStarted: {'identifier': 'serial_interface'}
[0.099166] (-) TimerEvent: {}
[0.200048] (-) TimerEvent: {}
[0.300716] (-) TimerEvent: {}
[0.401440] (-) TimerEvent: {}
[0.502191] (-) TimerEvent: {}
[0.602841] (-) TimerEvent: {}
[0.703550] (-) TimerEvent: {}
[0.804164] (-) TimerEvent: {}
[0.904792] (-) TimerEvent: {}
[1.005482] (-) TimerEvent: {}
[1.106169] (-) TimerEvent: {}
[1.206892] (-) TimerEvent: {}
[1.307834] (-) TimerEvent: {}
[1.408493] (-) TimerEvent: {}
[1.509202] (-) TimerEvent: {}
[1.609874] (-) TimerEvent: {}
[1.710487] (-) TimerEvent: {}
[1.811085] (-) TimerEvent: {}
[1.911692] (-) TimerEvent: {}
[2.012300] (-) TimerEvent: {}
[2.112953] (-) TimerEvent: {}
[2.213605] (-) TimerEvent: {}
[2.314216] (-) TimerEvent: {}
[2.415042] (-) TimerEvent: {}
[2.490172] (serial_interface) StderrLine: {'line': b'Traceback (most recent call last):\n  File "/usr/lib/python3/dist-packages/colcon_core/executor/__init__.py", line 91, in __call__\n    rc = await self.task(*args, **kwargs)\n  File "/usr/lib/python3/dist-packages/colcon_core/task/__init__.py", line 93, in __call__\n    return await task_method(*args, **kwargs)\n  File "/usr/lib/python3/dist-packages/colcon_ros/task/ament_python/build.py", line 51, in build\n    setup_py_data = get_setup_data(self.context.pkg, env)\n  File "/usr/lib/python3/dist-packages/colcon_core/task/python/__init__.py", line 20, in get_setup_data\n    return dict(pkg.metadata[key](env))\n  File "/usr/lib/python3/dist-packages/colcon_ros/package_augmentation/ros_ament_python.py", line 57, in getter\n    return get_setup_information(\n  File "/usr/lib/python3/dist-packages/colcon_python_setup_py/package_identification/python_setup_py.py", line 249, in get_setup_information\n    _setup_information_cache[hashable_env] = _get_setup_information(\n  File "/usr/lib/python3/dist-packages/colcon_python_setup_py/package_identification/python_setup_py.py", line 296, in _get_setup_information\n    result = subprocess.run(\n  File "/usr/lib/python3.10/subprocess.py", line 526, in run\n    raise CalledProcessError(retcode, process.args,\nsubprocess.CalledProcessError: Command \'[\'/usr/bin/python3\', \'-c\', \'import sys;from contextlib import suppress;exec("with suppress(ImportError):    from setuptools.extern.packaging.specifiers    import SpecifierSet");exec("with suppress(ImportError):    from packaging.specifiers import SpecifierSet");from distutils.core import run_setup;dist = run_setup(    \\\'setup.py\\\', script_args=(\\\'--dry-run\\\',), stop_after=\\\'config\\\');skip_keys = (\\\'cmdclass\\\', \\\'distclass\\\', \\\'ext_modules\\\', \\\'metadata\\\');data = {    key: value for key, value in dist.__dict__.items()     if (        not key.startswith(\\\'_\\\') and         not callable(value) and         key not in skip_keys and         key not in dist.display_option_names    )};data[\\\'metadata\\\'] = {    k: v for k, v in dist.metadata.__dict__.items()     if k not in (\\\'license_files\\\', \\\'provides_extras\\\')};sys.stdout.buffer.write(repr(data).encode(\\\'utf-8\\\'))\']\' returned non-zero exit status 1.\n'}
[2.494575] (serial_interface) JobEnded: {'identifier': 'serial_interface', 'rc': 1}
[2.497157] (actionneurs) JobEnded: {'identifier': 'actionneurs', 'rc': 'SIGINT'}
[2.504229] (-) EventReactorShutdown: {}
