running egg_info
creating ../../build/actionneurs/actionneurs.egg-info
writing ../../build/actionneurs/actionneurs.egg-info/PKG-INFO
writing dependency_links to ../../build/actionneurs/actionneurs.egg-info/dependency_links.txt
writing entry points to ../../build/actionneurs/actionneurs.egg-info/entry_points.txt
writing requirements to ../../build/actionneurs/actionneurs.egg-info/requires.txt
writing top-level names to ../../build/actionneurs/actionneurs.egg-info/top_level.txt
writing manifest file '../../build/actionneurs/actionneurs.egg-info/SOURCES.txt'
reading manifest file '../../build/actionneurs/actionneurs.egg-info/SOURCES.txt'
writing manifest file '../../build/actionneurs/actionneurs.egg-info/SOURCES.txt'
running build
running build_py
creating /home/rpi/ros2_ws/build/actionneurs/build
creating /home/rpi/ros2_ws/build/actionneurs/build/lib
creating /home/rpi/ros2_ws/build/actionneurs/build/lib/actionneurs
copying actionneurs/__init__.py -> /home/rpi/ros2_ws/build/actionneurs/build/lib/actionneurs
running install
running install_lib
creating /home/rpi/ros2_ws/install/actionneurs/lib/python3.10/site-packages/actionneurs
copying /home/rpi/ros2_ws/build/actionneurs/build/lib/actionneurs/__init__.py -> /home/rpi/ros2_ws/install/actionneurs/lib/python3.10/site-packages/actionneurs
byte-compiling /home/rpi/ros2_ws/install/actionneurs/lib/python3.10/site-packages/actionneurs/__init__.py to __init__.cpython-310.pyc
running install_data
creating /home/rpi/ros2_ws/install/actionneurs/share/ament_index
creating /home/rpi/ros2_ws/install/actionneurs/share/ament_index/resource_index
creating /home/rpi/ros2_ws/install/actionneurs/share/ament_index/resource_index/packages
copying resource/actionneurs -> /home/rpi/ros2_ws/install/actionneurs/share/ament_index/resource_index/packages
copying package.xml -> /home/rpi/ros2_ws/install/actionneurs/share/actionneurs
running install_egg_info
Copying ../../build/actionneurs/actionneurs.egg-info to /home/rpi/ros2_ws/install/actionneurs/lib/python3.10/site-packages/actionneurs-0.0.0-py3.10.egg-info
running install_scripts
writing list of installed files to '/home/rpi/ros2_ws/build/actionneurs/install.log'
