[6.397s] Invoking command in '/home/rpi/ros2_ws/src/serial_interface': PYTHONPATH=/home/rpi/ros2_ws/build/serial_interface/prefix_override:/usr/lib/python3/dist-packages/colcon_core/task/python/colcon_distutils_commands:/home/rpi/ros2_ws/install/serial_interface/lib/python3.10/site-packages:${PYTHONPATH} /usr/bin/python3 -W ignore:setup.py install is deprecated -W ignore:easy_install command is deprecated setup.py egg_info --egg-base ../../build/serial_interface build --build-base /home/rpi/ros2_ws/build/serial_interface/build install --record /home/rpi/ros2_ws/build/serial_interface/install.log --single-version-externally-managed install_data
[7.967s] running egg_info
[7.973s] writing ../../build/serial_interface/serial_interface.egg-info/PKG-INFO
[7.974s] writing dependency_links to ../../build/serial_interface/serial_interface.egg-info/dependency_links.txt
[7.975s] writing entry points to ../../build/serial_interface/serial_interface.egg-info/entry_points.txt
[7.976s] writing requirements to ../../build/serial_interface/serial_interface.egg-info/requires.txt
[7.977s] writing top-level names to ../../build/serial_interface/serial_interface.egg-info/top_level.txt
[7.986s] reading manifest file '../../build/serial_interface/serial_interface.egg-info/SOURCES.txt'
[7.991s] writing manifest file '../../build/serial_interface/serial_interface.egg-info/SOURCES.txt'
[7.992s] running build
[7.992s] running build_py
[7.995s] copying serial_interface/motor_driver_node.py -> /home/rpi/ros2_ws/build/serial_interface/build/lib/serial_interface
[7.998s] running install
[8.000s] running install_lib
[8.007s] copying /home/rpi/ros2_ws/build/serial_interface/build/lib/serial_interface/motor_driver_node.py -> /home/rpi/ros2_ws/install/serial_interface/lib/python3.10/site-packages/serial_interface
[8.013s] byte-compiling /home/rpi/ros2_ws/install/serial_interface/lib/python3.10/site-packages/serial_interface/motor_driver_node.py to motor_driver_node.cpython-310.pyc
[8.016s] running install_data
[8.017s] running install_egg_info
[8.027s] removing '/home/rpi/ros2_ws/install/serial_interface/lib/python3.10/site-packages/serial_interface-0.0.0-py3.10.egg-info' (and everything under it)
[8.030s] Copying ../../build/serial_interface/serial_interface.egg-info to /home/rpi/ros2_ws/install/serial_interface/lib/python3.10/site-packages/serial_interface-0.0.0-py3.10.egg-info
[8.038s] running install_scripts
[8.180s] Installing led_control_node script to /home/rpi/ros2_ws/install/serial_interface/lib/serial_interface
[8.182s] Installing motion_planner_node script to /home/rpi/ros2_ws/install/serial_interface/lib/serial_interface
[8.185s] Installing motor_driver script to /home/rpi/ros2_ws/install/serial_interface/lib/serial_interface
[8.187s] Installing motor_driver_node script to /home/rpi/ros2_ws/install/serial_interface/lib/serial_interface
[8.190s] Installing serial_interface_node script to /home/rpi/ros2_ws/install/serial_interface/lib/serial_interface
[8.192s] Installing serial_node script to /home/rpi/ros2_ws/install/serial_interface/lib/serial_interface
[8.195s] Installing ultrasonic_node script to /home/rpi/ros2_ws/install/serial_interface/lib/serial_interface
[8.197s] Installing ultrasonic_sensor_node script to /home/rpi/ros2_ws/install/serial_interface/lib/serial_interface
[8.200s] Installing webcam_node script to /home/rpi/ros2_ws/install/serial_interface/lib/serial_interface
[8.205s] writing list of installed files to '/home/rpi/ros2_ws/build/serial_interface/install.log'
[8.477s] Invoked command in '/home/rpi/ros2_ws/src/serial_interface' returned '0': PYTHONPATH=/home/rpi/ros2_ws/build/serial_interface/prefix_override:/usr/lib/python3/dist-packages/colcon_core/task/python/colcon_distutils_commands:/home/rpi/ros2_ws/install/serial_interface/lib/python3.10/site-packages:${PYTHONPATH} /usr/bin/python3 -W ignore:setup.py install is deprecated -W ignore:easy_install command is deprecated setup.py egg_info --egg-base ../../build/serial_interface build --build-base /home/rpi/ros2_ws/build/serial_interface/build install --record /home/rpi/ros2_ws/build/serial_interface/install.log --single-version-externally-managed install_data
