[5.892s] Invoking command in '/home/rpi/ros2_ws/src/serial_interface': PYTHONPATH=/home/rpi/ros2_ws/build/serial_interface/prefix_override:/usr/lib/python3/dist-packages/colcon_core/task/python/colcon_distutils_commands:/home/rpi/ros2_ws/install/serial_interface/lib/python3.10/site-packages:${PYTHONPATH} /usr/bin/python3 -W ignore:setup.py install is deprecated -W ignore:easy_install command is deprecated setup.py egg_info --egg-base ../../build/serial_interface build --build-base /home/rpi/ros2_ws/build/serial_interface/build install --record /home/rpi/ros2_ws/build/serial_interface/install.log --single-version-externally-managed install_data
[7.336s] running egg_info
[7.339s] writing ../../build/serial_interface/serial_interface.egg-info/PKG-INFO
[7.341s] writing dependency_links to ../../build/serial_interface/serial_interface.egg-info/dependency_links.txt
[7.342s] writing entry points to ../../build/serial_interface/serial_interface.egg-info/entry_points.txt
[7.343s] writing requirements to ../../build/serial_interface/serial_interface.egg-info/requires.txt
[7.344s] writing top-level names to ../../build/serial_interface/serial_interface.egg-info/top_level.txt
[7.361s] reading manifest file '../../build/serial_interface/serial_interface.egg-info/SOURCES.txt'
[7.368s] writing manifest file '../../build/serial_interface/serial_interface.egg-info/SOURCES.txt'
[7.369s] running build
[7.370s] running build_py
[7.372s] running install
[7.374s] running install_lib
[7.384s] running install_data
[7.386s] running install_egg_info
[7.395s] removing '/home/rpi/ros2_ws/install/serial_interface/lib/python3.10/site-packages/serial_interface-0.0.0-py3.10.egg-info' (and everything under it)
[7.397s] Copying ../../build/serial_interface/serial_interface.egg-info to /home/rpi/ros2_ws/install/serial_interface/lib/python3.10/site-packages/serial_interface-0.0.0-py3.10.egg-info
[7.405s] running install_scripts
[7.503s] Installing led_control_node script to /home/rpi/ros2_ws/install/serial_interface/lib/serial_interface
[7.504s] Installing motor_driver script to /home/rpi/ros2_ws/install/serial_interface/lib/serial_interface
[7.505s] Installing motor_driver_node script to /home/rpi/ros2_ws/install/serial_interface/lib/serial_interface
[7.507s] Installing serial_node script to /home/rpi/ros2_ws/install/serial_interface/lib/serial_interface
[7.508s] Installing ultrasonic_node script to /home/rpi/ros2_ws/install/serial_interface/lib/serial_interface
[7.509s] Installing webcam_node script to /home/rpi/ros2_ws/install/serial_interface/lib/serial_interface
[7.513s] writing list of installed files to '/home/rpi/ros2_ws/build/serial_interface/install.log'
[7.786s] Invoked command in '/home/rpi/ros2_ws/src/serial_interface' returned '0': PYTHONPATH=/home/rpi/ros2_ws/build/serial_interface/prefix_override:/usr/lib/python3/dist-packages/colcon_core/task/python/colcon_distutils_commands:/home/rpi/ros2_ws/install/serial_interface/lib/python3.10/site-packages:${PYTHONPATH} /usr/bin/python3 -W ignore:setup.py install is deprecated -W ignore:easy_install command is deprecated setup.py egg_info --egg-base ../../build/serial_interface build --build-base /home/rpi/ros2_ws/build/serial_interface/build install --record /home/rpi/ros2_ws/build/serial_interface/install.log --single-version-externally-managed install_data
