[0.000000] (-) TimerEvent: {}
[0.001623] (actionneurs) JobQueued: {'identifier': 'actionneurs', 'dependencies': OrderedDict()}
[0.002273] (maze_solver) JobQueued: {'identifier': 'maze_solver', 'dependencies': OrderedDict()}
[0.002368] (serial_interface) JobQueued: {'identifier': 'serial_interface', 'dependencies': OrderedDict()}
[0.002451] (actionneurs) JobStarted: {'identifier': 'actionneurs'}
[0.038463] (maze_solver) JobStarted: {'identifier': 'maze_solver'}
[0.066137] (serial_interface) JobStarted: {'identifier': 'serial_interface'}
[0.099203] (-) TimerEvent: {}
[0.200267] (-) TimerEvent: {}
[0.300920] (-) TimerEvent: {}
[0.401571] (-) TimerEvent: {}
[0.502402] (-) TimerEvent: {}
[0.603056] (-) TimerEvent: {}
[0.703747] (-) TimerEvent: {}
[0.804397] (-) TimerEvent: {}
[0.904997] (-) TimerEvent: {}
[1.005645] (-) TimerEvent: {}
[1.106290] (-) TimerEvent: {}
[1.206999] (-) TimerEvent: {}
[1.308077] (-) TimerEvent: {}
[1.408750] (-) TimerEvent: {}
[1.509376] (-) TimerEvent: {}
[1.610024] (-) TimerEvent: {}
[1.710632] (-) TimerEvent: {}
[1.811249] (-) TimerEvent: {}
[1.911918] (-) TimerEvent: {}
[2.012550] (-) TimerEvent: {}
[2.113173] (-) TimerEvent: {}
[2.213855] (-) TimerEvent: {}
[2.314521] (-) TimerEvent: {}
[2.415375] (-) TimerEvent: {}
[2.516349] (-) TimerEvent: {}
[2.617120] (-) TimerEvent: {}
[2.717853] (-) TimerEvent: {}
[2.818671] (-) TimerEvent: {}
[2.919326] (-) TimerEvent: {}
[3.020086] (-) TimerEvent: {}
[3.120712] (-) TimerEvent: {}
[3.221323] (-) TimerEvent: {}
[3.322027] (-) TimerEvent: {}
[3.422887] (-) TimerEvent: {}
[3.524097] (-) TimerEvent: {}
[3.624760] (-) TimerEvent: {}
[3.725744] (-) TimerEvent: {}
[3.777263] (serial_interface) StderrLine: {'line': b'Traceback (most recent call last):\n  File "/usr/lib/python3/dist-packages/colcon_core/executor/__init__.py", line 91, in __call__\n    rc = await self.task(*args, **kwargs)\n  File "/usr/lib/python3/dist-packages/colcon_core/task/__init__.py", line 93, in __call__\n    return await task_method(*args, **kwargs)\n  File "/usr/lib/python3/dist-packages/colcon_ros/task/ament_python/build.py", line 51, in build\n    setup_py_data = get_setup_data(self.context.pkg, env)\n  File "/usr/lib/python3/dist-packages/colcon_core/task/python/__init__.py", line 20, in get_setup_data\n    return dict(pkg.metadata[key](env))\n  File "/usr/lib/python3/dist-packages/colcon_ros/package_augmentation/ros_ament_python.py", line 57, in getter\n    return get_setup_information(\n  File "/usr/lib/python3/dist-packages/colcon_python_setup_py/package_identification/python_setup_py.py", line 249, in get_setup_information\n    _setup_information_cache[hashable_env] = _get_setup_information(\n  File "/usr/lib/python3/dist-packages/colcon_python_setup_py/package_identification/python_setup_py.py", line 296, in _get_setup_information\n    result = subprocess.run(\n  File "/usr/lib/python3.10/subprocess.py", line 526, in run\n    raise CalledProcessError(retcode, process.args,\nsubprocess.CalledProcessError: Command \'[\'/usr/bin/python3\', \'-c\', \'import sys;from contextlib import suppress;exec("with suppress(ImportError):    from setuptools.extern.packaging.specifiers    import SpecifierSet");exec("with suppress(ImportError):    from packaging.specifiers import SpecifierSet");from distutils.core import run_setup;dist = run_setup(    \\\'setup.py\\\', script_args=(\\\'--dry-run\\\',), stop_after=\\\'config\\\');skip_keys = (\\\'cmdclass\\\', \\\'distclass\\\', \\\'ext_modules\\\', \\\'metadata\\\');data = {    key: value for key, value in dist.__dict__.items()     if (        not key.startswith(\\\'_\\\') and         not callable(value) and         key not in skip_keys and         key not in dist.display_option_names    )};data[\\\'metadata\\\'] = {    k: v for k, v in dist.metadata.__dict__.items()     if k not in (\\\'license_files\\\', \\\'provides_extras\\\')};sys.stdout.buffer.write(repr(data).encode(\\\'utf-8\\\'))\']\' returned non-zero exit status 1.\n'}
[3.781528] (serial_interface) JobEnded: {'identifier': 'serial_interface', 'rc': 1}
[3.783497] (actionneurs) JobEnded: {'identifier': 'actionneurs', 'rc': 'SIGINT'}
[3.784935] (maze_solver) JobEnded: {'identifier': 'maze_solver', 'rc': 'SIGINT'}
[3.791959] (-) EventReactorShutdown: {}
