[6.182s] Invoking command in '/home/rpi/ros2_ws/src/serial_interface': PYTHONPATH=/home/rpi/ros2_ws/build/serial_interface/prefix_override:/usr/lib/python3/dist-packages/colcon_core/task/python/colcon_distutils_commands:/home/rpi/ros2_ws/install/serial_interface/lib/python3.10/site-packages:${PYTHONPATH} /usr/bin/python3 -W ignore:setup.py install is deprecated -W ignore:easy_install command is deprecated setup.py egg_info --egg-base ../../build/serial_interface build --build-base /home/rpi/ros2_ws/build/serial_interface/build install --record /home/rpi/ros2_ws/build/serial_interface/install.log --single-version-externally-managed install_data
[7.697s] running egg_info
[7.700s] writing ../../build/serial_interface/serial_interface.egg-info/PKG-INFO
[7.702s] writing dependency_links to ../../build/serial_interface/serial_interface.egg-info/dependency_links.txt
[7.703s] writing entry points to ../../build/serial_interface/serial_interface.egg-info/entry_points.txt
[7.704s] writing requirements to ../../build/serial_interface/serial_interface.egg-info/requires.txt
[7.705s] writing top-level names to ../../build/serial_interface/serial_interface.egg-info/top_level.txt
[7.718s] reading manifest file '../../build/serial_interface/serial_interface.egg-info/SOURCES.txt'
[7.723s] writing manifest file '../../build/serial_interface/serial_interface.egg-info/SOURCES.txt'
[7.725s] running build
[7.726s] running build_py
[7.729s] running install
[7.731s] running install_lib
[7.748s] byte-compiling /home/rpi/ros2_ws/install/serial_interface/lib/python3.10/site-packages/serial_interface/serial_interface_node.py to serial_interface_node.cpython-310.pyc
[7.749s] Sorry: IndentationError: unexpected indent (serial_interface_node.py, line 1)
[7.750s] running install_data
[7.751s] running install_egg_info
[7.760s] removing '/home/rpi/ros2_ws/install/serial_interface/lib/python3.10/site-packages/serial_interface-0.0.0-py3.10.egg-info' (and everything under it)
[7.762s] Copying ../../build/serial_interface/serial_interface.egg-info to /home/rpi/ros2_ws/install/serial_interface/lib/python3.10/site-packages/serial_interface-0.0.0-py3.10.egg-info
[7.770s] running install_scripts
[7.878s] Installing led_control_node script to /home/rpi/ros2_ws/install/serial_interface/lib/serial_interface
[7.880s] Installing motor_driver script to /home/rpi/ros2_ws/install/serial_interface/lib/serial_interface
[7.883s] Installing motor_driver_node script to /home/rpi/ros2_ws/install/serial_interface/lib/serial_interface
[7.886s] Installing serial_interface_node script to /home/rpi/ros2_ws/install/serial_interface/lib/serial_interface
[7.889s] Installing serial_node script to /home/rpi/ros2_ws/install/serial_interface/lib/serial_interface
[7.894s] Installing ultrasonic_node script to /home/rpi/ros2_ws/install/serial_interface/lib/serial_interface
[7.896s] Installing ultrasonic_sensor_node script to /home/rpi/ros2_ws/install/serial_interface/lib/serial_interface
[7.898s] Installing webcam_node script to /home/rpi/ros2_ws/install/serial_interface/lib/serial_interface
[7.900s] writing list of installed files to '/home/rpi/ros2_ws/build/serial_interface/install.log'
[8.190s] Invoked command in '/home/rpi/ros2_ws/src/serial_interface' returned '0': PYTHONPATH=/home/rpi/ros2_ws/build/serial_interface/prefix_override:/usr/lib/python3/dist-packages/colcon_core/task/python/colcon_distutils_commands:/home/rpi/ros2_ws/install/serial_interface/lib/python3.10/site-packages:${PYTHONPATH} /usr/bin/python3 -W ignore:setup.py install is deprecated -W ignore:easy_install command is deprecated setup.py egg_info --egg-base ../../build/serial_interface build --build-base /home/rpi/ros2_ws/build/serial_interface/build install --record /home/rpi/ros2_ws/build/serial_interface/install.log --single-version-externally-managed install_data
