/home/rpi/ros2_ws/src/serial_interface/install/serial_interface/lib/python3.10/site-packages/serial_interface/led_control_node.py
/home/rpi/ros2_ws/src/serial_interface/install/serial_interface/lib/python3.10/site-packages/serial_interface/__init__.py
/home/rpi/ros2_ws/src/serial_interface/install/serial_interface/lib/python3.10/site-packages/serial_interface/webcam_node.py
/home/rpi/ros2_ws/src/serial_interface/install/serial_interface/lib/python3.10/site-packages/serial_interface/ultrasonic_sensor_node.py
/home/rpi/ros2_ws/src/serial_interface/install/serial_interface/lib/python3.10/site-packages/serial_interface/ultrasonic_node.py
/home/rpi/ros2_ws/src/serial_interface/install/serial_interface/lib/python3.10/site-packages/serial_interface/motion_planner_node.py
/home/rpi/ros2_ws/src/serial_interface/install/serial_interface/lib/python3.10/site-packages/serial_interface/decision_maker.py
/home/rpi/ros2_ws/src/serial_interface/install/serial_interface/lib/python3.10/site-packages/serial_interface/serial_interface_node.py
/home/rpi/ros2_ws/src/serial_interface/install/serial_interface/lib/python3.10/site-packages/serial_interface/serial_node.py
/home/rpi/ros2_ws/src/serial_interface/install/serial_interface/lib/python3.10/site-packages/serial_interface/motor_driver_node.py
/home/rpi/ros2_ws/src/serial_interface/install/serial_interface/lib/python3.10/site-packages/serial_interface/motor_driver.py
/home/rpi/ros2_ws/src/serial_interface/install/serial_interface/lib/python3.10/site-packages/serial_interface/__pycache__/led_control_node.cpython-310.pyc
/home/rpi/ros2_ws/src/serial_interface/install/serial_interface/lib/python3.10/site-packages/serial_interface/__pycache__/__init__.cpython-310.pyc
/home/rpi/ros2_ws/src/serial_interface/install/serial_interface/lib/python3.10/site-packages/serial_interface/__pycache__/webcam_node.cpython-310.pyc
/home/rpi/ros2_ws/src/serial_interface/install/serial_interface/lib/python3.10/site-packages/serial_interface/__pycache__/ultrasonic_sensor_node.cpython-310.pyc
/home/rpi/ros2_ws/src/serial_interface/install/serial_interface/lib/python3.10/site-packages/serial_interface/__pycache__/ultrasonic_node.cpython-310.pyc
/home/rpi/ros2_ws/src/serial_interface/install/serial_interface/lib/python3.10/site-packages/serial_interface/__pycache__/motion_planner_node.cpython-310.pyc
/home/rpi/ros2_ws/src/serial_interface/install/serial_interface/lib/python3.10/site-packages/serial_interface/__pycache__/decision_maker.cpython-310.pyc
/home/rpi/ros2_ws/src/serial_interface/install/serial_interface/lib/python3.10/site-packages/serial_interface/__pycache__/serial_interface_node.cpython-310.pyc
/home/rpi/ros2_ws/src/serial_interface/install/serial_interface/lib/python3.10/site-packages/serial_interface/__pycache__/serial_node.cpython-310.pyc
/home/rpi/ros2_ws/src/serial_interface/install/serial_interface/lib/python3.10/site-packages/serial_interface/__pycache__/motor_driver_node.cpython-310.pyc
/home/rpi/ros2_ws/src/serial_interface/install/serial_interface/lib/python3.10/site-packages/serial_interface/__pycache__/motor_driver.cpython-310.pyc
/home/rpi/ros2_ws/src/serial_interface/install/serial_interface/share/ament_index/resource_index/packages/serial_interface
/home/rpi/ros2_ws/src/serial_interface/install/serial_interface/share/serial_interface/package.xml
/home/rpi/ros2_ws/src/serial_interface/install/serial_interface/lib/python3.10/site-packages/serial_interface-0.0.0-py3.10.egg-info/zip-safe
/home/rpi/ros2_ws/src/serial_interface/install/serial_interface/lib/python3.10/site-packages/serial_interface-0.0.0-py3.10.egg-info/PKG-INFO
/home/rpi/ros2_ws/src/serial_interface/install/serial_interface/lib/python3.10/site-packages/serial_interface-0.0.0-py3.10.egg-info/top_level.txt
/home/rpi/ros2_ws/src/serial_interface/install/serial_interface/lib/python3.10/site-packages/serial_interface-0.0.0-py3.10.egg-info/requires.txt
/home/rpi/ros2_ws/src/serial_interface/install/serial_interface/lib/python3.10/site-packages/serial_interface-0.0.0-py3.10.egg-info/entry_points.txt
/home/rpi/ros2_ws/src/serial_interface/install/serial_interface/lib/python3.10/site-packages/serial_interface-0.0.0-py3.10.egg-info/dependency_links.txt
/home/rpi/ros2_ws/src/serial_interface/install/serial_interface/lib/python3.10/site-packages/serial_interface-0.0.0-py3.10.egg-info/SOURCES.txt
/home/rpi/ros2_ws/src/serial_interface/install/serial_interface/lib/serial_interface/led_control_node
/home/rpi/ros2_ws/src/serial_interface/install/serial_interface/lib/serial_interface/motion_planner_node
/home/rpi/ros2_ws/src/serial_interface/install/serial_interface/lib/serial_interface/motor_driver
/home/rpi/ros2_ws/src/serial_interface/install/serial_interface/lib/serial_interface/motor_driver_node
/home/rpi/ros2_ws/src/serial_interface/install/serial_interface/lib/serial_interface/serial_interface_node
/home/rpi/ros2_ws/src/serial_interface/install/serial_interface/lib/serial_interface/serial_node
/home/rpi/ros2_ws/src/serial_interface/install/serial_interface/lib/serial_interface/ultrasonic_node
/home/rpi/ros2_ws/src/serial_interface/install/serial_interface/lib/serial_interface/ultrasonic_sensor_node
/home/rpi/ros2_ws/src/serial_interface/install/serial_interface/lib/serial_interface/webcam_node
