[6.341s] Invoking command in '/home/rpi/ros2_ws/src/serial_interface': PYTHONPATH=/home/rpi/ros2_ws/build/serial_interface/prefix_override:/usr/lib/python3/dist-packages/colcon_core/task/python/colcon_distutils_commands:/home/rpi/ros2_ws/install/serial_interface/lib/python3.10/site-packages:${PYTHONPATH} /usr/bin/python3 -W ignore:setup.py install is deprecated -W ignore:easy_install command is deprecated setup.py egg_info --egg-base ../../build/serial_interface build --build-base /home/rpi/ros2_ws/build/serial_interface/build install --record /home/rpi/ros2_ws/build/serial_interface/install.log --single-version-externally-managed install_data
[7.763s] running egg_info
[7.767s] writing ../../build/serial_interface/serial_interface.egg-info/PKG-INFO
[7.769s] writing dependency_links to ../../build/serial_interface/serial_interface.egg-info/dependency_links.txt
[7.770s] writing entry points to ../../build/serial_interface/serial_interface.egg-info/entry_points.txt
[7.772s] writing requirements to ../../build/serial_interface/serial_interface.egg-info/requires.txt
[7.773s] writing top-level names to ../../build/serial_interface/serial_interface.egg-info/top_level.txt
[7.783s] reading manifest file '../../build/serial_interface/serial_interface.egg-info/SOURCES.txt'
[7.790s] writing manifest file '../../build/serial_interface/serial_interface.egg-info/SOURCES.txt'
[7.790s] running build
[7.791s] running build_py
[7.794s] copying serial_interface/ultrasonic_node.py -> /home/rpi/ros2_ws/build/serial_interface/build/lib/serial_interface
[7.795s] copying serial_interface/motor_driver_node.py -> /home/rpi/ros2_ws/build/serial_interface/build/lib/serial_interface
[7.797s] copying serial_interface/motor_driver.py -> /home/rpi/ros2_ws/build/serial_interface/build/lib/serial_interface
[7.808s] running install
[7.812s] running install_lib
[7.814s] copying /home/rpi/ros2_ws/build/serial_interface/build/lib/serial_interface/ultrasonic_node.py -> /home/rpi/ros2_ws/install/serial_interface/lib/python3.10/site-packages/serial_interface
[7.815s] copying /home/rpi/ros2_ws/build/serial_interface/build/lib/serial_interface/motor_driver_node.py -> /home/rpi/ros2_ws/install/serial_interface/lib/python3.10/site-packages/serial_interface
[7.817s] copying /home/rpi/ros2_ws/build/serial_interface/build/lib/serial_interface/motor_driver.py -> /home/rpi/ros2_ws/install/serial_interface/lib/python3.10/site-packages/serial_interface
[7.823s] byte-compiling /home/rpi/ros2_ws/install/serial_interface/lib/python3.10/site-packages/serial_interface/ultrasonic_node.py to ultrasonic_node.cpython-310.pyc
[7.825s] byte-compiling /home/rpi/ros2_ws/install/serial_interface/lib/python3.10/site-packages/serial_interface/motor_driver_node.py to motor_driver_node.cpython-310.pyc
[7.827s] byte-compiling /home/rpi/ros2_ws/install/serial_interface/lib/python3.10/site-packages/serial_interface/motor_driver.py to motor_driver.cpython-310.pyc
[7.830s] running install_data
[7.831s] running install_egg_info
[7.844s] removing '/home/rpi/ros2_ws/install/serial_interface/lib/python3.10/site-packages/serial_interface-0.0.0-py3.10.egg-info' (and everything under it)
[7.845s] Copying ../../build/serial_interface/serial_interface.egg-info to /home/rpi/ros2_ws/install/serial_interface/lib/python3.10/site-packages/serial_interface-0.0.0-py3.10.egg-info
[7.850s] running install_scripts
[7.948s] Installing led_control_node script to /home/rpi/ros2_ws/install/serial_interface/lib/serial_interface
[7.949s] Installing motor_driver script to /home/rpi/ros2_ws/install/serial_interface/lib/serial_interface
[7.951s] Installing motor_driver_node script to /home/rpi/ros2_ws/install/serial_interface/lib/serial_interface
[7.952s] Installing serial_node script to /home/rpi/ros2_ws/install/serial_interface/lib/serial_interface
[7.953s] Installing ultrasonic_node script to /home/rpi/ros2_ws/install/serial_interface/lib/serial_interface
[7.955s] Installing webcam_node script to /home/rpi/ros2_ws/install/serial_interface/lib/serial_interface
[7.957s] writing list of installed files to '/home/rpi/ros2_ws/build/serial_interface/install.log'
[8.291s] Invoked command in '/home/rpi/ros2_ws/src/serial_interface' returned '0': PYTHONPATH=/home/rpi/ros2_ws/build/serial_interface/prefix_override:/usr/lib/python3/dist-packages/colcon_core/task/python/colcon_distutils_commands:/home/rpi/ros2_ws/install/serial_interface/lib/python3.10/site-packages:${PYTHONPATH} /usr/bin/python3 -W ignore:setup.py install is deprecated -W ignore:easy_install command is deprecated setup.py egg_info --egg-base ../../build/serial_interface build --build-base /home/rpi/ros2_ws/build/serial_interface/build install --record /home/rpi/ros2_ws/build/serial_interface/install.log --single-version-externally-managed install_data
