[1.094s] DEBUG:colcon:Command line arguments: ['/usr/bin/colcon', 'build']
[1.095s] DEBUG:colcon:Parsed command line arguments: Namespace(log_base=None, log_level=None, verb_name='build', build_base='build', install_base='install', merge_install=False, symlink_install=False, test_result_base=None, continue_on_error=False, executor='parallel', parallel_workers=4, event_handlers=None, ignore_user_meta=False, metas=['./colcon.meta'], base_paths=['.'], packages_ignore=None, packages_ignore_regex=None, paths=None, packages_up_to=None, packages_up_to_regex=None, packages_above=None, packages_above_and_dependencies=None, packages_above_depth=None, packages_select_by_dep=None, packages_skip_by_dep=None, packages_skip_up_to=None, packages_select_build_failed=False, packages_skip_build_finished=False, packages_select_test_failures=False, packages_skip_test_passed=False, packages_select=None, packages_skip=None, packages_select_regex=None, packages_skip_regex=None, packages_start=None, packages_end=None, allow_overriding=[], cmake_args=None, cmake_target=None, cmake_target_skip_unavailable=False, cmake_clean_cache=False, cmake_clean_first=False, cmake_force_configure=False, ament_cmake_args=None, catkin_cmake_args=None, catkin_skip_building_tests=False, verb_parser=<colcon_defaults.argument_parser.defaults.DefaultArgumentsDecorator object at 0xffff86085a20>, verb_extension=<colcon_core.verb.build.BuildVerb object at 0xffff8621ee90>, main=<bound method BuildVerb.main of <colcon_core.verb.build.BuildVerb object at 0xffff8621ee90>>)
[2.735s] Level 1:colcon.colcon_core.package_discovery:discover_packages(colcon_meta) check parameters
[2.737s] Level 1:colcon.colcon_core.package_discovery:discover_packages(recursive) check parameters
[2.738s] Level 1:colcon.colcon_core.package_discovery:discover_packages(ignore) check parameters
[2.738s] Level 1:colcon.colcon_core.package_discovery:discover_packages(path) check parameters
[2.738s] Level 1:colcon.colcon_core.package_discovery:discover_packages(colcon_meta) discover
[2.739s] Level 1:colcon.colcon_core.package_discovery:discover_packages(recursive) discover
[2.740s] INFO:colcon.colcon_core.package_discovery:Crawling recursively for packages in '/home/rpi/ros2_ws'
[2.742s] Level 1:colcon.colcon_core.package_identification:_identify(.) by extensions ['ignore', 'ignore_ament_install']
[2.744s] Level 1:colcon.colcon_core.package_identification:_identify(.) by extension 'ignore'
[2.745s] Level 1:colcon.colcon_core.package_identification:_identify(.) by extension 'ignore_ament_install'
[2.745s] Level 1:colcon.colcon_core.package_identification:_identify(.) by extensions ['colcon_pkg']
[2.745s] Level 1:colcon.colcon_core.package_identification:_identify(.) by extension 'colcon_pkg'
[2.746s] Level 1:colcon.colcon_core.package_identification:_identify(.) by extensions ['colcon_meta']
[2.746s] Level 1:colcon.colcon_core.package_identification:_identify(.) by extension 'colcon_meta'
[2.746s] Level 1:colcon.colcon_core.package_identification:_identify(.) by extensions ['ros']
[2.747s] Level 1:colcon.colcon_core.package_identification:_identify(.) by extension 'ros'
[2.826s] Level 1:colcon.colcon_core.package_identification:_identify(.) by extensions ['cmake', 'python']
[2.827s] Level 1:colcon.colcon_core.package_identification:_identify(.) by extension 'cmake'
[2.827s] Level 1:colcon.colcon_core.package_identification:_identify(.) by extension 'python'
[2.828s] Level 1:colcon.colcon_core.package_identification:_identify(.) by extensions ['python_setup_py']
[2.828s] Level 1:colcon.colcon_core.package_identification:_identify(.) by extension 'python_setup_py'
[2.829s] Level 1:colcon.colcon_core.package_identification:_identify(build) by extensions ['ignore', 'ignore_ament_install']
[2.830s] Level 1:colcon.colcon_core.package_identification:_identify(build) by extension 'ignore'
[2.830s] Level 1:colcon.colcon_core.package_identification:_identify(build) ignored
[2.831s] Level 1:colcon.colcon_core.package_identification:_identify(install) by extensions ['ignore', 'ignore_ament_install']
[2.831s] Level 1:colcon.colcon_core.package_identification:_identify(install) by extension 'ignore'
[2.832s] Level 1:colcon.colcon_core.package_identification:_identify(install) ignored
[2.834s] Level 1:colcon.colcon_core.package_identification:_identify(log) by extensions ['ignore', 'ignore_ament_install']
[2.834s] Level 1:colcon.colcon_core.package_identification:_identify(log) by extension 'ignore'
[2.835s] Level 1:colcon.colcon_core.package_identification:_identify(log) ignored
[2.836s] Level 1:colcon.colcon_core.package_identification:_identify(sketches) by extensions ['ignore', 'ignore_ament_install']
[2.836s] Level 1:colcon.colcon_core.package_identification:_identify(sketches) by extension 'ignore'
[2.837s] Level 1:colcon.colcon_core.package_identification:_identify(sketches) by extension 'ignore_ament_install'
[2.837s] Level 1:colcon.colcon_core.package_identification:_identify(sketches) by extensions ['colcon_pkg']
[2.838s] Level 1:colcon.colcon_core.package_identification:_identify(sketches) by extension 'colcon_pkg'
[2.838s] Level 1:colcon.colcon_core.package_identification:_identify(sketches) by extensions ['colcon_meta']
[2.839s] Level 1:colcon.colcon_core.package_identification:_identify(sketches) by extension 'colcon_meta'
[2.839s] Level 1:colcon.colcon_core.package_identification:_identify(sketches) by extensions ['ros']
[2.839s] Level 1:colcon.colcon_core.package_identification:_identify(sketches) by extension 'ros'
[2.840s] Level 1:colcon.colcon_core.package_identification:_identify(sketches) by extensions ['cmake', 'python']
[2.841s] Level 1:colcon.colcon_core.package_identification:_identify(sketches) by extension 'cmake'
[2.841s] Level 1:colcon.colcon_core.package_identification:_identify(sketches) by extension 'python'
[2.841s] Level 1:colcon.colcon_core.package_identification:_identify(sketches) by extensions ['python_setup_py']
[2.842s] Level 1:colcon.colcon_core.package_identification:_identify(sketches) by extension 'python_setup_py'
[2.843s] Level 1:colcon.colcon_core.package_identification:_identify(sketches/driver_ultrason) by extensions ['ignore', 'ignore_ament_install']
[2.843s] Level 1:colcon.colcon_core.package_identification:_identify(sketches/driver_ultrason) by extension 'ignore'
[2.844s] Level 1:colcon.colcon_core.package_identification:_identify(sketches/driver_ultrason) by extension 'ignore_ament_install'
[2.844s] Level 1:colcon.colcon_core.package_identification:_identify(sketches/driver_ultrason) by extensions ['colcon_pkg']
[2.844s] Level 1:colcon.colcon_core.package_identification:_identify(sketches/driver_ultrason) by extension 'colcon_pkg'
[2.845s] Level 1:colcon.colcon_core.package_identification:_identify(sketches/driver_ultrason) by extensions ['colcon_meta']
[2.845s] Level 1:colcon.colcon_core.package_identification:_identify(sketches/driver_ultrason) by extension 'colcon_meta'
[2.845s] Level 1:colcon.colcon_core.package_identification:_identify(sketches/driver_ultrason) by extensions ['ros']
[2.845s] Level 1:colcon.colcon_core.package_identification:_identify(sketches/driver_ultrason) by extension 'ros'
[2.846s] Level 1:colcon.colcon_core.package_identification:_identify(sketches/driver_ultrason) by extensions ['cmake', 'python']
[2.846s] Level 1:colcon.colcon_core.package_identification:_identify(sketches/driver_ultrason) by extension 'cmake'
[2.846s] Level 1:colcon.colcon_core.package_identification:_identify(sketches/driver_ultrason) by extension 'python'
[2.847s] Level 1:colcon.colcon_core.package_identification:_identify(sketches/driver_ultrason) by extensions ['python_setup_py']
[2.847s] Level 1:colcon.colcon_core.package_identification:_identify(sketches/driver_ultrason) by extension 'python_setup_py'
[2.847s] Level 1:colcon.colcon_core.package_identification:_identify(src) by extensions ['ignore', 'ignore_ament_install']
[2.848s] Level 1:colcon.colcon_core.package_identification:_identify(src) by extension 'ignore'
[2.848s] Level 1:colcon.colcon_core.package_identification:_identify(src) by extension 'ignore_ament_install'
[2.848s] Level 1:colcon.colcon_core.package_identification:_identify(src) by extensions ['colcon_pkg']
[2.849s] Level 1:colcon.colcon_core.package_identification:_identify(src) by extension 'colcon_pkg'
[2.849s] Level 1:colcon.colcon_core.package_identification:_identify(src) by extensions ['colcon_meta']
[2.849s] Level 1:colcon.colcon_core.package_identification:_identify(src) by extension 'colcon_meta'
[2.849s] Level 1:colcon.colcon_core.package_identification:_identify(src) by extensions ['ros']
[2.850s] Level 1:colcon.colcon_core.package_identification:_identify(src) by extension 'ros'
[2.850s] Level 1:colcon.colcon_core.package_identification:_identify(src) by extensions ['cmake', 'python']
[2.850s] Level 1:colcon.colcon_core.package_identification:_identify(src) by extension 'cmake'
[2.851s] Level 1:colcon.colcon_core.package_identification:_identify(src) by extension 'python'
[2.851s] Level 1:colcon.colcon_core.package_identification:_identify(src) by extensions ['python_setup_py']
[2.851s] Level 1:colcon.colcon_core.package_identification:_identify(src) by extension 'python_setup_py'
[2.852s] Level 1:colcon.colcon_core.package_identification:_identify(src/actionneurs) by extensions ['ignore', 'ignore_ament_install']
[2.853s] Level 1:colcon.colcon_core.package_identification:_identify(src/actionneurs) by extension 'ignore'
[2.853s] Level 1:colcon.colcon_core.package_identification:_identify(src/actionneurs) by extension 'ignore_ament_install'
[2.854s] Level 1:colcon.colcon_core.package_identification:_identify(src/actionneurs) by extensions ['colcon_pkg']
[2.854s] Level 1:colcon.colcon_core.package_identification:_identify(src/actionneurs) by extension 'colcon_pkg'
[2.854s] Level 1:colcon.colcon_core.package_identification:_identify(src/actionneurs) by extensions ['colcon_meta']
[2.854s] Level 1:colcon.colcon_core.package_identification:_identify(src/actionneurs) by extension 'colcon_meta'
[2.854s] Level 1:colcon.colcon_core.package_identification:_identify(src/actionneurs) by extensions ['ros']
[2.855s] Level 1:colcon.colcon_core.package_identification:_identify(src/actionneurs) by extension 'ros'
[2.866s] DEBUG:colcon.colcon_core.package_identification:Package 'src/actionneurs' with type 'ros.ament_python' and name 'actionneurs'
[2.867s] Level 1:colcon.colcon_core.package_identification:_identify(src/bin) by extensions ['ignore', 'ignore_ament_install']
[2.868s] Level 1:colcon.colcon_core.package_identification:_identify(src/bin) by extension 'ignore'
[2.868s] Level 1:colcon.colcon_core.package_identification:_identify(src/bin) by extension 'ignore_ament_install'
[2.868s] Level 1:colcon.colcon_core.package_identification:_identify(src/bin) by extensions ['colcon_pkg']
[2.868s] Level 1:colcon.colcon_core.package_identification:_identify(src/bin) by extension 'colcon_pkg'
[2.869s] Level 1:colcon.colcon_core.package_identification:_identify(src/bin) by extensions ['colcon_meta']
[2.869s] Level 1:colcon.colcon_core.package_identification:_identify(src/bin) by extension 'colcon_meta'
[2.869s] Level 1:colcon.colcon_core.package_identification:_identify(src/bin) by extensions ['ros']
[2.869s] Level 1:colcon.colcon_core.package_identification:_identify(src/bin) by extension 'ros'
[2.870s] Level 1:colcon.colcon_core.package_identification:_identify(src/bin) by extensions ['cmake', 'python']
[2.870s] Level 1:colcon.colcon_core.package_identification:_identify(src/bin) by extension 'cmake'
[2.870s] Level 1:colcon.colcon_core.package_identification:_identify(src/bin) by extension 'python'
[2.871s] Level 1:colcon.colcon_core.package_identification:_identify(src/bin) by extensions ['python_setup_py']
[2.871s] Level 1:colcon.colcon_core.package_identification:_identify(src/bin) by extension 'python_setup_py'
[2.871s] Level 1:colcon.colcon_core.package_identification:_identify(src/mon_package_nav2_rviz) by extensions ['ignore', 'ignore_ament_install']
[2.872s] Level 1:colcon.colcon_core.package_identification:_identify(src/mon_package_nav2_rviz) by extension 'ignore'
[2.872s] Level 1:colcon.colcon_core.package_identification:_identify(src/mon_package_nav2_rviz) by extension 'ignore_ament_install'
[2.873s] Level 1:colcon.colcon_core.package_identification:_identify(src/mon_package_nav2_rviz) by extensions ['colcon_pkg']
[2.873s] Level 1:colcon.colcon_core.package_identification:_identify(src/mon_package_nav2_rviz) by extension 'colcon_pkg'
[2.873s] Level 1:colcon.colcon_core.package_identification:_identify(src/mon_package_nav2_rviz) by extensions ['colcon_meta']
[2.873s] Level 1:colcon.colcon_core.package_identification:_identify(src/mon_package_nav2_rviz) by extension 'colcon_meta'
[2.874s] Level 1:colcon.colcon_core.package_identification:_identify(src/mon_package_nav2_rviz) by extensions ['ros']
[2.874s] Level 1:colcon.colcon_core.package_identification:_identify(src/mon_package_nav2_rviz) by extension 'ros'
[2.878s] DEBUG:colcon.colcon_core.package_identification:Package 'src/mon_package_nav2_rviz' with type 'ros.ament_python' and name 'mon_package_nav2_rviz'
[2.879s] Level 1:colcon.colcon_core.package_identification:_identify(src/serial_interface) by extensions ['ignore', 'ignore_ament_install']
[2.880s] Level 1:colcon.colcon_core.package_identification:_identify(src/serial_interface) by extension 'ignore'
[2.880s] Level 1:colcon.colcon_core.package_identification:_identify(src/serial_interface) by extension 'ignore_ament_install'
[2.881s] Level 1:colcon.colcon_core.package_identification:_identify(src/serial_interface) by extensions ['colcon_pkg']
[2.881s] Level 1:colcon.colcon_core.package_identification:_identify(src/serial_interface) by extension 'colcon_pkg'
[2.881s] Level 1:colcon.colcon_core.package_identification:_identify(src/serial_interface) by extensions ['colcon_meta']
[2.881s] Level 1:colcon.colcon_core.package_identification:_identify(src/serial_interface) by extension 'colcon_meta'
[2.882s] Level 1:colcon.colcon_core.package_identification:_identify(src/serial_interface) by extensions ['ros']
[2.882s] Level 1:colcon.colcon_core.package_identification:_identify(src/serial_interface) by extension 'ros'
[2.885s] DEBUG:colcon.colcon_core.package_identification:Package 'src/serial_interface' with type 'ros.ament_python' and name 'serial_interface'
[2.885s] Level 1:colcon.colcon_core.package_discovery:discover_packages(recursive) using defaults
[2.886s] Level 1:colcon.colcon_core.package_discovery:discover_packages(ignore) discover
[2.886s] Level 1:colcon.colcon_core.package_discovery:discover_packages(ignore) using defaults
[2.886s] Level 1:colcon.colcon_core.package_discovery:discover_packages(path) discover
[2.886s] Level 1:colcon.colcon_core.package_discovery:discover_packages(path) using defaults
[3.079s] Level 1:colcon.colcon_core.package_discovery:discover_packages(prefix_path) check parameters
[3.079s] Level 1:colcon.colcon_core.package_discovery:discover_packages(prefix_path) discover
[3.098s] DEBUG:colcon.colcon_installed_package_information.package_discovery:Found 4 installed packages in /home/rpi/ros2_ws/install
[3.104s] DEBUG:colcon.colcon_installed_package_information.package_discovery:Found 3 installed packages in /home/rpi/my_ws/install
[3.120s] DEBUG:colcon.colcon_installed_package_information.package_discovery:Found 323 installed packages in /opt/ros/humble
[3.133s] Level 1:colcon.colcon_core.package_discovery:discover_packages(prefix_path) using defaults
[3.470s] Level 5:colcon.colcon_core.verb:set package 'actionneurs' build argument 'cmake_args' from command line to 'None'
[3.471s] Level 5:colcon.colcon_core.verb:set package 'actionneurs' build argument 'cmake_target' from command line to 'None'
[3.471s] Level 5:colcon.colcon_core.verb:set package 'actionneurs' build argument 'cmake_target_skip_unavailable' from command line to 'False'
[3.471s] Level 5:colcon.colcon_core.verb:set package 'actionneurs' build argument 'cmake_clean_cache' from command line to 'False'
[3.471s] Level 5:colcon.colcon_core.verb:set package 'actionneurs' build argument 'cmake_clean_first' from command line to 'False'
[3.471s] Level 5:colcon.colcon_core.verb:set package 'actionneurs' build argument 'cmake_force_configure' from command line to 'False'
[3.471s] Level 5:colcon.colcon_core.verb:set package 'actionneurs' build argument 'ament_cmake_args' from command line to 'None'
[3.471s] Level 5:colcon.colcon_core.verb:set package 'actionneurs' build argument 'catkin_cmake_args' from command line to 'None'
[3.472s] Level 5:colcon.colcon_core.verb:set package 'actionneurs' build argument 'catkin_skip_building_tests' from command line to 'False'
[3.472s] DEBUG:colcon.colcon_core.verb:Building package 'actionneurs' with the following arguments: {'ament_cmake_args': None, 'build_base': '/home/rpi/ros2_ws/build/actionneurs', 'catkin_cmake_args': None, 'catkin_skip_building_tests': False, 'cmake_args': None, 'cmake_clean_cache': False, 'cmake_clean_first': False, 'cmake_force_configure': False, 'cmake_target': None, 'cmake_target_skip_unavailable': False, 'install_base': '/home/rpi/ros2_ws/install/actionneurs', 'merge_install': False, 'path': '/home/rpi/ros2_ws/src/actionneurs', 'symlink_install': False, 'test_result_base': None}
[3.473s] Level 5:colcon.colcon_core.verb:set package 'mon_package_nav2_rviz' build argument 'cmake_args' from command line to 'None'
[3.474s] Level 5:colcon.colcon_core.verb:set package 'mon_package_nav2_rviz' build argument 'cmake_target' from command line to 'None'
[3.474s] Level 5:colcon.colcon_core.verb:set package 'mon_package_nav2_rviz' build argument 'cmake_target_skip_unavailable' from command line to 'False'
[3.474s] Level 5:colcon.colcon_core.verb:set package 'mon_package_nav2_rviz' build argument 'cmake_clean_cache' from command line to 'False'
[3.474s] Level 5:colcon.colcon_core.verb:set package 'mon_package_nav2_rviz' build argument 'cmake_clean_first' from command line to 'False'
[3.474s] Level 5:colcon.colcon_core.verb:set package 'mon_package_nav2_rviz' build argument 'cmake_force_configure' from command line to 'False'
[3.474s] Level 5:colcon.colcon_core.verb:set package 'mon_package_nav2_rviz' build argument 'ament_cmake_args' from command line to 'None'
[3.474s] Level 5:colcon.colcon_core.verb:set package 'mon_package_nav2_rviz' build argument 'catkin_cmake_args' from command line to 'None'
[3.474s] Level 5:colcon.colcon_core.verb:set package 'mon_package_nav2_rviz' build argument 'catkin_skip_building_tests' from command line to 'False'
[3.475s] DEBUG:colcon.colcon_core.verb:Building package 'mon_package_nav2_rviz' with the following arguments: {'ament_cmake_args': None, 'build_base': '/home/rpi/ros2_ws/build/mon_package_nav2_rviz', 'catkin_cmake_args': None, 'catkin_skip_building_tests': False, 'cmake_args': None, 'cmake_clean_cache': False, 'cmake_clean_first': False, 'cmake_force_configure': False, 'cmake_target': None, 'cmake_target_skip_unavailable': False, 'install_base': '/home/rpi/ros2_ws/install/mon_package_nav2_rviz', 'merge_install': False, 'path': '/home/rpi/ros2_ws/src/mon_package_nav2_rviz', 'symlink_install': False, 'test_result_base': None}
[3.476s] Level 5:colcon.colcon_core.verb:set package 'serial_interface' build argument 'cmake_args' from command line to 'None'
[3.477s] Level 5:colcon.colcon_core.verb:set package 'serial_interface' build argument 'cmake_target' from command line to 'None'
[3.477s] Level 5:colcon.colcon_core.verb:set package 'serial_interface' build argument 'cmake_target_skip_unavailable' from command line to 'False'
[3.477s] Level 5:colcon.colcon_core.verb:set package 'serial_interface' build argument 'cmake_clean_cache' from command line to 'False'
[3.477s] Level 5:colcon.colcon_core.verb:set package 'serial_interface' build argument 'cmake_clean_first' from command line to 'False'
[3.477s] Level 5:colcon.colcon_core.verb:set package 'serial_interface' build argument 'cmake_force_configure' from command line to 'False'
[3.477s] Level 5:colcon.colcon_core.verb:set package 'serial_interface' build argument 'ament_cmake_args' from command line to 'None'
[3.477s] Level 5:colcon.colcon_core.verb:set package 'serial_interface' build argument 'catkin_cmake_args' from command line to 'None'
[3.478s] Level 5:colcon.colcon_core.verb:set package 'serial_interface' build argument 'catkin_skip_building_tests' from command line to 'False'
[3.478s] DEBUG:colcon.colcon_core.verb:Building package 'serial_interface' with the following arguments: {'ament_cmake_args': None, 'build_base': '/home/rpi/ros2_ws/build/serial_interface', 'catkin_cmake_args': None, 'catkin_skip_building_tests': False, 'cmake_args': None, 'cmake_clean_cache': False, 'cmake_clean_first': False, 'cmake_force_configure': False, 'cmake_target': None, 'cmake_target_skip_unavailable': False, 'install_base': '/home/rpi/ros2_ws/install/serial_interface', 'merge_install': False, 'path': '/home/rpi/ros2_ws/src/serial_interface', 'symlink_install': False, 'test_result_base': None}
[3.479s] INFO:colcon.colcon_core.executor:Executing jobs using 'parallel' executor
[3.485s] DEBUG:colcon.colcon_parallel_executor.executor.parallel:run_until_complete
[3.487s] INFO:colcon.colcon_ros.task.ament_python.build:Building ROS package in '/home/rpi/ros2_ws/src/actionneurs' with build type 'ament_python'
[3.489s] Level 1:colcon.colcon_core.shell:create_environment_hook('actionneurs', 'ament_prefix_path')
[3.505s] INFO:colcon.colcon_core.plugin_system:Skipping extension 'colcon_core.shell.bat': Not used on non-Windows systems
[3.507s] INFO:colcon.colcon_core.shell:Creating environment hook '/home/rpi/ros2_ws/install/actionneurs/share/actionneurs/hook/ament_prefix_path.ps1'
[3.514s] INFO:colcon.colcon_core.shell:Creating environment descriptor '/home/rpi/ros2_ws/install/actionneurs/share/actionneurs/hook/ament_prefix_path.dsv'
[3.518s] INFO:colcon.colcon_core.shell:Creating environment hook '/home/rpi/ros2_ws/install/actionneurs/share/actionneurs/hook/ament_prefix_path.sh'
[3.524s] INFO:colcon.colcon_core.shell:Skip shell extension 'powershell' for command environment: Not usable outside of PowerShell
[3.524s] DEBUG:colcon.colcon_core.shell:Skip shell extension 'dsv' for command environment
[3.553s] INFO:colcon.colcon_ros.task.ament_python.build:Building ROS package in '/home/rpi/ros2_ws/src/mon_package_nav2_rviz' with build type 'ament_python'
[3.554s] Level 1:colcon.colcon_core.shell:create_environment_hook('mon_package_nav2_rviz', 'ament_prefix_path')
[3.556s] INFO:colcon.colcon_core.shell:Creating environment hook '/home/rpi/ros2_ws/install/mon_package_nav2_rviz/share/mon_package_nav2_rviz/hook/ament_prefix_path.ps1'
[3.559s] INFO:colcon.colcon_core.shell:Creating environment descriptor '/home/rpi/ros2_ws/install/mon_package_nav2_rviz/share/mon_package_nav2_rviz/hook/ament_prefix_path.dsv'
[3.562s] INFO:colcon.colcon_core.shell:Creating environment hook '/home/rpi/ros2_ws/install/mon_package_nav2_rviz/share/mon_package_nav2_rviz/hook/ament_prefix_path.sh'
[3.566s] INFO:colcon.colcon_core.shell:Skip shell extension 'powershell' for command environment: Not usable outside of PowerShell
[3.566s] DEBUG:colcon.colcon_core.shell:Skip shell extension 'dsv' for command environment
[3.593s] INFO:colcon.colcon_ros.task.ament_python.build:Building ROS package in '/home/rpi/ros2_ws/src/serial_interface' with build type 'ament_python'
[3.594s] Level 1:colcon.colcon_core.shell:create_environment_hook('serial_interface', 'ament_prefix_path')
[3.596s] INFO:colcon.colcon_core.shell:Creating environment hook '/home/rpi/ros2_ws/install/serial_interface/share/serial_interface/hook/ament_prefix_path.ps1'
[3.600s] INFO:colcon.colcon_core.shell:Creating environment descriptor '/home/rpi/ros2_ws/install/serial_interface/share/serial_interface/hook/ament_prefix_path.dsv'
[3.605s] INFO:colcon.colcon_core.shell:Creating environment hook '/home/rpi/ros2_ws/install/serial_interface/share/serial_interface/hook/ament_prefix_path.sh'
[3.613s] INFO:colcon.colcon_core.shell:Skip shell extension 'powershell' for command environment: Not usable outside of PowerShell
[3.613s] DEBUG:colcon.colcon_core.shell:Skip shell extension 'dsv' for command environment
[5.958s] INFO:colcon.colcon_core.task.python.build:Building Python package in '/home/rpi/ros2_ws/src/actionneurs'
[5.960s] INFO:colcon.colcon_core.shell:Skip shell extension 'powershell' for command environment: Not usable outside of PowerShell
[5.965s] DEBUG:colcon.colcon_core.shell:Skip shell extension 'dsv' for command environment
[8.459s] INFO:colcon.colcon_core.task.python.build:Building Python package in '/home/rpi/ros2_ws/src/mon_package_nav2_rviz'
[8.460s] INFO:colcon.colcon_core.shell:Skip shell extension 'powershell' for command environment: Not usable outside of PowerShell
[8.461s] DEBUG:colcon.colcon_core.shell:Skip shell extension 'dsv' for command environment
[10.826s] INFO:colcon.colcon_core.task.python.build:Building Python package in '/home/rpi/ros2_ws/src/serial_interface'
[10.828s] INFO:colcon.colcon_core.shell:Skip shell extension 'powershell' for command environment: Not usable outside of PowerShell
[10.828s] DEBUG:colcon.colcon_core.shell:Skip shell extension 'dsv' for command environment
[14.620s] DEBUG:colcon.colcon_core.event_handler.log_command:Invoking command in '/home/rpi/ros2_ws/src/mon_package_nav2_rviz': PYTHONPATH=/home/rpi/ros2_ws/build/mon_package_nav2_rviz/prefix_override:/usr/lib/python3/dist-packages/colcon_core/task/python/colcon_distutils_commands:/home/rpi/ros2_ws/install/mon_package_nav2_rviz/lib/python3.10/site-packages:${PYTHONPATH} /usr/bin/python3 -W ignore:setup.py install is deprecated -W ignore:easy_install command is deprecated setup.py egg_info --egg-base ../../build/mon_package_nav2_rviz build --build-base /home/rpi/ros2_ws/build/mon_package_nav2_rviz/build install --record /home/rpi/ros2_ws/build/mon_package_nav2_rviz/install.log --single-version-externally-managed install_data
[14.863s] DEBUG:colcon.colcon_core.event_handler.log_command:Invoking command in '/home/rpi/ros2_ws/src/actionneurs': PYTHONPATH=/home/rpi/ros2_ws/build/actionneurs/prefix_override:/usr/lib/python3/dist-packages/colcon_core/task/python/colcon_distutils_commands:/home/rpi/ros2_ws/install/actionneurs/lib/python3.10/site-packages:${PYTHONPATH} /usr/bin/python3 -W ignore:setup.py install is deprecated -W ignore:easy_install command is deprecated setup.py egg_info --egg-base ../../build/actionneurs build --build-base /home/rpi/ros2_ws/build/actionneurs/build install --record /home/rpi/ros2_ws/build/actionneurs/install.log --single-version-externally-managed install_data
[15.240s] DEBUG:colcon.colcon_core.event_handler.log_command:Invoking command in '/home/rpi/ros2_ws/src/serial_interface': PYTHONPATH=/home/rpi/ros2_ws/build/serial_interface/prefix_override:/usr/lib/python3/dist-packages/colcon_core/task/python/colcon_distutils_commands:/home/rpi/ros2_ws/install/serial_interface/lib/python3.10/site-packages:${PYTHONPATH} /usr/bin/python3 -W ignore:setup.py install is deprecated -W ignore:easy_install command is deprecated setup.py egg_info --egg-base ../../build/serial_interface build --build-base /home/rpi/ros2_ws/build/serial_interface/build install --record /home/rpi/ros2_ws/build/serial_interface/install.log --single-version-externally-managed install_data
[17.939s] DEBUG:colcon.colcon_core.event_handler.log_command:Invoked command in '/home/rpi/ros2_ws/src/mon_package_nav2_rviz' returned '0': PYTHONPATH=/home/rpi/ros2_ws/build/mon_package_nav2_rviz/prefix_override:/usr/lib/python3/dist-packages/colcon_core/task/python/colcon_distutils_commands:/home/rpi/ros2_ws/install/mon_package_nav2_rviz/lib/python3.10/site-packages:${PYTHONPATH} /usr/bin/python3 -W ignore:setup.py install is deprecated -W ignore:easy_install command is deprecated setup.py egg_info --egg-base ../../build/mon_package_nav2_rviz build --build-base /home/rpi/ros2_ws/build/mon_package_nav2_rviz/build install --record /home/rpi/ros2_ws/build/mon_package_nav2_rviz/install.log --single-version-externally-managed install_data
[17.955s] Level 1:colcon.colcon_core.environment:checking '/home/rpi/ros2_ws/install/mon_package_nav2_rviz' for CMake module files
[17.958s] Level 1:colcon.colcon_core.environment:checking '/home/rpi/ros2_ws/install/mon_package_nav2_rviz' for CMake config files
[17.965s] Level 1:colcon.colcon_core.environment:checking '/home/rpi/ros2_ws/install/mon_package_nav2_rviz/lib'
[17.966s] Level 1:colcon.colcon_core.environment:checking '/home/rpi/ros2_ws/install/mon_package_nav2_rviz/bin'
[17.967s] Level 1:colcon.colcon_core.environment:checking '/home/rpi/ros2_ws/install/mon_package_nav2_rviz/lib/pkgconfig/mon_package_nav2_rviz.pc'
[17.969s] Level 1:colcon.colcon_core.environment:checking '/home/rpi/ros2_ws/install/mon_package_nav2_rviz/lib/python3.10/site-packages'
[17.969s] Level 1:colcon.colcon_core.shell:create_environment_hook('mon_package_nav2_rviz', 'pythonpath')
[17.971s] INFO:colcon.colcon_core.shell:Creating environment hook '/home/rpi/ros2_ws/install/mon_package_nav2_rviz/share/mon_package_nav2_rviz/hook/pythonpath.ps1'
[17.974s] INFO:colcon.colcon_core.shell:Creating environment descriptor '/home/rpi/ros2_ws/install/mon_package_nav2_rviz/share/mon_package_nav2_rviz/hook/pythonpath.dsv'
[17.978s] INFO:colcon.colcon_core.shell:Creating environment hook '/home/rpi/ros2_ws/install/mon_package_nav2_rviz/share/mon_package_nav2_rviz/hook/pythonpath.sh'
[17.985s] Level 1:colcon.colcon_core.environment:checking '/home/rpi/ros2_ws/install/mon_package_nav2_rviz/bin'
[17.986s] Level 1:colcon.colcon_core.environment:create_environment_scripts_only(mon_package_nav2_rviz)
[17.988s] INFO:colcon.colcon_core.shell:Creating package script '/home/rpi/ros2_ws/install/mon_package_nav2_rviz/share/mon_package_nav2_rviz/package.ps1'
[17.995s] INFO:colcon.colcon_core.shell:Creating package descriptor '/home/rpi/ros2_ws/install/mon_package_nav2_rviz/share/mon_package_nav2_rviz/package.dsv'
[18.001s] INFO:colcon.colcon_core.shell:Creating package script '/home/rpi/ros2_ws/install/mon_package_nav2_rviz/share/mon_package_nav2_rviz/package.sh'
[18.010s] INFO:colcon.colcon_core.shell:Creating package script '/home/rpi/ros2_ws/install/mon_package_nav2_rviz/share/mon_package_nav2_rviz/package.bash'
[18.018s] INFO:colcon.colcon_core.shell:Creating package script '/home/rpi/ros2_ws/install/mon_package_nav2_rviz/share/mon_package_nav2_rviz/package.zsh'
[18.028s] Level 1:colcon.colcon_core.environment:create_file_with_runtime_dependencies(/home/rpi/ros2_ws/install/mon_package_nav2_rviz/share/colcon-core/packages/mon_package_nav2_rviz)
[18.304s] Level 1:colcon.colcon_core.environment:checking '/home/rpi/ros2_ws/install/actionneurs' for CMake module files
[18.308s] DEBUG:colcon.colcon_core.event_handler.log_command:Invoked command in '/home/rpi/ros2_ws/src/actionneurs' returned '0': PYTHONPATH=/home/rpi/ros2_ws/build/actionneurs/prefix_override:/usr/lib/python3/dist-packages/colcon_core/task/python/colcon_distutils_commands:/home/rpi/ros2_ws/install/actionneurs/lib/python3.10/site-packages:${PYTHONPATH} /usr/bin/python3 -W ignore:setup.py install is deprecated -W ignore:easy_install command is deprecated setup.py egg_info --egg-base ../../build/actionneurs build --build-base /home/rpi/ros2_ws/build/actionneurs/build install --record /home/rpi/ros2_ws/build/actionneurs/install.log --single-version-externally-managed install_data
[18.310s] Level 1:colcon.colcon_core.environment:checking '/home/rpi/ros2_ws/install/actionneurs' for CMake config files
[18.319s] Level 1:colcon.colcon_core.environment:checking '/home/rpi/ros2_ws/install/actionneurs/lib'
[18.320s] Level 1:colcon.colcon_core.environment:checking '/home/rpi/ros2_ws/install/actionneurs/bin'
[18.321s] Level 1:colcon.colcon_core.environment:checking '/home/rpi/ros2_ws/install/actionneurs/lib/pkgconfig/actionneurs.pc'
[18.324s] Level 1:colcon.colcon_core.environment:checking '/home/rpi/ros2_ws/install/actionneurs/lib/python3.10/site-packages'
[18.324s] Level 1:colcon.colcon_core.shell:create_environment_hook('actionneurs', 'pythonpath')
[18.326s] INFO:colcon.colcon_core.shell:Creating environment hook '/home/rpi/ros2_ws/install/actionneurs/share/actionneurs/hook/pythonpath.ps1'
[18.330s] INFO:colcon.colcon_core.shell:Creating environment descriptor '/home/rpi/ros2_ws/install/actionneurs/share/actionneurs/hook/pythonpath.dsv'
[18.332s] INFO:colcon.colcon_core.shell:Creating environment hook '/home/rpi/ros2_ws/install/actionneurs/share/actionneurs/hook/pythonpath.sh'
[18.337s] Level 1:colcon.colcon_core.environment:checking '/home/rpi/ros2_ws/install/actionneurs/bin'
[18.338s] Level 1:colcon.colcon_core.environment:create_environment_scripts_only(actionneurs)
[18.340s] INFO:colcon.colcon_core.shell:Creating package script '/home/rpi/ros2_ws/install/actionneurs/share/actionneurs/package.ps1'
[18.345s] INFO:colcon.colcon_core.shell:Creating package descriptor '/home/rpi/ros2_ws/install/actionneurs/share/actionneurs/package.dsv'
[18.348s] INFO:colcon.colcon_core.shell:Creating package script '/home/rpi/ros2_ws/install/actionneurs/share/actionneurs/package.sh'
[18.353s] INFO:colcon.colcon_core.shell:Creating package script '/home/rpi/ros2_ws/install/actionneurs/share/actionneurs/package.bash'
[18.356s] INFO:colcon.colcon_core.shell:Creating package script '/home/rpi/ros2_ws/install/actionneurs/share/actionneurs/package.zsh'
[18.359s] Level 1:colcon.colcon_core.environment:create_file_with_runtime_dependencies(/home/rpi/ros2_ws/install/actionneurs/share/colcon-core/packages/actionneurs)
[18.826s] Level 1:colcon.colcon_core.environment:checking '/home/rpi/ros2_ws/install/serial_interface' for CMake module files
[18.830s] DEBUG:colcon.colcon_core.event_handler.log_command:Invoked command in '/home/rpi/ros2_ws/src/serial_interface' returned '0': PYTHONPATH=/home/rpi/ros2_ws/build/serial_interface/prefix_override:/usr/lib/python3/dist-packages/colcon_core/task/python/colcon_distutils_commands:/home/rpi/ros2_ws/install/serial_interface/lib/python3.10/site-packages:${PYTHONPATH} /usr/bin/python3 -W ignore:setup.py install is deprecated -W ignore:easy_install command is deprecated setup.py egg_info --egg-base ../../build/serial_interface build --build-base /home/rpi/ros2_ws/build/serial_interface/build install --record /home/rpi/ros2_ws/build/serial_interface/install.log --single-version-externally-managed install_data
[18.834s] Level 1:colcon.colcon_core.environment:checking '/home/rpi/ros2_ws/install/serial_interface' for CMake config files
[18.840s] Level 1:colcon.colcon_core.environment:checking '/home/rpi/ros2_ws/install/serial_interface/lib'
[18.841s] Level 1:colcon.colcon_core.environment:checking '/home/rpi/ros2_ws/install/serial_interface/bin'
[18.842s] Level 1:colcon.colcon_core.environment:checking '/home/rpi/ros2_ws/install/serial_interface/lib/pkgconfig/serial_interface.pc'
[18.844s] Level 1:colcon.colcon_core.environment:checking '/home/rpi/ros2_ws/install/serial_interface/lib/python3.10/site-packages'
[18.845s] Level 1:colcon.colcon_core.shell:create_environment_hook('serial_interface', 'pythonpath')
[18.846s] INFO:colcon.colcon_core.shell:Creating environment hook '/home/rpi/ros2_ws/install/serial_interface/share/serial_interface/hook/pythonpath.ps1'
[18.848s] INFO:colcon.colcon_core.shell:Creating environment descriptor '/home/rpi/ros2_ws/install/serial_interface/share/serial_interface/hook/pythonpath.dsv'
[18.851s] INFO:colcon.colcon_core.shell:Creating environment hook '/home/rpi/ros2_ws/install/serial_interface/share/serial_interface/hook/pythonpath.sh'
[18.860s] Level 1:colcon.colcon_core.environment:checking '/home/rpi/ros2_ws/install/serial_interface/bin'
[18.861s] Level 1:colcon.colcon_core.environment:create_environment_scripts_only(serial_interface)
[18.864s] INFO:colcon.colcon_core.shell:Creating package script '/home/rpi/ros2_ws/install/serial_interface/share/serial_interface/package.ps1'
[18.868s] INFO:colcon.colcon_core.shell:Creating package descriptor '/home/rpi/ros2_ws/install/serial_interface/share/serial_interface/package.dsv'
[18.872s] INFO:colcon.colcon_core.shell:Creating package script '/home/rpi/ros2_ws/install/serial_interface/share/serial_interface/package.sh'
[18.876s] INFO:colcon.colcon_core.shell:Creating package script '/home/rpi/ros2_ws/install/serial_interface/share/serial_interface/package.bash'
[18.879s] INFO:colcon.colcon_core.shell:Creating package script '/home/rpi/ros2_ws/install/serial_interface/share/serial_interface/package.zsh'
[18.883s] Level 1:colcon.colcon_core.environment:create_file_with_runtime_dependencies(/home/rpi/ros2_ws/install/serial_interface/share/colcon-core/packages/serial_interface)
[18.885s] DEBUG:colcon.colcon_parallel_executor.executor.parallel:closing loop
[18.886s] DEBUG:colcon.colcon_parallel_executor.executor.parallel:loop closed
[18.887s] DEBUG:colcon.colcon_parallel_executor.executor.parallel:run_until_complete finished with '0'
[18.888s] DEBUG:colcon.colcon_core.event_reactor:joining thread
[18.917s] INFO:colcon.colcon_core.plugin_system:Skipping extension 'colcon_notification.desktop_notification.terminal_notifier': Not used on non-Darwin systems
[18.917s] INFO:colcon.colcon_core.plugin_system:Skipping extension 'colcon_notification.desktop_notification.win32': Not used on non-Windows systems
[18.918s] INFO:colcon.colcon_notification.desktop_notification:Sending desktop notification using 'notify2'
[18.994s] DEBUG:colcon.colcon_core.event_reactor:joined thread
[18.996s] INFO:colcon.colcon_core.shell:Creating prefix script '/home/rpi/ros2_ws/install/local_setup.ps1'
[19.004s] INFO:colcon.colcon_core.shell:Creating prefix util module '/home/rpi/ros2_ws/install/_local_setup_util_ps1.py'
[19.014s] INFO:colcon.colcon_core.shell:Creating prefix chain script '/home/rpi/ros2_ws/install/setup.ps1'
[19.021s] INFO:colcon.colcon_core.shell:Creating prefix script '/home/rpi/ros2_ws/install/local_setup.sh'
[19.026s] INFO:colcon.colcon_core.shell:Creating prefix util module '/home/rpi/ros2_ws/install/_local_setup_util_sh.py'
[19.032s] INFO:colcon.colcon_core.shell:Creating prefix chain script '/home/rpi/ros2_ws/install/setup.sh'
[19.042s] INFO:colcon.colcon_core.shell:Creating prefix script '/home/rpi/ros2_ws/install/local_setup.bash'
[19.046s] INFO:colcon.colcon_core.shell:Creating prefix chain script '/home/rpi/ros2_ws/install/setup.bash'
[19.055s] INFO:colcon.colcon_core.shell:Creating prefix script '/home/rpi/ros2_ws/install/local_setup.zsh'
[19.058s] INFO:colcon.colcon_core.shell:Creating prefix chain script '/home/rpi/ros2_ws/install/setup.zsh'
