[4.527s] Invoking command in '/home/rpi/ros2_ws/src/serial_interface': PYTHONPATH=/home/rpi/ros2_ws/build/serial_interface/prefix_override:/usr/lib/python3/dist-packages/colcon_core/task/python/colcon_distutils_commands:/home/rpi/ros2_ws/install/serial_interface/lib/python3.10/site-packages:${PYTHONPATH} /usr/bin/python3 -W ignore:setup.py install is deprecated -W ignore:easy_install command is deprecated setup.py egg_info --egg-base ../../build/serial_interface build --build-base /home/rpi/ros2_ws/build/serial_interface/build install --record /home/rpi/ros2_ws/build/serial_interface/install.log --single-version-externally-managed install_data
[5.774s] running egg_info
[5.777s] writing ../../build/serial_interface/serial_interface.egg-info/PKG-INFO
[5.778s] writing dependency_links to ../../build/serial_interface/serial_interface.egg-info/dependency_links.txt
[5.780s] writing entry points to ../../build/serial_interface/serial_interface.egg-info/entry_points.txt
[5.781s] writing requirements to ../../build/serial_interface/serial_interface.egg-info/requires.txt
[5.781s] writing top-level names to ../../build/serial_interface/serial_interface.egg-info/top_level.txt
[5.790s] reading manifest file '../../build/serial_interface/serial_interface.egg-info/SOURCES.txt'
[5.794s] writing manifest file '../../build/serial_interface/serial_interface.egg-info/SOURCES.txt'
[5.795s] running build
[5.795s] running build_py
[5.803s] running install
[5.805s] running install_lib
[5.812s] running install_data
[5.813s] running install_egg_info
[5.822s] removing '/home/rpi/ros2_ws/install/serial_interface/lib/python3.10/site-packages/serial_interface-0.0.0-py3.10.egg-info' (and everything under it)
[5.824s] Copying ../../build/serial_interface/serial_interface.egg-info to /home/rpi/ros2_ws/install/serial_interface/lib/python3.10/site-packages/serial_interface-0.0.0-py3.10.egg-info
[5.829s] running install_scripts
[5.914s] Installing led_control_node script to /home/rpi/ros2_ws/install/serial_interface/lib/serial_interface
[5.916s] Installing serial_node script to /home/rpi/ros2_ws/install/serial_interface/lib/serial_interface
[5.917s] Installing webcam_node script to /home/rpi/ros2_ws/install/serial_interface/lib/serial_interface
[5.920s] writing list of installed files to '/home/rpi/ros2_ws/build/serial_interface/install.log'
[6.152s] Invoked command in '/home/rpi/ros2_ws/src/serial_interface' returned '0': PYTHONPATH=/home/rpi/ros2_ws/build/serial_interface/prefix_override:/usr/lib/python3/dist-packages/colcon_core/task/python/colcon_distutils_commands:/home/rpi/ros2_ws/install/serial_interface/lib/python3.10/site-packages:${PYTHONPATH} /usr/bin/python3 -W ignore:setup.py install is deprecated -W ignore:easy_install command is deprecated setup.py egg_info --egg-base ../../build/serial_interface build --build-base /home/rpi/ros2_ws/build/serial_interface/build install --record /home/rpi/ros2_ws/build/serial_interface/install.log --single-version-externally-managed install_data
