[0.475s] DEBUG:colcon:Command line arguments: ['/usr/bin/colcon', 'build']
[0.476s] DEBUG:colcon:Parsed command line arguments: Namespace(log_base=None, log_level=None, verb_name='build', build_base='build', install_base='install', merge_install=False, symlink_install=False, test_result_base=None, continue_on_error=False, executor='parallel', parallel_workers=4, event_handlers=None, ignore_user_meta=False, metas=['./colcon.meta'], base_paths=['.'], packages_ignore=None, packages_ignore_regex=None, paths=None, packages_up_to=None, packages_up_to_regex=None, packages_above=None, packages_above_and_dependencies=None, packages_above_depth=None, packages_select_by_dep=None, packages_skip_by_dep=None, packages_skip_up_to=None, packages_select_build_failed=False, packages_skip_build_finished=False, packages_select_test_failures=False, packages_skip_test_passed=False, packages_select=None, packages_skip=None, packages_select_regex=None, packages_skip_regex=None, packages_start=None, packages_end=None, allow_overriding=[], cmake_args=None, cmake_target=None, cmake_target_skip_unavailable=False, cmake_clean_cache=False, cmake_clean_first=False, cmake_force_configure=False, ament_cmake_args=None, catkin_cmake_args=None, catkin_skip_building_tests=False, verb_parser=<colcon_defaults.argument_parser.defaults.DefaultArgumentsDecorator object at 0xffffafde6d70>, verb_extension=<colcon_core.verb.build.BuildVerb object at 0xffffaffd8220>, main=<bound method BuildVerb.main of <colcon_core.verb.build.BuildVerb object at 0xffffaffd8220>>)
[1.368s] Level 1:colcon.colcon_core.package_discovery:discover_packages(colcon_meta) check parameters
[1.369s] Level 1:colcon.colcon_core.package_discovery:discover_packages(recursive) check parameters
[1.369s] Level 1:colcon.colcon_core.package_discovery:discover_packages(ignore) check parameters
[1.369s] Level 1:colcon.colcon_core.package_discovery:discover_packages(path) check parameters
[1.369s] Level 1:colcon.colcon_core.package_discovery:discover_packages(colcon_meta) discover
[1.369s] Level 1:colcon.colcon_core.package_discovery:discover_packages(recursive) discover
[1.370s] INFO:colcon.colcon_core.package_discovery:Crawling recursively for packages in '/home/rpi/ros2_ws'
[1.370s] Level 1:colcon.colcon_core.package_identification:_identify(.) by extensions ['ignore', 'ignore_ament_install']
[1.370s] Level 1:colcon.colcon_core.package_identification:_identify(.) by extension 'ignore'
[1.371s] Level 1:colcon.colcon_core.package_identification:_identify(.) by extension 'ignore_ament_install'
[1.371s] Level 1:colcon.colcon_core.package_identification:_identify(.) by extensions ['colcon_pkg']
[1.371s] Level 1:colcon.colcon_core.package_identification:_identify(.) by extension 'colcon_pkg'
[1.371s] Level 1:colcon.colcon_core.package_identification:_identify(.) by extensions ['colcon_meta']
[1.371s] Level 1:colcon.colcon_core.package_identification:_identify(.) by extension 'colcon_meta'
[1.372s] Level 1:colcon.colcon_core.package_identification:_identify(.) by extensions ['ros']
[1.372s] Level 1:colcon.colcon_core.package_identification:_identify(.) by extension 'ros'
[1.415s] Level 1:colcon.colcon_core.package_identification:_identify(.) by extensions ['cmake', 'python']
[1.415s] Level 1:colcon.colcon_core.package_identification:_identify(.) by extension 'cmake'
[1.416s] Level 1:colcon.colcon_core.package_identification:_identify(.) by extension 'python'
[1.416s] Level 1:colcon.colcon_core.package_identification:_identify(.) by extensions ['python_setup_py']
[1.416s] Level 1:colcon.colcon_core.package_identification:_identify(.) by extension 'python_setup_py'
[1.416s] Level 1:colcon.colcon_core.package_identification:_identify(build) by extensions ['ignore', 'ignore_ament_install']
[1.417s] Level 1:colcon.colcon_core.package_identification:_identify(build) by extension 'ignore'
[1.417s] Level 1:colcon.colcon_core.package_identification:_identify(build) ignored
[1.418s] Level 1:colcon.colcon_core.package_identification:_identify(install) by extensions ['ignore', 'ignore_ament_install']
[1.418s] Level 1:colcon.colcon_core.package_identification:_identify(install) by extension 'ignore'
[1.418s] Level 1:colcon.colcon_core.package_identification:_identify(install) ignored
[1.419s] Level 1:colcon.colcon_core.package_identification:_identify(log) by extensions ['ignore', 'ignore_ament_install']
[1.420s] Level 1:colcon.colcon_core.package_identification:_identify(log) by extension 'ignore'
[1.420s] Level 1:colcon.colcon_core.package_identification:_identify(log) ignored
[1.421s] Level 1:colcon.colcon_core.package_identification:_identify(sketches) by extensions ['ignore', 'ignore_ament_install']
[1.422s] Level 1:colcon.colcon_core.package_identification:_identify(sketches) by extension 'ignore'
[1.422s] Level 1:colcon.colcon_core.package_identification:_identify(sketches) by extension 'ignore_ament_install'
[1.422s] Level 1:colcon.colcon_core.package_identification:_identify(sketches) by extensions ['colcon_pkg']
[1.422s] Level 1:colcon.colcon_core.package_identification:_identify(sketches) by extension 'colcon_pkg'
[1.422s] Level 1:colcon.colcon_core.package_identification:_identify(sketches) by extensions ['colcon_meta']
[1.423s] Level 1:colcon.colcon_core.package_identification:_identify(sketches) by extension 'colcon_meta'
[1.423s] Level 1:colcon.colcon_core.package_identification:_identify(sketches) by extensions ['ros']
[1.423s] Level 1:colcon.colcon_core.package_identification:_identify(sketches) by extension 'ros'
[1.423s] Level 1:colcon.colcon_core.package_identification:_identify(sketches) by extensions ['cmake', 'python']
[1.423s] Level 1:colcon.colcon_core.package_identification:_identify(sketches) by extension 'cmake'
[1.424s] Level 1:colcon.colcon_core.package_identification:_identify(sketches) by extension 'python'
[1.424s] Level 1:colcon.colcon_core.package_identification:_identify(sketches) by extensions ['python_setup_py']
[1.424s] Level 1:colcon.colcon_core.package_identification:_identify(sketches) by extension 'python_setup_py'
[1.425s] Level 1:colcon.colcon_core.package_identification:_identify(sketches/driver_ultrason) by extensions ['ignore', 'ignore_ament_install']
[1.425s] Level 1:colcon.colcon_core.package_identification:_identify(sketches/driver_ultrason) by extension 'ignore'
[1.425s] Level 1:colcon.colcon_core.package_identification:_identify(sketches/driver_ultrason) by extension 'ignore_ament_install'
[1.426s] Level 1:colcon.colcon_core.package_identification:_identify(sketches/driver_ultrason) by extensions ['colcon_pkg']
[1.426s] Level 1:colcon.colcon_core.package_identification:_identify(sketches/driver_ultrason) by extension 'colcon_pkg'
[1.426s] Level 1:colcon.colcon_core.package_identification:_identify(sketches/driver_ultrason) by extensions ['colcon_meta']
[1.426s] Level 1:colcon.colcon_core.package_identification:_identify(sketches/driver_ultrason) by extension 'colcon_meta'
[1.426s] Level 1:colcon.colcon_core.package_identification:_identify(sketches/driver_ultrason) by extensions ['ros']
[1.426s] Level 1:colcon.colcon_core.package_identification:_identify(sketches/driver_ultrason) by extension 'ros'
[1.427s] Level 1:colcon.colcon_core.package_identification:_identify(sketches/driver_ultrason) by extensions ['cmake', 'python']
[1.427s] Level 1:colcon.colcon_core.package_identification:_identify(sketches/driver_ultrason) by extension 'cmake'
[1.427s] Level 1:colcon.colcon_core.package_identification:_identify(sketches/driver_ultrason) by extension 'python'
[1.427s] Level 1:colcon.colcon_core.package_identification:_identify(sketches/driver_ultrason) by extensions ['python_setup_py']
[1.427s] Level 1:colcon.colcon_core.package_identification:_identify(sketches/driver_ultrason) by extension 'python_setup_py'
[1.428s] Level 1:colcon.colcon_core.package_identification:_identify(src) by extensions ['ignore', 'ignore_ament_install']
[1.428s] Level 1:colcon.colcon_core.package_identification:_identify(src) by extension 'ignore'
[1.428s] Level 1:colcon.colcon_core.package_identification:_identify(src) by extension 'ignore_ament_install'
[1.429s] Level 1:colcon.colcon_core.package_identification:_identify(src) by extensions ['colcon_pkg']
[1.429s] Level 1:colcon.colcon_core.package_identification:_identify(src) by extension 'colcon_pkg'
[1.429s] Level 1:colcon.colcon_core.package_identification:_identify(src) by extensions ['colcon_meta']
[1.429s] Level 1:colcon.colcon_core.package_identification:_identify(src) by extension 'colcon_meta'
[1.429s] Level 1:colcon.colcon_core.package_identification:_identify(src) by extensions ['ros']
[1.429s] Level 1:colcon.colcon_core.package_identification:_identify(src) by extension 'ros'
[1.430s] Level 1:colcon.colcon_core.package_identification:_identify(src) by extensions ['cmake', 'python']
[1.430s] Level 1:colcon.colcon_core.package_identification:_identify(src) by extension 'cmake'
[1.430s] Level 1:colcon.colcon_core.package_identification:_identify(src) by extension 'python'
[1.430s] Level 1:colcon.colcon_core.package_identification:_identify(src) by extensions ['python_setup_py']
[1.430s] Level 1:colcon.colcon_core.package_identification:_identify(src) by extension 'python_setup_py'
[1.431s] Level 1:colcon.colcon_core.package_identification:_identify(src/actionneurs) by extensions ['ignore', 'ignore_ament_install']
[1.432s] Level 1:colcon.colcon_core.package_identification:_identify(src/actionneurs) by extension 'ignore'
[1.432s] Level 1:colcon.colcon_core.package_identification:_identify(src/actionneurs) by extension 'ignore_ament_install'
[1.432s] Level 1:colcon.colcon_core.package_identification:_identify(src/actionneurs) by extensions ['colcon_pkg']
[1.432s] Level 1:colcon.colcon_core.package_identification:_identify(src/actionneurs) by extension 'colcon_pkg'
[1.432s] Level 1:colcon.colcon_core.package_identification:_identify(src/actionneurs) by extensions ['colcon_meta']
[1.432s] Level 1:colcon.colcon_core.package_identification:_identify(src/actionneurs) by extension 'colcon_meta'
[1.433s] Level 1:colcon.colcon_core.package_identification:_identify(src/actionneurs) by extensions ['ros']
[1.433s] Level 1:colcon.colcon_core.package_identification:_identify(src/actionneurs) by extension 'ros'
[1.443s] DEBUG:colcon.colcon_core.package_identification:Package 'src/actionneurs' with type 'ros.ament_python' and name 'actionneurs'
[1.444s] Level 1:colcon.colcon_core.package_identification:_identify(src/bin) by extensions ['ignore', 'ignore_ament_install']
[1.445s] Level 1:colcon.colcon_core.package_identification:_identify(src/bin) by extension 'ignore'
[1.445s] Level 1:colcon.colcon_core.package_identification:_identify(src/bin) by extension 'ignore_ament_install'
[1.445s] Level 1:colcon.colcon_core.package_identification:_identify(src/bin) by extensions ['colcon_pkg']
[1.445s] Level 1:colcon.colcon_core.package_identification:_identify(src/bin) by extension 'colcon_pkg'
[1.446s] Level 1:colcon.colcon_core.package_identification:_identify(src/bin) by extensions ['colcon_meta']
[1.446s] Level 1:colcon.colcon_core.package_identification:_identify(src/bin) by extension 'colcon_meta'
[1.446s] Level 1:colcon.colcon_core.package_identification:_identify(src/bin) by extensions ['ros']
[1.446s] Level 1:colcon.colcon_core.package_identification:_identify(src/bin) by extension 'ros'
[1.446s] Level 1:colcon.colcon_core.package_identification:_identify(src/bin) by extensions ['cmake', 'python']
[1.447s] Level 1:colcon.colcon_core.package_identification:_identify(src/bin) by extension 'cmake'
[1.447s] Level 1:colcon.colcon_core.package_identification:_identify(src/bin) by extension 'python'
[1.447s] Level 1:colcon.colcon_core.package_identification:_identify(src/bin) by extensions ['python_setup_py']
[1.447s] Level 1:colcon.colcon_core.package_identification:_identify(src/bin) by extension 'python_setup_py'
[1.448s] Level 1:colcon.colcon_core.package_identification:_identify(src/mon_package_nav2_rviz) by extensions ['ignore', 'ignore_ament_install']
[1.449s] Level 1:colcon.colcon_core.package_identification:_identify(src/mon_package_nav2_rviz) by extension 'ignore'
[1.449s] Level 1:colcon.colcon_core.package_identification:_identify(src/mon_package_nav2_rviz) by extension 'ignore_ament_install'
[1.449s] Level 1:colcon.colcon_core.package_identification:_identify(src/mon_package_nav2_rviz) by extensions ['colcon_pkg']
[1.449s] Level 1:colcon.colcon_core.package_identification:_identify(src/mon_package_nav2_rviz) by extension 'colcon_pkg'
[1.450s] Level 1:colcon.colcon_core.package_identification:_identify(src/mon_package_nav2_rviz) by extensions ['colcon_meta']
[1.450s] Level 1:colcon.colcon_core.package_identification:_identify(src/mon_package_nav2_rviz) by extension 'colcon_meta'
[1.450s] Level 1:colcon.colcon_core.package_identification:_identify(src/mon_package_nav2_rviz) by extensions ['ros']
[1.450s] Level 1:colcon.colcon_core.package_identification:_identify(src/mon_package_nav2_rviz) by extension 'ros'
[1.455s] DEBUG:colcon.colcon_core.package_identification:Package 'src/mon_package_nav2_rviz' with type 'ros.ament_python' and name 'mon_package_nav2_rviz'
[1.455s] Level 1:colcon.colcon_core.package_identification:_identify(src/serial_interface) by extensions ['ignore', 'ignore_ament_install']
[1.456s] Level 1:colcon.colcon_core.package_identification:_identify(src/serial_interface) by extension 'ignore'
[1.456s] Level 1:colcon.colcon_core.package_identification:_identify(src/serial_interface) by extension 'ignore_ament_install'
[1.456s] Level 1:colcon.colcon_core.package_identification:_identify(src/serial_interface) by extensions ['colcon_pkg']
[1.456s] Level 1:colcon.colcon_core.package_identification:_identify(src/serial_interface) by extension 'colcon_pkg'
[1.457s] Level 1:colcon.colcon_core.package_identification:_identify(src/serial_interface) by extensions ['colcon_meta']
[1.457s] Level 1:colcon.colcon_core.package_identification:_identify(src/serial_interface) by extension 'colcon_meta'
[1.457s] Level 1:colcon.colcon_core.package_identification:_identify(src/serial_interface) by extensions ['ros']
[1.457s] Level 1:colcon.colcon_core.package_identification:_identify(src/serial_interface) by extension 'ros'
[1.460s] DEBUG:colcon.colcon_core.package_identification:Package 'src/serial_interface' with type 'ros.ament_python' and name 'serial_interface'
[1.460s] Level 1:colcon.colcon_core.package_discovery:discover_packages(recursive) using defaults
[1.461s] Level 1:colcon.colcon_core.package_discovery:discover_packages(ignore) discover
[1.461s] Level 1:colcon.colcon_core.package_discovery:discover_packages(ignore) using defaults
[1.461s] Level 1:colcon.colcon_core.package_discovery:discover_packages(path) discover
[1.461s] Level 1:colcon.colcon_core.package_discovery:discover_packages(path) using defaults
[1.590s] Level 1:colcon.colcon_core.package_discovery:discover_packages(prefix_path) check parameters
[1.590s] Level 1:colcon.colcon_core.package_discovery:discover_packages(prefix_path) discover
[1.601s] DEBUG:colcon.colcon_installed_package_information.package_discovery:Found 4 installed packages in /home/rpi/ros2_ws/install
[1.605s] DEBUG:colcon.colcon_installed_package_information.package_discovery:Found 8 installed packages in /home/rpi/my_ws/install
[1.616s] DEBUG:colcon.colcon_installed_package_information.package_discovery:Found 331 installed packages in /opt/ros/humble
[1.624s] Level 1:colcon.colcon_core.package_discovery:discover_packages(prefix_path) using defaults
[1.816s] Level 5:colcon.colcon_core.verb:set package 'actionneurs' build argument 'cmake_args' from command line to 'None'
[1.816s] Level 5:colcon.colcon_core.verb:set package 'actionneurs' build argument 'cmake_target' from command line to 'None'
[1.816s] Level 5:colcon.colcon_core.verb:set package 'actionneurs' build argument 'cmake_target_skip_unavailable' from command line to 'False'
[1.816s] Level 5:colcon.colcon_core.verb:set package 'actionneurs' build argument 'cmake_clean_cache' from command line to 'False'
[1.816s] Level 5:colcon.colcon_core.verb:set package 'actionneurs' build argument 'cmake_clean_first' from command line to 'False'
[1.816s] Level 5:colcon.colcon_core.verb:set package 'actionneurs' build argument 'cmake_force_configure' from command line to 'False'
[1.816s] Level 5:colcon.colcon_core.verb:set package 'actionneurs' build argument 'ament_cmake_args' from command line to 'None'
[1.816s] Level 5:colcon.colcon_core.verb:set package 'actionneurs' build argument 'catkin_cmake_args' from command line to 'None'
[1.817s] Level 5:colcon.colcon_core.verb:set package 'actionneurs' build argument 'catkin_skip_building_tests' from command line to 'False'
[1.817s] DEBUG:colcon.colcon_core.verb:Building package 'actionneurs' with the following arguments: {'ament_cmake_args': None, 'build_base': '/home/rpi/ros2_ws/build/actionneurs', 'catkin_cmake_args': None, 'catkin_skip_building_tests': False, 'cmake_args': None, 'cmake_clean_cache': False, 'cmake_clean_first': False, 'cmake_force_configure': False, 'cmake_target': None, 'cmake_target_skip_unavailable': False, 'install_base': '/home/rpi/ros2_ws/install/actionneurs', 'merge_install': False, 'path': '/home/rpi/ros2_ws/src/actionneurs', 'symlink_install': False, 'test_result_base': None}
[1.818s] Level 5:colcon.colcon_core.verb:set package 'mon_package_nav2_rviz' build argument 'cmake_args' from command line to 'None'
[1.818s] Level 5:colcon.colcon_core.verb:set package 'mon_package_nav2_rviz' build argument 'cmake_target' from command line to 'None'
[1.818s] Level 5:colcon.colcon_core.verb:set package 'mon_package_nav2_rviz' build argument 'cmake_target_skip_unavailable' from command line to 'False'
[1.818s] Level 5:colcon.colcon_core.verb:set package 'mon_package_nav2_rviz' build argument 'cmake_clean_cache' from command line to 'False'
[1.819s] Level 5:colcon.colcon_core.verb:set package 'mon_package_nav2_rviz' build argument 'cmake_clean_first' from command line to 'False'
[1.819s] Level 5:colcon.colcon_core.verb:set package 'mon_package_nav2_rviz' build argument 'cmake_force_configure' from command line to 'False'
[1.819s] Level 5:colcon.colcon_core.verb:set package 'mon_package_nav2_rviz' build argument 'ament_cmake_args' from command line to 'None'
[1.819s] Level 5:colcon.colcon_core.verb:set package 'mon_package_nav2_rviz' build argument 'catkin_cmake_args' from command line to 'None'
[1.819s] Level 5:colcon.colcon_core.verb:set package 'mon_package_nav2_rviz' build argument 'catkin_skip_building_tests' from command line to 'False'
[1.819s] DEBUG:colcon.colcon_core.verb:Building package 'mon_package_nav2_rviz' with the following arguments: {'ament_cmake_args': None, 'build_base': '/home/rpi/ros2_ws/build/mon_package_nav2_rviz', 'catkin_cmake_args': None, 'catkin_skip_building_tests': False, 'cmake_args': None, 'cmake_clean_cache': False, 'cmake_clean_first': False, 'cmake_force_configure': False, 'cmake_target': None, 'cmake_target_skip_unavailable': False, 'install_base': '/home/rpi/ros2_ws/install/mon_package_nav2_rviz', 'merge_install': False, 'path': '/home/rpi/ros2_ws/src/mon_package_nav2_rviz', 'symlink_install': False, 'test_result_base': None}
[1.821s] Level 5:colcon.colcon_core.verb:set package 'serial_interface' build argument 'cmake_args' from command line to 'None'
[1.821s] Level 5:colcon.colcon_core.verb:set package 'serial_interface' build argument 'cmake_target' from command line to 'None'
[1.821s] Level 5:colcon.colcon_core.verb:set package 'serial_interface' build argument 'cmake_target_skip_unavailable' from command line to 'False'
[1.821s] Level 5:colcon.colcon_core.verb:set package 'serial_interface' build argument 'cmake_clean_cache' from command line to 'False'
[1.821s] Level 5:colcon.colcon_core.verb:set package 'serial_interface' build argument 'cmake_clean_first' from command line to 'False'
[1.821s] Level 5:colcon.colcon_core.verb:set package 'serial_interface' build argument 'cmake_force_configure' from command line to 'False'
[1.821s] Level 5:colcon.colcon_core.verb:set package 'serial_interface' build argument 'ament_cmake_args' from command line to 'None'
[1.821s] Level 5:colcon.colcon_core.verb:set package 'serial_interface' build argument 'catkin_cmake_args' from command line to 'None'
[1.821s] Level 5:colcon.colcon_core.verb:set package 'serial_interface' build argument 'catkin_skip_building_tests' from command line to 'False'
[1.821s] DEBUG:colcon.colcon_core.verb:Building package 'serial_interface' with the following arguments: {'ament_cmake_args': None, 'build_base': '/home/rpi/ros2_ws/build/serial_interface', 'catkin_cmake_args': None, 'catkin_skip_building_tests': False, 'cmake_args': None, 'cmake_clean_cache': False, 'cmake_clean_first': False, 'cmake_force_configure': False, 'cmake_target': None, 'cmake_target_skip_unavailable': False, 'install_base': '/home/rpi/ros2_ws/install/serial_interface', 'merge_install': False, 'path': '/home/rpi/ros2_ws/src/serial_interface', 'symlink_install': False, 'test_result_base': None}
[1.822s] INFO:colcon.colcon_core.executor:Executing jobs using 'parallel' executor
[1.825s] DEBUG:colcon.colcon_parallel_executor.executor.parallel:run_until_complete
[1.826s] INFO:colcon.colcon_ros.task.ament_python.build:Building ROS package in '/home/rpi/ros2_ws/src/actionneurs' with build type 'ament_python'
[1.827s] Level 1:colcon.colcon_core.shell:create_environment_hook('actionneurs', 'ament_prefix_path')
[1.836s] INFO:colcon.colcon_core.plugin_system:Skipping extension 'colcon_core.shell.bat': Not used on non-Windows systems
[1.837s] INFO:colcon.colcon_core.shell:Creating environment hook '/home/rpi/ros2_ws/install/actionneurs/share/actionneurs/hook/ament_prefix_path.ps1'
[1.840s] INFO:colcon.colcon_core.shell:Creating environment descriptor '/home/rpi/ros2_ws/install/actionneurs/share/actionneurs/hook/ament_prefix_path.dsv'
[1.843s] INFO:colcon.colcon_core.shell:Creating environment hook '/home/rpi/ros2_ws/install/actionneurs/share/actionneurs/hook/ament_prefix_path.sh'
[1.846s] INFO:colcon.colcon_core.shell:Skip shell extension 'powershell' for command environment: Not usable outside of PowerShell
[1.847s] DEBUG:colcon.colcon_core.shell:Skip shell extension 'dsv' for command environment
[1.872s] INFO:colcon.colcon_ros.task.ament_python.build:Building ROS package in '/home/rpi/ros2_ws/src/mon_package_nav2_rviz' with build type 'ament_python'
[1.873s] Level 1:colcon.colcon_core.shell:create_environment_hook('mon_package_nav2_rviz', 'ament_prefix_path')
[1.874s] INFO:colcon.colcon_core.shell:Creating environment hook '/home/rpi/ros2_ws/install/mon_package_nav2_rviz/share/mon_package_nav2_rviz/hook/ament_prefix_path.ps1'
[1.876s] INFO:colcon.colcon_core.shell:Creating environment descriptor '/home/rpi/ros2_ws/install/mon_package_nav2_rviz/share/mon_package_nav2_rviz/hook/ament_prefix_path.dsv'
[1.879s] INFO:colcon.colcon_core.shell:Creating environment hook '/home/rpi/ros2_ws/install/mon_package_nav2_rviz/share/mon_package_nav2_rviz/hook/ament_prefix_path.sh'
[1.882s] INFO:colcon.colcon_core.shell:Skip shell extension 'powershell' for command environment: Not usable outside of PowerShell
[1.882s] DEBUG:colcon.colcon_core.shell:Skip shell extension 'dsv' for command environment
[1.907s] INFO:colcon.colcon_ros.task.ament_python.build:Building ROS package in '/home/rpi/ros2_ws/src/serial_interface' with build type 'ament_python'
[1.908s] Level 1:colcon.colcon_core.shell:create_environment_hook('serial_interface', 'ament_prefix_path')
[1.909s] INFO:colcon.colcon_core.shell:Creating environment hook '/home/rpi/ros2_ws/install/serial_interface/share/serial_interface/hook/ament_prefix_path.ps1'
[1.912s] INFO:colcon.colcon_core.shell:Creating environment descriptor '/home/rpi/ros2_ws/install/serial_interface/share/serial_interface/hook/ament_prefix_path.dsv'
[1.914s] INFO:colcon.colcon_core.shell:Creating environment hook '/home/rpi/ros2_ws/install/serial_interface/share/serial_interface/hook/ament_prefix_path.sh'
[1.917s] INFO:colcon.colcon_core.shell:Skip shell extension 'powershell' for command environment: Not usable outside of PowerShell
[1.917s] DEBUG:colcon.colcon_core.shell:Skip shell extension 'dsv' for command environment
[3.261s] INFO:colcon.colcon_core.task.python.build:Building Python package in '/home/rpi/ros2_ws/src/actionneurs'
[3.262s] INFO:colcon.colcon_core.shell:Skip shell extension 'powershell' for command environment: Not usable outside of PowerShell
[3.262s] DEBUG:colcon.colcon_core.shell:Skip shell extension 'dsv' for command environment
[4.606s] INFO:colcon.colcon_core.task.python.build:Building Python package in '/home/rpi/ros2_ws/src/mon_package_nav2_rviz'
[4.607s] INFO:colcon.colcon_core.shell:Skip shell extension 'powershell' for command environment: Not usable outside of PowerShell
[4.607s] DEBUG:colcon.colcon_core.shell:Skip shell extension 'dsv' for command environment
[5.959s] INFO:colcon.colcon_core.task.python.build:Building Python package in '/home/rpi/ros2_ws/src/serial_interface'
[5.960s] INFO:colcon.colcon_core.shell:Skip shell extension 'powershell' for command environment: Not usable outside of PowerShell
[5.961s] DEBUG:colcon.colcon_core.shell:Skip shell extension 'dsv' for command environment
[8.402s] DEBUG:colcon.colcon_core.event_handler.log_command:Invoking command in '/home/rpi/ros2_ws/src/actionneurs': PYTHONPATH=/home/rpi/ros2_ws/build/actionneurs/prefix_override:/usr/lib/python3/dist-packages/colcon_core/task/python/colcon_distutils_commands:/home/rpi/ros2_ws/install/actionneurs/lib/python3.10/site-packages:${PYTHONPATH} /usr/bin/python3 -W ignore:setup.py install is deprecated -W ignore:easy_install command is deprecated setup.py egg_info --egg-base ../../build/actionneurs build --build-base /home/rpi/ros2_ws/build/actionneurs/build install --record /home/rpi/ros2_ws/build/actionneurs/install.log --single-version-externally-managed install_data
[8.445s] DEBUG:colcon.colcon_core.event_handler.log_command:Invoking command in '/home/rpi/ros2_ws/src/mon_package_nav2_rviz': PYTHONPATH=/home/rpi/ros2_ws/build/mon_package_nav2_rviz/prefix_override:/usr/lib/python3/dist-packages/colcon_core/task/python/colcon_distutils_commands:/home/rpi/ros2_ws/install/mon_package_nav2_rviz/lib/python3.10/site-packages:${PYTHONPATH} /usr/bin/python3 -W ignore:setup.py install is deprecated -W ignore:easy_install command is deprecated setup.py egg_info --egg-base ../../build/mon_package_nav2_rviz build --build-base /home/rpi/ros2_ws/build/mon_package_nav2_rviz/build install --record /home/rpi/ros2_ws/build/mon_package_nav2_rviz/install.log --single-version-externally-managed install_data
[8.460s] DEBUG:colcon.colcon_core.event_handler.log_command:Invoking command in '/home/rpi/ros2_ws/src/serial_interface': PYTHONPATH=/home/rpi/ros2_ws/build/serial_interface/prefix_override:/usr/lib/python3/dist-packages/colcon_core/task/python/colcon_distutils_commands:/home/rpi/ros2_ws/install/serial_interface/lib/python3.10/site-packages:${PYTHONPATH} /usr/bin/python3 -W ignore:setup.py install is deprecated -W ignore:easy_install command is deprecated setup.py egg_info --egg-base ../../build/serial_interface build --build-base /home/rpi/ros2_ws/build/serial_interface/build install --record /home/rpi/ros2_ws/build/serial_interface/install.log --single-version-externally-managed install_data
[10.502s] DEBUG:colcon.colcon_core.event_handler.log_command:Invoked command in '/home/rpi/ros2_ws/src/actionneurs' returned '0': PYTHONPATH=/home/rpi/ros2_ws/build/actionneurs/prefix_override:/usr/lib/python3/dist-packages/colcon_core/task/python/colcon_distutils_commands:/home/rpi/ros2_ws/install/actionneurs/lib/python3.10/site-packages:${PYTHONPATH} /usr/bin/python3 -W ignore:setup.py install is deprecated -W ignore:easy_install command is deprecated setup.py egg_info --egg-base ../../build/actionneurs build --build-base /home/rpi/ros2_ws/build/actionneurs/build install --record /home/rpi/ros2_ws/build/actionneurs/install.log --single-version-externally-managed install_data
[10.531s] Level 1:colcon.colcon_core.environment:checking '/home/rpi/ros2_ws/install/actionneurs' for CMake module files
[10.537s] Level 1:colcon.colcon_core.environment:checking '/home/rpi/ros2_ws/install/actionneurs' for CMake config files
[10.543s] Level 1:colcon.colcon_core.environment:checking '/home/rpi/ros2_ws/install/actionneurs/lib'
[10.544s] Level 1:colcon.colcon_core.environment:checking '/home/rpi/ros2_ws/install/actionneurs/bin'
[10.544s] Level 1:colcon.colcon_core.environment:checking '/home/rpi/ros2_ws/install/actionneurs/lib/pkgconfig/actionneurs.pc'
[10.545s] Level 1:colcon.colcon_core.environment:checking '/home/rpi/ros2_ws/install/actionneurs/lib/python3.10/site-packages'
[10.545s] Level 1:colcon.colcon_core.shell:create_environment_hook('actionneurs', 'pythonpath')
[10.546s] INFO:colcon.colcon_core.shell:Creating environment hook '/home/rpi/ros2_ws/install/actionneurs/share/actionneurs/hook/pythonpath.ps1'
[10.548s] INFO:colcon.colcon_core.shell:Creating environment descriptor '/home/rpi/ros2_ws/install/actionneurs/share/actionneurs/hook/pythonpath.dsv'
[10.550s] INFO:colcon.colcon_core.shell:Creating environment hook '/home/rpi/ros2_ws/install/actionneurs/share/actionneurs/hook/pythonpath.sh'
[10.553s] Level 1:colcon.colcon_core.environment:checking '/home/rpi/ros2_ws/install/actionneurs/bin'
[10.553s] Level 1:colcon.colcon_core.environment:create_environment_scripts_only(actionneurs)
[10.555s] INFO:colcon.colcon_core.shell:Creating package script '/home/rpi/ros2_ws/install/actionneurs/share/actionneurs/package.ps1'
[10.559s] INFO:colcon.colcon_core.shell:Creating package descriptor '/home/rpi/ros2_ws/install/actionneurs/share/actionneurs/package.dsv'
[10.562s] INFO:colcon.colcon_core.shell:Creating package script '/home/rpi/ros2_ws/install/actionneurs/share/actionneurs/package.sh'
[10.565s] INFO:colcon.colcon_core.shell:Creating package script '/home/rpi/ros2_ws/install/actionneurs/share/actionneurs/package.bash'
[10.568s] INFO:colcon.colcon_core.shell:Creating package script '/home/rpi/ros2_ws/install/actionneurs/share/actionneurs/package.zsh'
[10.571s] Level 1:colcon.colcon_core.environment:create_file_with_runtime_dependencies(/home/rpi/ros2_ws/install/actionneurs/share/colcon-core/packages/actionneurs)
[10.576s] Level 1:colcon.colcon_core.environment:checking '/home/rpi/ros2_ws/install/mon_package_nav2_rviz' for CMake module files
[10.579s] DEBUG:colcon.colcon_core.event_handler.log_command:Invoked command in '/home/rpi/ros2_ws/src/mon_package_nav2_rviz' returned '0': PYTHONPATH=/home/rpi/ros2_ws/build/mon_package_nav2_rviz/prefix_override:/usr/lib/python3/dist-packages/colcon_core/task/python/colcon_distutils_commands:/home/rpi/ros2_ws/install/mon_package_nav2_rviz/lib/python3.10/site-packages:${PYTHONPATH} /usr/bin/python3 -W ignore:setup.py install is deprecated -W ignore:easy_install command is deprecated setup.py egg_info --egg-base ../../build/mon_package_nav2_rviz build --build-base /home/rpi/ros2_ws/build/mon_package_nav2_rviz/build install --record /home/rpi/ros2_ws/build/mon_package_nav2_rviz/install.log --single-version-externally-managed install_data
[10.580s] Level 1:colcon.colcon_core.environment:checking '/home/rpi/ros2_ws/install/mon_package_nav2_rviz' for CMake config files
[10.584s] Level 1:colcon.colcon_core.environment:checking '/home/rpi/ros2_ws/install/mon_package_nav2_rviz/lib'
[10.584s] Level 1:colcon.colcon_core.environment:checking '/home/rpi/ros2_ws/install/mon_package_nav2_rviz/bin'
[10.585s] Level 1:colcon.colcon_core.environment:checking '/home/rpi/ros2_ws/install/mon_package_nav2_rviz/lib/pkgconfig/mon_package_nav2_rviz.pc'
[10.586s] Level 1:colcon.colcon_core.environment:checking '/home/rpi/ros2_ws/install/mon_package_nav2_rviz/lib/python3.10/site-packages'
[10.586s] Level 1:colcon.colcon_core.shell:create_environment_hook('mon_package_nav2_rviz', 'pythonpath')
[10.587s] INFO:colcon.colcon_core.shell:Creating environment hook '/home/rpi/ros2_ws/install/mon_package_nav2_rviz/share/mon_package_nav2_rviz/hook/pythonpath.ps1'
[10.590s] INFO:colcon.colcon_core.shell:Creating environment descriptor '/home/rpi/ros2_ws/install/mon_package_nav2_rviz/share/mon_package_nav2_rviz/hook/pythonpath.dsv'
[10.592s] INFO:colcon.colcon_core.shell:Creating environment hook '/home/rpi/ros2_ws/install/mon_package_nav2_rviz/share/mon_package_nav2_rviz/hook/pythonpath.sh'
[10.596s] Level 1:colcon.colcon_core.environment:checking '/home/rpi/ros2_ws/install/mon_package_nav2_rviz/bin'
[10.596s] Level 1:colcon.colcon_core.environment:create_environment_scripts_only(mon_package_nav2_rviz)
[10.597s] INFO:colcon.colcon_core.shell:Creating package script '/home/rpi/ros2_ws/install/mon_package_nav2_rviz/share/mon_package_nav2_rviz/package.ps1'
[10.600s] INFO:colcon.colcon_core.shell:Creating package descriptor '/home/rpi/ros2_ws/install/mon_package_nav2_rviz/share/mon_package_nav2_rviz/package.dsv'
[10.602s] INFO:colcon.colcon_core.shell:Creating package script '/home/rpi/ros2_ws/install/mon_package_nav2_rviz/share/mon_package_nav2_rviz/package.sh'
[10.604s] INFO:colcon.colcon_core.shell:Creating package script '/home/rpi/ros2_ws/install/mon_package_nav2_rviz/share/mon_package_nav2_rviz/package.bash'
[10.606s] INFO:colcon.colcon_core.shell:Creating package script '/home/rpi/ros2_ws/install/mon_package_nav2_rviz/share/mon_package_nav2_rviz/package.zsh'
[10.608s] Level 1:colcon.colcon_core.environment:create_file_with_runtime_dependencies(/home/rpi/ros2_ws/install/mon_package_nav2_rviz/share/colcon-core/packages/mon_package_nav2_rviz)
[10.610s] Level 1:colcon.colcon_core.environment:checking '/home/rpi/ros2_ws/install/serial_interface' for CMake module files
[10.614s] DEBUG:colcon.colcon_core.event_handler.log_command:Invoked command in '/home/rpi/ros2_ws/src/serial_interface' returned '0': PYTHONPATH=/home/rpi/ros2_ws/build/serial_interface/prefix_override:/usr/lib/python3/dist-packages/colcon_core/task/python/colcon_distutils_commands:/home/rpi/ros2_ws/install/serial_interface/lib/python3.10/site-packages:${PYTHONPATH} /usr/bin/python3 -W ignore:setup.py install is deprecated -W ignore:easy_install command is deprecated setup.py egg_info --egg-base ../../build/serial_interface build --build-base /home/rpi/ros2_ws/build/serial_interface/build install --record /home/rpi/ros2_ws/build/serial_interface/install.log --single-version-externally-managed install_data
[10.615s] Level 1:colcon.colcon_core.environment:checking '/home/rpi/ros2_ws/install/serial_interface' for CMake config files
[10.619s] Level 1:colcon.colcon_core.environment:checking '/home/rpi/ros2_ws/install/serial_interface/lib'
[10.620s] Level 1:colcon.colcon_core.environment:checking '/home/rpi/ros2_ws/install/serial_interface/bin'
[10.620s] Level 1:colcon.colcon_core.environment:checking '/home/rpi/ros2_ws/install/serial_interface/lib/pkgconfig/serial_interface.pc'
[10.621s] Level 1:colcon.colcon_core.environment:checking '/home/rpi/ros2_ws/install/serial_interface/lib/python3.10/site-packages'
[10.621s] Level 1:colcon.colcon_core.shell:create_environment_hook('serial_interface', 'pythonpath')
[10.622s] INFO:colcon.colcon_core.shell:Creating environment hook '/home/rpi/ros2_ws/install/serial_interface/share/serial_interface/hook/pythonpath.ps1'
[10.624s] INFO:colcon.colcon_core.shell:Creating environment descriptor '/home/rpi/ros2_ws/install/serial_interface/share/serial_interface/hook/pythonpath.dsv'
[10.626s] INFO:colcon.colcon_core.shell:Creating environment hook '/home/rpi/ros2_ws/install/serial_interface/share/serial_interface/hook/pythonpath.sh'
[10.629s] Level 1:colcon.colcon_core.environment:checking '/home/rpi/ros2_ws/install/serial_interface/bin'
[10.629s] Level 1:colcon.colcon_core.environment:create_environment_scripts_only(serial_interface)
[10.631s] INFO:colcon.colcon_core.shell:Creating package script '/home/rpi/ros2_ws/install/serial_interface/share/serial_interface/package.ps1'
[10.633s] INFO:colcon.colcon_core.shell:Creating package descriptor '/home/rpi/ros2_ws/install/serial_interface/share/serial_interface/package.dsv'
[10.636s] INFO:colcon.colcon_core.shell:Creating package script '/home/rpi/ros2_ws/install/serial_interface/share/serial_interface/package.sh'
[10.638s] INFO:colcon.colcon_core.shell:Creating package script '/home/rpi/ros2_ws/install/serial_interface/share/serial_interface/package.bash'
[10.640s] INFO:colcon.colcon_core.shell:Creating package script '/home/rpi/ros2_ws/install/serial_interface/share/serial_interface/package.zsh'
[10.642s] Level 1:colcon.colcon_core.environment:create_file_with_runtime_dependencies(/home/rpi/ros2_ws/install/serial_interface/share/colcon-core/packages/serial_interface)
[10.642s] DEBUG:colcon.colcon_parallel_executor.executor.parallel:closing loop
[10.644s] DEBUG:colcon.colcon_parallel_executor.executor.parallel:loop closed
[10.644s] DEBUG:colcon.colcon_parallel_executor.executor.parallel:run_until_complete finished with '0'
[10.645s] DEBUG:colcon.colcon_core.event_reactor:joining thread
[10.667s] INFO:colcon.colcon_core.plugin_system:Skipping extension 'colcon_notification.desktop_notification.terminal_notifier': Not used on non-Darwin systems
[10.668s] INFO:colcon.colcon_core.plugin_system:Skipping extension 'colcon_notification.desktop_notification.win32': Not used on non-Windows systems
[10.668s] INFO:colcon.colcon_notification.desktop_notification:Sending desktop notification using 'notify2'
[10.701s] DEBUG:colcon.colcon_core.event_reactor:joined thread
[10.702s] INFO:colcon.colcon_core.shell:Creating prefix script '/home/rpi/ros2_ws/install/local_setup.ps1'
[10.706s] INFO:colcon.colcon_core.shell:Creating prefix util module '/home/rpi/ros2_ws/install/_local_setup_util_ps1.py'
[10.714s] INFO:colcon.colcon_core.shell:Creating prefix chain script '/home/rpi/ros2_ws/install/setup.ps1'
[10.723s] INFO:colcon.colcon_core.shell:Creating prefix script '/home/rpi/ros2_ws/install/local_setup.sh'
[10.726s] INFO:colcon.colcon_core.shell:Creating prefix util module '/home/rpi/ros2_ws/install/_local_setup_util_sh.py'
[10.728s] INFO:colcon.colcon_core.shell:Creating prefix chain script '/home/rpi/ros2_ws/install/setup.sh'
[10.735s] INFO:colcon.colcon_core.shell:Creating prefix script '/home/rpi/ros2_ws/install/local_setup.bash'
[10.739s] INFO:colcon.colcon_core.shell:Creating prefix chain script '/home/rpi/ros2_ws/install/setup.bash'
[10.746s] INFO:colcon.colcon_core.shell:Creating prefix script '/home/rpi/ros2_ws/install/local_setup.zsh'
[10.748s] INFO:colcon.colcon_core.shell:Creating prefix chain script '/home/rpi/ros2_ws/install/setup.zsh'
