[4.986s] Invoking command in '/home/rpi/ros2_ws/src/serial_interface': PYTHONPATH=/home/rpi/ros2_ws/build/serial_interface/prefix_override:/usr/lib/python3/dist-packages/colcon_core/task/python/colcon_distutils_commands:/home/rpi/ros2_ws/install/serial_interface/lib/python3.10/site-packages:${PYTHONPATH} /usr/bin/python3 -W ignore:setup.py install is deprecated -W ignore:easy_install command is deprecated setup.py egg_info --egg-base ../../build/serial_interface build --build-base /home/rpi/ros2_ws/build/serial_interface/build install --record /home/rpi/ros2_ws/build/serial_interface/install.log --single-version-externally-managed install_data
[6.230s] running egg_info
[6.233s] writing ../../build/serial_interface/serial_interface.egg-info/PKG-INFO
[6.235s] writing dependency_links to ../../build/serial_interface/serial_interface.egg-info/dependency_links.txt
[6.236s] writing entry points to ../../build/serial_interface/serial_interface.egg-info/entry_points.txt
[6.238s] writing requirements to ../../build/serial_interface/serial_interface.egg-info/requires.txt
[6.239s] writing top-level names to ../../build/serial_interface/serial_interface.egg-info/top_level.txt
[6.247s] reading manifest file '../../build/serial_interface/serial_interface.egg-info/SOURCES.txt'
[6.284s] writing manifest file '../../build/serial_interface/serial_interface.egg-info/SOURCES.txt'
[6.285s] running build
[6.285s] running build_py
[6.359s] copying serial_interface/ultrasonic_node.py -> /home/rpi/ros2_ws/build/serial_interface/build/lib/serial_interface
[6.370s] running install
[6.372s] running install_lib
[6.376s] copying /home/rpi/ros2_ws/build/serial_interface/build/lib/serial_interface/ultrasonic_node.py -> /home/rpi/ros2_ws/install/serial_interface/lib/python3.10/site-packages/serial_interface
[6.381s] byte-compiling /home/rpi/ros2_ws/install/serial_interface/lib/python3.10/site-packages/serial_interface/ultrasonic_node.py to ultrasonic_node.cpython-310.pyc
[6.383s] running install_data
[6.385s] running install_egg_info
[6.394s] removing '/home/rpi/ros2_ws/install/serial_interface/lib/python3.10/site-packages/serial_interface-0.0.0-py3.10.egg-info' (and everything under it)
[6.395s] Copying ../../build/serial_interface/serial_interface.egg-info to /home/rpi/ros2_ws/install/serial_interface/lib/python3.10/site-packages/serial_interface-0.0.0-py3.10.egg-info
[6.403s] running install_scripts
[6.492s] Installing led_control_node script to /home/rpi/ros2_ws/install/serial_interface/lib/serial_interface
[6.501s] Installing serial_node script to /home/rpi/ros2_ws/install/serial_interface/lib/serial_interface
[6.503s] Installing ultrasonic_node script to /home/rpi/ros2_ws/install/serial_interface/lib/serial_interface
[6.504s] Installing webcam_node script to /home/rpi/ros2_ws/install/serial_interface/lib/serial_interface
[6.508s] writing list of installed files to '/home/rpi/ros2_ws/build/serial_interface/install.log'
[6.849s] Invoked command in '/home/rpi/ros2_ws/src/serial_interface' returned '0': PYTHONPATH=/home/rpi/ros2_ws/build/serial_interface/prefix_override:/usr/lib/python3/dist-packages/colcon_core/task/python/colcon_distutils_commands:/home/rpi/ros2_ws/install/serial_interface/lib/python3.10/site-packages:${PYTHONPATH} /usr/bin/python3 -W ignore:setup.py install is deprecated -W ignore:easy_install command is deprecated setup.py egg_info --egg-base ../../build/serial_interface build --build-base /home/rpi/ros2_ws/build/serial_interface/build install --record /home/rpi/ros2_ws/build/serial_interface/install.log --single-version-externally-managed install_data
