[6.602s] Invoking command in '/home/rpi/ros2_ws/src/actionneurs': PYTHONPATH=/home/rpi/ros2_ws/build/actionneurs/prefix_override:/usr/lib/python3/dist-packages/colcon_core/task/python/colcon_distutils_commands:/home/rpi/ros2_ws/install/actionneurs/lib/python3.10/site-packages:${PYTHONPATH} /usr/bin/python3 -W ignore:setup.py install is deprecated -W ignore:easy_install command is deprecated setup.py egg_info --egg-base ../../build/actionneurs build --build-base /home/rpi/ros2_ws/build/actionneurs/build install --record /home/rpi/ros2_ws/build/actionneurs/install.log --single-version-externally-managed install_data
[8.223s] running egg_info
[8.227s] writing ../../build/actionneurs/actionneurs.egg-info/PKG-INFO
[8.230s] writing dependency_links to ../../build/actionneurs/actionneurs.egg-info/dependency_links.txt
[8.231s] writing entry points to ../../build/actionneurs/actionneurs.egg-info/entry_points.txt
[8.232s] writing requirements to ../../build/actionneurs/actionneurs.egg-info/requires.txt
[8.232s] writing top-level names to ../../build/actionneurs/actionneurs.egg-info/top_level.txt
[8.242s] reading manifest file '../../build/actionneurs/actionneurs.egg-info/SOURCES.txt'
[8.247s] writing manifest file '../../build/actionneurs/actionneurs.egg-info/SOURCES.txt'
[8.247s] running build
[8.248s] running build_py
[8.252s] running install
[8.255s] running install_lib
[8.260s] running install_data
[8.261s] running install_egg_info
[8.271s] removing '/home/rpi/ros2_ws/install/actionneurs/lib/python3.10/site-packages/actionneurs-0.0.0-py3.10.egg-info' (and everything under it)
[8.273s] Copying ../../build/actionneurs/actionneurs.egg-info to /home/rpi/ros2_ws/install/actionneurs/lib/python3.10/site-packages/actionneurs-0.0.0-py3.10.egg-info
[8.280s] running install_scripts
[8.388s] writing list of installed files to '/home/rpi/ros2_ws/build/actionneurs/install.log'
[8.635s] Invoked command in '/home/rpi/ros2_ws/src/actionneurs' returned '0': PYTHONPATH=/home/rpi/ros2_ws/build/actionneurs/prefix_override:/usr/lib/python3/dist-packages/colcon_core/task/python/colcon_distutils_commands:/home/rpi/ros2_ws/install/actionneurs/lib/python3.10/site-packages:${PYTHONPATH} /usr/bin/python3 -W ignore:setup.py install is deprecated -W ignore:easy_install command is deprecated setup.py egg_info --egg-base ../../build/actionneurs build --build-base /home/rpi/ros2_ws/build/actionneurs/build install --record /home/rpi/ros2_ws/build/actionneurs/install.log --single-version-externally-managed install_data
