[6.420s] Invoking command in '/home/rpi/ros2_ws/src/serial_interface': PYTHONPATH=/home/rpi/ros2_ws/build/serial_interface/prefix_override:/usr/lib/python3/dist-packages/colcon_core/task/python/colcon_distutils_commands:/home/rpi/ros2_ws/install/serial_interface/lib/python3.10/site-packages:${PYTHONPATH} /usr/bin/python3 -W ignore:setup.py install is deprecated -W ignore:easy_install command is deprecated setup.py egg_info --egg-base ../../build/serial_interface build --build-base /home/rpi/ros2_ws/build/serial_interface/build install --record /home/rpi/ros2_ws/build/serial_interface/install.log --single-version-externally-managed install_data
[7.988s] running egg_info
[7.991s] writing ../../build/serial_interface/serial_interface.egg-info/PKG-INFO
[7.993s] writing dependency_links to ../../build/serial_interface/serial_interface.egg-info/dependency_links.txt
[7.996s] writing entry points to ../../build/serial_interface/serial_interface.egg-info/entry_points.txt
[7.998s] writing requirements to ../../build/serial_interface/serial_interface.egg-info/requires.txt
[7.999s] writing top-level names to ../../build/serial_interface/serial_interface.egg-info/top_level.txt
[8.010s] reading manifest file '../../build/serial_interface/serial_interface.egg-info/SOURCES.txt'
[8.015s] writing manifest file '../../build/serial_interface/serial_interface.egg-info/SOURCES.txt'
[8.016s] running build
[8.016s] running build_py
[8.020s] copying serial_interface/motor_driver.py -> /home/rpi/ros2_ws/build/serial_interface/build/lib/serial_interface
[8.024s] running install
[8.025s] running install_lib
[8.032s] copying /home/rpi/ros2_ws/build/serial_interface/build/lib/serial_interface/motor_driver.py -> /home/rpi/ros2_ws/install/serial_interface/lib/python3.10/site-packages/serial_interface
[8.038s] byte-compiling /home/rpi/ros2_ws/install/serial_interface/lib/python3.10/site-packages/serial_interface/motor_driver.py to motor_driver.cpython-310.pyc
[8.041s] running install_data
[8.042s] running install_egg_info
[8.053s] removing '/home/rpi/ros2_ws/install/serial_interface/lib/python3.10/site-packages/serial_interface-0.0.0-py3.10.egg-info' (and everything under it)
[8.055s] Copying ../../build/serial_interface/serial_interface.egg-info to /home/rpi/ros2_ws/install/serial_interface/lib/python3.10/site-packages/serial_interface-0.0.0-py3.10.egg-info
[8.063s] running install_scripts
[8.217s] Installing led_control_node script to /home/rpi/ros2_ws/install/serial_interface/lib/serial_interface
[8.220s] Installing motion_planner_node script to /home/rpi/ros2_ws/install/serial_interface/lib/serial_interface
[8.227s] Installing motor_driver script to /home/rpi/ros2_ws/install/serial_interface/lib/serial_interface
[8.230s] Installing motor_driver_node script to /home/rpi/ros2_ws/install/serial_interface/lib/serial_interface
[8.233s] Installing serial_interface_node script to /home/rpi/ros2_ws/install/serial_interface/lib/serial_interface
[8.236s] Installing serial_node script to /home/rpi/ros2_ws/install/serial_interface/lib/serial_interface
[8.239s] Installing ultrasonic_node script to /home/rpi/ros2_ws/install/serial_interface/lib/serial_interface
[8.256s] Installing ultrasonic_sensor_node script to /home/rpi/ros2_ws/install/serial_interface/lib/serial_interface
[8.258s] Installing webcam_node script to /home/rpi/ros2_ws/install/serial_interface/lib/serial_interface
[8.263s] writing list of installed files to '/home/rpi/ros2_ws/build/serial_interface/install.log'
[8.489s] Invoked command in '/home/rpi/ros2_ws/src/serial_interface' returned '0': PYTHONPATH=/home/rpi/ros2_ws/build/serial_interface/prefix_override:/usr/lib/python3/dist-packages/colcon_core/task/python/colcon_distutils_commands:/home/rpi/ros2_ws/install/serial_interface/lib/python3.10/site-packages:${PYTHONPATH} /usr/bin/python3 -W ignore:setup.py install is deprecated -W ignore:easy_install command is deprecated setup.py egg_info --egg-base ../../build/serial_interface build --build-base /home/rpi/ros2_ws/build/serial_interface/build install --record /home/rpi/ros2_ws/build/serial_interface/install.log --single-version-externally-managed install_data
