[0.432s] DEBUG:colcon:Command line arguments: ['/usr/bin/colcon', 'build']
[0.432s] DEBUG:colcon:Parsed command line arguments: Namespace(log_base=None, log_level=None, verb_name='build', build_base='build', install_base='install', merge_install=False, symlink_install=False, test_result_base=None, continue_on_error=False, executor='parallel', parallel_workers=4, event_handlers=None, ignore_user_meta=False, metas=['./colcon.meta'], base_paths=['.'], packages_ignore=None, packages_ignore_regex=None, paths=None, packages_up_to=None, packages_up_to_regex=None, packages_above=None, packages_above_and_dependencies=None, packages_above_depth=None, packages_select_by_dep=None, packages_skip_by_dep=None, packages_skip_up_to=None, packages_select_build_failed=False, packages_skip_build_finished=False, packages_select_test_failures=False, packages_skip_test_passed=False, packages_select=None, packages_skip=None, packages_select_regex=None, packages_skip_regex=None, packages_start=None, packages_end=None, allow_overriding=[], cmake_args=None, cmake_target=None, cmake_target_skip_unavailable=False, cmake_clean_cache=False, cmake_clean_first=False, cmake_force_configure=False, ament_cmake_args=None, catkin_cmake_args=None, catkin_skip_building_tests=False, verb_parser=<colcon_defaults.argument_parser.defaults.DefaultArgumentsDecorator object at 0xffffad427af0>, verb_extension=<colcon_core.verb.build.BuildVerb object at 0xffffad608e80>, main=<bound method BuildVerb.main of <colcon_core.verb.build.BuildVerb object at 0xffffad608e80>>)
[1.227s] Level 1:colcon.colcon_core.package_discovery:discover_packages(colcon_meta) check parameters
[1.228s] Level 1:colcon.colcon_core.package_discovery:discover_packages(recursive) check parameters
[1.228s] Level 1:colcon.colcon_core.package_discovery:discover_packages(ignore) check parameters
[1.228s] Level 1:colcon.colcon_core.package_discovery:discover_packages(path) check parameters
[1.228s] Level 1:colcon.colcon_core.package_discovery:discover_packages(colcon_meta) discover
[1.228s] Level 1:colcon.colcon_core.package_discovery:discover_packages(recursive) discover
[1.228s] INFO:colcon.colcon_core.package_discovery:Crawling recursively for packages in '/home/rpi/ros2_ws'
[1.229s] Level 1:colcon.colcon_core.package_identification:_identify(.) by extensions ['ignore', 'ignore_ament_install']
[1.229s] Level 1:colcon.colcon_core.package_identification:_identify(.) by extension 'ignore'
[1.229s] Level 1:colcon.colcon_core.package_identification:_identify(.) by extension 'ignore_ament_install'
[1.229s] Level 1:colcon.colcon_core.package_identification:_identify(.) by extensions ['colcon_pkg']
[1.230s] Level 1:colcon.colcon_core.package_identification:_identify(.) by extension 'colcon_pkg'
[1.230s] Level 1:colcon.colcon_core.package_identification:_identify(.) by extensions ['colcon_meta']
[1.230s] Level 1:colcon.colcon_core.package_identification:_identify(.) by extension 'colcon_meta'
[1.230s] Level 1:colcon.colcon_core.package_identification:_identify(.) by extensions ['ros']
[1.230s] Level 1:colcon.colcon_core.package_identification:_identify(.) by extension 'ros'
[1.276s] Level 1:colcon.colcon_core.package_identification:_identify(.) by extensions ['cmake', 'python']
[1.277s] Level 1:colcon.colcon_core.package_identification:_identify(.) by extension 'cmake'
[1.277s] Level 1:colcon.colcon_core.package_identification:_identify(.) by extension 'python'
[1.277s] Level 1:colcon.colcon_core.package_identification:_identify(.) by extensions ['python_setup_py']
[1.277s] Level 1:colcon.colcon_core.package_identification:_identify(.) by extension 'python_setup_py'
[1.278s] Level 1:colcon.colcon_core.package_identification:_identify(build) by extensions ['ignore', 'ignore_ament_install']
[1.278s] Level 1:colcon.colcon_core.package_identification:_identify(build) by extension 'ignore'
[1.278s] Level 1:colcon.colcon_core.package_identification:_identify(build) ignored
[1.279s] Level 1:colcon.colcon_core.package_identification:_identify(install) by extensions ['ignore', 'ignore_ament_install']
[1.279s] Level 1:colcon.colcon_core.package_identification:_identify(install) by extension 'ignore'
[1.279s] Level 1:colcon.colcon_core.package_identification:_identify(install) ignored
[1.280s] Level 1:colcon.colcon_core.package_identification:_identify(log) by extensions ['ignore', 'ignore_ament_install']
[1.280s] Level 1:colcon.colcon_core.package_identification:_identify(log) by extension 'ignore'
[1.280s] Level 1:colcon.colcon_core.package_identification:_identify(log) ignored
[1.281s] Level 1:colcon.colcon_core.package_identification:_identify(src) by extensions ['ignore', 'ignore_ament_install']
[1.281s] Level 1:colcon.colcon_core.package_identification:_identify(src) by extension 'ignore'
[1.281s] Level 1:colcon.colcon_core.package_identification:_identify(src) by extension 'ignore_ament_install'
[1.281s] Level 1:colcon.colcon_core.package_identification:_identify(src) by extensions ['colcon_pkg']
[1.281s] Level 1:colcon.colcon_core.package_identification:_identify(src) by extension 'colcon_pkg'
[1.282s] Level 1:colcon.colcon_core.package_identification:_identify(src) by extensions ['colcon_meta']
[1.282s] Level 1:colcon.colcon_core.package_identification:_identify(src) by extension 'colcon_meta'
[1.282s] Level 1:colcon.colcon_core.package_identification:_identify(src) by extensions ['ros']
[1.282s] Level 1:colcon.colcon_core.package_identification:_identify(src) by extension 'ros'
[1.282s] Level 1:colcon.colcon_core.package_identification:_identify(src) by extensions ['cmake', 'python']
[1.282s] Level 1:colcon.colcon_core.package_identification:_identify(src) by extension 'cmake'
[1.283s] Level 1:colcon.colcon_core.package_identification:_identify(src) by extension 'python'
[1.283s] Level 1:colcon.colcon_core.package_identification:_identify(src) by extensions ['python_setup_py']
[1.283s] Level 1:colcon.colcon_core.package_identification:_identify(src) by extension 'python_setup_py'
[1.283s] Level 1:colcon.colcon_core.package_identification:_identify(src/actionneurs) by extensions ['ignore', 'ignore_ament_install']
[1.284s] Level 1:colcon.colcon_core.package_identification:_identify(src/actionneurs) by extension 'ignore'
[1.284s] Level 1:colcon.colcon_core.package_identification:_identify(src/actionneurs) by extension 'ignore_ament_install'
[1.284s] Level 1:colcon.colcon_core.package_identification:_identify(src/actionneurs) by extensions ['colcon_pkg']
[1.284s] Level 1:colcon.colcon_core.package_identification:_identify(src/actionneurs) by extension 'colcon_pkg'
[1.284s] Level 1:colcon.colcon_core.package_identification:_identify(src/actionneurs) by extensions ['colcon_meta']
[1.284s] Level 1:colcon.colcon_core.package_identification:_identify(src/actionneurs) by extension 'colcon_meta'
[1.285s] Level 1:colcon.colcon_core.package_identification:_identify(src/actionneurs) by extensions ['ros']
[1.285s] Level 1:colcon.colcon_core.package_identification:_identify(src/actionneurs) by extension 'ros'
[1.293s] DEBUG:colcon.colcon_core.package_identification:Package 'src/actionneurs' with type 'ros.ament_python' and name 'actionneurs'
[1.294s] Level 1:colcon.colcon_core.package_identification:_identify(src/serial_interface) by extensions ['ignore', 'ignore_ament_install']
[1.294s] Level 1:colcon.colcon_core.package_identification:_identify(src/serial_interface) by extension 'ignore'
[1.294s] Level 1:colcon.colcon_core.package_identification:_identify(src/serial_interface) by extension 'ignore_ament_install'
[1.295s] Level 1:colcon.colcon_core.package_identification:_identify(src/serial_interface) by extensions ['colcon_pkg']
[1.295s] Level 1:colcon.colcon_core.package_identification:_identify(src/serial_interface) by extension 'colcon_pkg'
[1.295s] Level 1:colcon.colcon_core.package_identification:_identify(src/serial_interface) by extensions ['colcon_meta']
[1.295s] Level 1:colcon.colcon_core.package_identification:_identify(src/serial_interface) by extension 'colcon_meta'
[1.295s] Level 1:colcon.colcon_core.package_identification:_identify(src/serial_interface) by extensions ['ros']
[1.295s] Level 1:colcon.colcon_core.package_identification:_identify(src/serial_interface) by extension 'ros'
[1.297s] DEBUG:colcon.colcon_core.package_identification:Package 'src/serial_interface' with type 'ros.ament_python' and name 'serial_interface'
[1.298s] Level 1:colcon.colcon_core.package_discovery:discover_packages(recursive) using defaults
[1.298s] Level 1:colcon.colcon_core.package_discovery:discover_packages(ignore) discover
[1.298s] Level 1:colcon.colcon_core.package_discovery:discover_packages(ignore) using defaults
[1.298s] Level 1:colcon.colcon_core.package_discovery:discover_packages(path) discover
[1.298s] Level 1:colcon.colcon_core.package_discovery:discover_packages(path) using defaults
[1.378s] Level 1:colcon.colcon_core.package_discovery:discover_packages(prefix_path) check parameters
[1.379s] Level 1:colcon.colcon_core.package_discovery:discover_packages(prefix_path) discover
[1.422s] DEBUG:colcon.colcon_installed_package_information.package_discovery:Found 2 installed packages in /home/rpi/ros2_ws/install
[1.431s] DEBUG:colcon.colcon_installed_package_information.package_discovery:Found 279 installed packages in /opt/ros/humble
[1.438s] Level 1:colcon.colcon_core.package_discovery:discover_packages(prefix_path) using defaults
[1.601s] Level 5:colcon.colcon_core.verb:set package 'actionneurs' build argument 'cmake_args' from command line to 'None'
[1.601s] Level 5:colcon.colcon_core.verb:set package 'actionneurs' build argument 'cmake_target' from command line to 'None'
[1.601s] Level 5:colcon.colcon_core.verb:set package 'actionneurs' build argument 'cmake_target_skip_unavailable' from command line to 'False'
[1.601s] Level 5:colcon.colcon_core.verb:set package 'actionneurs' build argument 'cmake_clean_cache' from command line to 'False'
[1.601s] Level 5:colcon.colcon_core.verb:set package 'actionneurs' build argument 'cmake_clean_first' from command line to 'False'
[1.602s] Level 5:colcon.colcon_core.verb:set package 'actionneurs' build argument 'cmake_force_configure' from command line to 'False'
[1.602s] Level 5:colcon.colcon_core.verb:set package 'actionneurs' build argument 'ament_cmake_args' from command line to 'None'
[1.602s] Level 5:colcon.colcon_core.verb:set package 'actionneurs' build argument 'catkin_cmake_args' from command line to 'None'
[1.602s] Level 5:colcon.colcon_core.verb:set package 'actionneurs' build argument 'catkin_skip_building_tests' from command line to 'False'
[1.602s] DEBUG:colcon.colcon_core.verb:Building package 'actionneurs' with the following arguments: {'ament_cmake_args': None, 'build_base': '/home/rpi/ros2_ws/build/actionneurs', 'catkin_cmake_args': None, 'catkin_skip_building_tests': False, 'cmake_args': None, 'cmake_clean_cache': False, 'cmake_clean_first': False, 'cmake_force_configure': False, 'cmake_target': None, 'cmake_target_skip_unavailable': False, 'install_base': '/home/rpi/ros2_ws/install/actionneurs', 'merge_install': False, 'path': '/home/rpi/ros2_ws/src/actionneurs', 'symlink_install': False, 'test_result_base': None}
[1.603s] Level 5:colcon.colcon_core.verb:set package 'serial_interface' build argument 'cmake_args' from command line to 'None'
[1.604s] Level 5:colcon.colcon_core.verb:set package 'serial_interface' build argument 'cmake_target' from command line to 'None'
[1.604s] Level 5:colcon.colcon_core.verb:set package 'serial_interface' build argument 'cmake_target_skip_unavailable' from command line to 'False'
[1.604s] Level 5:colcon.colcon_core.verb:set package 'serial_interface' build argument 'cmake_clean_cache' from command line to 'False'
[1.604s] Level 5:colcon.colcon_core.verb:set package 'serial_interface' build argument 'cmake_clean_first' from command line to 'False'
[1.604s] Level 5:colcon.colcon_core.verb:set package 'serial_interface' build argument 'cmake_force_configure' from command line to 'False'
[1.604s] Level 5:colcon.colcon_core.verb:set package 'serial_interface' build argument 'ament_cmake_args' from command line to 'None'
[1.604s] Level 5:colcon.colcon_core.verb:set package 'serial_interface' build argument 'catkin_cmake_args' from command line to 'None'
[1.604s] Level 5:colcon.colcon_core.verb:set package 'serial_interface' build argument 'catkin_skip_building_tests' from command line to 'False'
[1.604s] DEBUG:colcon.colcon_core.verb:Building package 'serial_interface' with the following arguments: {'ament_cmake_args': None, 'build_base': '/home/rpi/ros2_ws/build/serial_interface', 'catkin_cmake_args': None, 'catkin_skip_building_tests': False, 'cmake_args': None, 'cmake_clean_cache': False, 'cmake_clean_first': False, 'cmake_force_configure': False, 'cmake_target': None, 'cmake_target_skip_unavailable': False, 'install_base': '/home/rpi/ros2_ws/install/serial_interface', 'merge_install': False, 'path': '/home/rpi/ros2_ws/src/serial_interface', 'symlink_install': False, 'test_result_base': None}
[1.605s] INFO:colcon.colcon_core.executor:Executing jobs using 'parallel' executor
[1.608s] DEBUG:colcon.colcon_parallel_executor.executor.parallel:run_until_complete
[1.609s] INFO:colcon.colcon_ros.task.ament_python.build:Building ROS package in '/home/rpi/ros2_ws/src/actionneurs' with build type 'ament_python'
[1.609s] Level 1:colcon.colcon_core.shell:create_environment_hook('actionneurs', 'ament_prefix_path')
[1.618s] INFO:colcon.colcon_core.plugin_system:Skipping extension 'colcon_core.shell.bat': Not used on non-Windows systems
[1.619s] INFO:colcon.colcon_core.shell:Creating environment hook '/home/rpi/ros2_ws/install/actionneurs/share/actionneurs/hook/ament_prefix_path.ps1'
[1.622s] INFO:colcon.colcon_core.shell:Creating environment descriptor '/home/rpi/ros2_ws/install/actionneurs/share/actionneurs/hook/ament_prefix_path.dsv'
[1.625s] INFO:colcon.colcon_core.shell:Creating environment hook '/home/rpi/ros2_ws/install/actionneurs/share/actionneurs/hook/ament_prefix_path.sh'
[1.628s] INFO:colcon.colcon_core.shell:Skip shell extension 'powershell' for command environment: Not usable outside of PowerShell
[1.629s] DEBUG:colcon.colcon_core.shell:Skip shell extension 'dsv' for command environment
[1.646s] INFO:colcon.colcon_ros.task.ament_python.build:Building ROS package in '/home/rpi/ros2_ws/src/serial_interface' with build type 'ament_python'
[1.647s] Level 1:colcon.colcon_core.shell:create_environment_hook('serial_interface', 'ament_prefix_path')
[1.649s] INFO:colcon.colcon_core.shell:Creating environment hook '/home/rpi/ros2_ws/install/serial_interface/share/serial_interface/hook/ament_prefix_path.ps1'
[1.651s] INFO:colcon.colcon_core.shell:Creating environment descriptor '/home/rpi/ros2_ws/install/serial_interface/share/serial_interface/hook/ament_prefix_path.dsv'
[1.654s] INFO:colcon.colcon_core.shell:Creating environment hook '/home/rpi/ros2_ws/install/serial_interface/share/serial_interface/hook/ament_prefix_path.sh'
[1.657s] INFO:colcon.colcon_core.shell:Skip shell extension 'powershell' for command environment: Not usable outside of PowerShell
[1.657s] DEBUG:colcon.colcon_core.shell:Skip shell extension 'dsv' for command environment
[2.823s] INFO:colcon.colcon_core.task.python.build:Building Python package in '/home/rpi/ros2_ws/src/actionneurs'
[2.824s] INFO:colcon.colcon_core.shell:Skip shell extension 'powershell' for command environment: Not usable outside of PowerShell
[2.824s] DEBUG:colcon.colcon_core.shell:Skip shell extension 'dsv' for command environment
[3.996s] INFO:colcon.colcon_core.task.python.build:Building Python package in '/home/rpi/ros2_ws/src/serial_interface'
[3.997s] INFO:colcon.colcon_core.shell:Skip shell extension 'powershell' for command environment: Not usable outside of PowerShell
[3.997s] DEBUG:colcon.colcon_core.shell:Skip shell extension 'dsv' for command environment
[5.930s] DEBUG:colcon.colcon_core.event_handler.log_command:Invoking command in '/home/rpi/ros2_ws/src/actionneurs': PYTHONPATH=/home/rpi/ros2_ws/build/actionneurs/prefix_override:/usr/lib/python3/dist-packages/colcon_core/task/python/colcon_distutils_commands:/home/rpi/ros2_ws/install/actionneurs/lib/python3.10/site-packages:${PYTHONPATH} /usr/bin/python3 -W ignore:setup.py install is deprecated -W ignore:easy_install command is deprecated setup.py egg_info --egg-base ../../build/actionneurs build --build-base /home/rpi/ros2_ws/build/actionneurs/build install --record /home/rpi/ros2_ws/build/actionneurs/install.log --single-version-externally-managed install_data
[5.957s] DEBUG:colcon.colcon_core.event_handler.log_command:Invoking command in '/home/rpi/ros2_ws/src/serial_interface': PYTHONPATH=/home/rpi/ros2_ws/build/serial_interface/prefix_override:/usr/lib/python3/dist-packages/colcon_core/task/python/colcon_distutils_commands:/home/rpi/ros2_ws/install/serial_interface/lib/python3.10/site-packages:${PYTHONPATH} /usr/bin/python3 -W ignore:setup.py install is deprecated -W ignore:easy_install command is deprecated setup.py egg_info --egg-base ../../build/serial_interface build --build-base /home/rpi/ros2_ws/build/serial_interface/build install --record /home/rpi/ros2_ws/build/serial_interface/install.log --single-version-externally-managed install_data
[7.490s] DEBUG:colcon.colcon_core.event_handler.log_command:Invoked command in '/home/rpi/ros2_ws/src/actionneurs' returned '0': PYTHONPATH=/home/rpi/ros2_ws/build/actionneurs/prefix_override:/usr/lib/python3/dist-packages/colcon_core/task/python/colcon_distutils_commands:/home/rpi/ros2_ws/install/actionneurs/lib/python3.10/site-packages:${PYTHONPATH} /usr/bin/python3 -W ignore:setup.py install is deprecated -W ignore:easy_install command is deprecated setup.py egg_info --egg-base ../../build/actionneurs build --build-base /home/rpi/ros2_ws/build/actionneurs/build install --record /home/rpi/ros2_ws/build/actionneurs/install.log --single-version-externally-managed install_data
[7.521s] Level 1:colcon.colcon_core.environment:checking '/home/rpi/ros2_ws/install/actionneurs' for CMake module files
[7.523s] Level 1:colcon.colcon_core.environment:checking '/home/rpi/ros2_ws/install/actionneurs' for CMake config files
[7.527s] Level 1:colcon.colcon_core.environment:checking '/home/rpi/ros2_ws/install/actionneurs/lib'
[7.528s] Level 1:colcon.colcon_core.environment:checking '/home/rpi/ros2_ws/install/actionneurs/bin'
[7.528s] Level 1:colcon.colcon_core.environment:checking '/home/rpi/ros2_ws/install/actionneurs/lib/pkgconfig/actionneurs.pc'
[7.529s] Level 1:colcon.colcon_core.environment:checking '/home/rpi/ros2_ws/install/actionneurs/lib/python3.10/site-packages'
[7.530s] Level 1:colcon.colcon_core.shell:create_environment_hook('actionneurs', 'pythonpath')
[7.531s] INFO:colcon.colcon_core.shell:Creating environment hook '/home/rpi/ros2_ws/install/actionneurs/share/actionneurs/hook/pythonpath.ps1'
[7.533s] INFO:colcon.colcon_core.shell:Creating environment descriptor '/home/rpi/ros2_ws/install/actionneurs/share/actionneurs/hook/pythonpath.dsv'
[7.535s] INFO:colcon.colcon_core.shell:Creating environment hook '/home/rpi/ros2_ws/install/actionneurs/share/actionneurs/hook/pythonpath.sh'
[7.538s] Level 1:colcon.colcon_core.environment:checking '/home/rpi/ros2_ws/install/actionneurs/bin'
[7.538s] Level 1:colcon.colcon_core.environment:create_environment_scripts_only(actionneurs)
[7.539s] INFO:colcon.colcon_core.shell:Creating package script '/home/rpi/ros2_ws/install/actionneurs/share/actionneurs/package.ps1'
[7.543s] INFO:colcon.colcon_core.shell:Creating package descriptor '/home/rpi/ros2_ws/install/actionneurs/share/actionneurs/package.dsv'
[7.547s] INFO:colcon.colcon_core.shell:Creating package script '/home/rpi/ros2_ws/install/actionneurs/share/actionneurs/package.sh'
[7.552s] INFO:colcon.colcon_core.shell:Creating package script '/home/rpi/ros2_ws/install/actionneurs/share/actionneurs/package.bash'
[7.557s] INFO:colcon.colcon_core.shell:Creating package script '/home/rpi/ros2_ws/install/actionneurs/share/actionneurs/package.zsh'
[7.562s] Level 1:colcon.colcon_core.environment:create_file_with_runtime_dependencies(/home/rpi/ros2_ws/install/actionneurs/share/colcon-core/packages/actionneurs)
[7.568s] Level 1:colcon.colcon_core.environment:checking '/home/rpi/ros2_ws/install/serial_interface' for CMake module files
[7.570s] DEBUG:colcon.colcon_core.event_handler.log_command:Invoked command in '/home/rpi/ros2_ws/src/serial_interface' returned '0': PYTHONPATH=/home/rpi/ros2_ws/build/serial_interface/prefix_override:/usr/lib/python3/dist-packages/colcon_core/task/python/colcon_distutils_commands:/home/rpi/ros2_ws/install/serial_interface/lib/python3.10/site-packages:${PYTHONPATH} /usr/bin/python3 -W ignore:setup.py install is deprecated -W ignore:easy_install command is deprecated setup.py egg_info --egg-base ../../build/serial_interface build --build-base /home/rpi/ros2_ws/build/serial_interface/build install --record /home/rpi/ros2_ws/build/serial_interface/install.log --single-version-externally-managed install_data
[7.572s] Level 1:colcon.colcon_core.environment:checking '/home/rpi/ros2_ws/install/serial_interface' for CMake config files
[7.576s] Level 1:colcon.colcon_core.environment:checking '/home/rpi/ros2_ws/install/serial_interface/lib'
[7.576s] Level 1:colcon.colcon_core.environment:checking '/home/rpi/ros2_ws/install/serial_interface/bin'
[7.576s] Level 1:colcon.colcon_core.environment:checking '/home/rpi/ros2_ws/install/serial_interface/lib/pkgconfig/serial_interface.pc'
[7.577s] Level 1:colcon.colcon_core.environment:checking '/home/rpi/ros2_ws/install/serial_interface/lib/python3.10/site-packages'
[7.578s] Level 1:colcon.colcon_core.shell:create_environment_hook('serial_interface', 'pythonpath')
[7.579s] INFO:colcon.colcon_core.shell:Creating environment hook '/home/rpi/ros2_ws/install/serial_interface/share/serial_interface/hook/pythonpath.ps1'
[7.581s] INFO:colcon.colcon_core.shell:Creating environment descriptor '/home/rpi/ros2_ws/install/serial_interface/share/serial_interface/hook/pythonpath.dsv'
[7.583s] INFO:colcon.colcon_core.shell:Creating environment hook '/home/rpi/ros2_ws/install/serial_interface/share/serial_interface/hook/pythonpath.sh'
[7.586s] Level 1:colcon.colcon_core.environment:checking '/home/rpi/ros2_ws/install/serial_interface/bin'
[7.586s] Level 1:colcon.colcon_core.environment:create_environment_scripts_only(serial_interface)
[7.587s] INFO:colcon.colcon_core.shell:Creating package script '/home/rpi/ros2_ws/install/serial_interface/share/serial_interface/package.ps1'
[7.590s] INFO:colcon.colcon_core.shell:Creating package descriptor '/home/rpi/ros2_ws/install/serial_interface/share/serial_interface/package.dsv'
[7.592s] INFO:colcon.colcon_core.shell:Creating package script '/home/rpi/ros2_ws/install/serial_interface/share/serial_interface/package.sh'
[7.594s] INFO:colcon.colcon_core.shell:Creating package script '/home/rpi/ros2_ws/install/serial_interface/share/serial_interface/package.bash'
[7.596s] INFO:colcon.colcon_core.shell:Creating package script '/home/rpi/ros2_ws/install/serial_interface/share/serial_interface/package.zsh'
[7.598s] Level 1:colcon.colcon_core.environment:create_file_with_runtime_dependencies(/home/rpi/ros2_ws/install/serial_interface/share/colcon-core/packages/serial_interface)
[7.599s] DEBUG:colcon.colcon_parallel_executor.executor.parallel:closing loop
[7.600s] DEBUG:colcon.colcon_parallel_executor.executor.parallel:loop closed
[7.600s] DEBUG:colcon.colcon_parallel_executor.executor.parallel:run_until_complete finished with '0'
[7.601s] DEBUG:colcon.colcon_core.event_reactor:joining thread
[7.621s] INFO:colcon.colcon_core.plugin_system:Skipping extension 'colcon_notification.desktop_notification.terminal_notifier': Not used on non-Darwin systems
[7.621s] INFO:colcon.colcon_core.plugin_system:Skipping extension 'colcon_notification.desktop_notification.win32': Not used on non-Windows systems
[7.622s] INFO:colcon.colcon_notification.desktop_notification:Sending desktop notification using 'notify2'
[7.659s] DEBUG:colcon.colcon_core.event_reactor:joined thread
[7.661s] INFO:colcon.colcon_core.shell:Creating prefix script '/home/rpi/ros2_ws/install/local_setup.ps1'
[7.664s] INFO:colcon.colcon_core.shell:Creating prefix util module '/home/rpi/ros2_ws/install/_local_setup_util_ps1.py'
[7.670s] INFO:colcon.colcon_core.shell:Creating prefix chain script '/home/rpi/ros2_ws/install/setup.ps1'
[7.674s] INFO:colcon.colcon_core.shell:Creating prefix script '/home/rpi/ros2_ws/install/local_setup.sh'
[7.677s] INFO:colcon.colcon_core.shell:Creating prefix util module '/home/rpi/ros2_ws/install/_local_setup_util_sh.py'
[7.679s] INFO:colcon.colcon_core.shell:Creating prefix chain script '/home/rpi/ros2_ws/install/setup.sh'
[7.684s] INFO:colcon.colcon_core.shell:Creating prefix script '/home/rpi/ros2_ws/install/local_setup.bash'
[7.686s] INFO:colcon.colcon_core.shell:Creating prefix chain script '/home/rpi/ros2_ws/install/setup.bash'
[7.691s] INFO:colcon.colcon_core.shell:Creating prefix script '/home/rpi/ros2_ws/install/local_setup.zsh'
[7.693s] INFO:colcon.colcon_core.shell:Creating prefix chain script '/home/rpi/ros2_ws/install/setup.zsh'
