[0.452s] DEBUG:colcon:Command line arguments: ['/usr/bin/colcon', 'build']
[0.452s] DEBUG:colcon:Parsed command line arguments: Namespace(log_base=None, log_level=None, verb_name='build', build_base='build', install_base='install', merge_install=False, symlink_install=False, test_result_base=None, continue_on_error=False, executor='parallel', parallel_workers=4, event_handlers=None, ignore_user_meta=False, metas=['./colcon.meta'], base_paths=['.'], packages_ignore=None, packages_ignore_regex=None, paths=None, packages_up_to=None, packages_up_to_regex=None, packages_above=None, packages_above_and_dependencies=None, packages_above_depth=None, packages_select_by_dep=None, packages_skip_by_dep=None, packages_skip_up_to=None, packages_select_build_failed=False, packages_skip_build_finished=False, packages_select_test_failures=False, packages_skip_test_passed=False, packages_select=None, packages_skip=None, packages_select_regex=None, packages_skip_regex=None, packages_start=None, packages_end=None, allow_overriding=[], cmake_args=None, cmake_target=None, cmake_target_skip_unavailable=False, cmake_clean_cache=False, cmake_clean_first=False, cmake_force_configure=False, ament_cmake_args=None, catkin_cmake_args=None, catkin_skip_building_tests=False, verb_parser=<colcon_defaults.argument_parser.defaults.DefaultArgumentsDecorator object at 0xffff804c8820>, verb_extension=<colcon_core.verb.build.BuildVerb object at 0xffff80669c30>, main=<bound method BuildVerb.main of <colcon_core.verb.build.BuildVerb object at 0xffff80669c30>>)
[1.272s] Level 1:colcon.colcon_core.package_discovery:discover_packages(colcon_meta) check parameters
[1.273s] Level 1:colcon.colcon_core.package_discovery:discover_packages(recursive) check parameters
[1.273s] Level 1:colcon.colcon_core.package_discovery:discover_packages(ignore) check parameters
[1.273s] Level 1:colcon.colcon_core.package_discovery:discover_packages(path) check parameters
[1.273s] Level 1:colcon.colcon_core.package_discovery:discover_packages(colcon_meta) discover
[1.273s] Level 1:colcon.colcon_core.package_discovery:discover_packages(recursive) discover
[1.273s] INFO:colcon.colcon_core.package_discovery:Crawling recursively for packages in '/home/rpi/ros2_ws'
[1.274s] Level 1:colcon.colcon_core.package_identification:_identify(.) by extensions ['ignore', 'ignore_ament_install']
[1.274s] Level 1:colcon.colcon_core.package_identification:_identify(.) by extension 'ignore'
[1.274s] Level 1:colcon.colcon_core.package_identification:_identify(.) by extension 'ignore_ament_install'
[1.274s] Level 1:colcon.colcon_core.package_identification:_identify(.) by extensions ['colcon_pkg']
[1.274s] Level 1:colcon.colcon_core.package_identification:_identify(.) by extension 'colcon_pkg'
[1.275s] Level 1:colcon.colcon_core.package_identification:_identify(.) by extensions ['colcon_meta']
[1.275s] Level 1:colcon.colcon_core.package_identification:_identify(.) by extension 'colcon_meta'
[1.275s] Level 1:colcon.colcon_core.package_identification:_identify(.) by extensions ['ros']
[1.275s] Level 1:colcon.colcon_core.package_identification:_identify(.) by extension 'ros'
[1.318s] Level 1:colcon.colcon_core.package_identification:_identify(.) by extensions ['cmake', 'python']
[1.318s] Level 1:colcon.colcon_core.package_identification:_identify(.) by extension 'cmake'
[1.319s] Level 1:colcon.colcon_core.package_identification:_identify(.) by extension 'python'
[1.319s] Level 1:colcon.colcon_core.package_identification:_identify(.) by extensions ['python_setup_py']
[1.319s] Level 1:colcon.colcon_core.package_identification:_identify(.) by extension 'python_setup_py'
[1.319s] Level 1:colcon.colcon_core.package_identification:_identify(build) by extensions ['ignore', 'ignore_ament_install']
[1.320s] Level 1:colcon.colcon_core.package_identification:_identify(build) by extension 'ignore'
[1.320s] Level 1:colcon.colcon_core.package_identification:_identify(build) ignored
[1.321s] Level 1:colcon.colcon_core.package_identification:_identify(install) by extensions ['ignore', 'ignore_ament_install']
[1.321s] Level 1:colcon.colcon_core.package_identification:_identify(install) by extension 'ignore'
[1.321s] Level 1:colcon.colcon_core.package_identification:_identify(install) ignored
[1.322s] Level 1:colcon.colcon_core.package_identification:_identify(log) by extensions ['ignore', 'ignore_ament_install']
[1.322s] Level 1:colcon.colcon_core.package_identification:_identify(log) by extension 'ignore'
[1.322s] Level 1:colcon.colcon_core.package_identification:_identify(log) ignored
[1.323s] Level 1:colcon.colcon_core.package_identification:_identify(src) by extensions ['ignore', 'ignore_ament_install']
[1.323s] Level 1:colcon.colcon_core.package_identification:_identify(src) by extension 'ignore'
[1.323s] Level 1:colcon.colcon_core.package_identification:_identify(src) by extension 'ignore_ament_install'
[1.323s] Level 1:colcon.colcon_core.package_identification:_identify(src) by extensions ['colcon_pkg']
[1.323s] Level 1:colcon.colcon_core.package_identification:_identify(src) by extension 'colcon_pkg'
[1.324s] Level 1:colcon.colcon_core.package_identification:_identify(src) by extensions ['colcon_meta']
[1.324s] Level 1:colcon.colcon_core.package_identification:_identify(src) by extension 'colcon_meta'
[1.324s] Level 1:colcon.colcon_core.package_identification:_identify(src) by extensions ['ros']
[1.324s] Level 1:colcon.colcon_core.package_identification:_identify(src) by extension 'ros'
[1.324s] Level 1:colcon.colcon_core.package_identification:_identify(src) by extensions ['cmake', 'python']
[1.325s] Level 1:colcon.colcon_core.package_identification:_identify(src) by extension 'cmake'
[1.325s] Level 1:colcon.colcon_core.package_identification:_identify(src) by extension 'python'
[1.325s] Level 1:colcon.colcon_core.package_identification:_identify(src) by extensions ['python_setup_py']
[1.325s] Level 1:colcon.colcon_core.package_identification:_identify(src) by extension 'python_setup_py'
[1.325s] Level 1:colcon.colcon_core.package_identification:_identify(src/actionneurs) by extensions ['ignore', 'ignore_ament_install']
[1.326s] Level 1:colcon.colcon_core.package_identification:_identify(src/actionneurs) by extension 'ignore'
[1.326s] Level 1:colcon.colcon_core.package_identification:_identify(src/actionneurs) by extension 'ignore_ament_install'
[1.326s] Level 1:colcon.colcon_core.package_identification:_identify(src/actionneurs) by extensions ['colcon_pkg']
[1.326s] Level 1:colcon.colcon_core.package_identification:_identify(src/actionneurs) by extension 'colcon_pkg'
[1.326s] Level 1:colcon.colcon_core.package_identification:_identify(src/actionneurs) by extensions ['colcon_meta']
[1.326s] Level 1:colcon.colcon_core.package_identification:_identify(src/actionneurs) by extension 'colcon_meta'
[1.327s] Level 1:colcon.colcon_core.package_identification:_identify(src/actionneurs) by extensions ['ros']
[1.327s] Level 1:colcon.colcon_core.package_identification:_identify(src/actionneurs) by extension 'ros'
[1.336s] DEBUG:colcon.colcon_core.package_identification:Package 'src/actionneurs' with type 'ros.ament_python' and name 'actionneurs'
[1.336s] Level 1:colcon.colcon_core.package_identification:_identify(src/maze_solver) by extensions ['ignore', 'ignore_ament_install']
[1.337s] Level 1:colcon.colcon_core.package_identification:_identify(src/maze_solver) by extension 'ignore'
[1.337s] Level 1:colcon.colcon_core.package_identification:_identify(src/maze_solver) by extension 'ignore_ament_install'
[1.337s] Level 1:colcon.colcon_core.package_identification:_identify(src/maze_solver) by extensions ['colcon_pkg']
[1.337s] Level 1:colcon.colcon_core.package_identification:_identify(src/maze_solver) by extension 'colcon_pkg'
[1.337s] Level 1:colcon.colcon_core.package_identification:_identify(src/maze_solver) by extensions ['colcon_meta']
[1.338s] Level 1:colcon.colcon_core.package_identification:_identify(src/maze_solver) by extension 'colcon_meta'
[1.338s] Level 1:colcon.colcon_core.package_identification:_identify(src/maze_solver) by extensions ['ros']
[1.338s] Level 1:colcon.colcon_core.package_identification:_identify(src/maze_solver) by extension 'ros'
[1.341s] DEBUG:colcon.colcon_core.package_identification:Package 'src/maze_solver' with type 'ros.ament_python' and name 'maze_solver'
[1.342s] Level 1:colcon.colcon_core.package_identification:_identify(src/serial_interface) by extensions ['ignore', 'ignore_ament_install']
[1.342s] Level 1:colcon.colcon_core.package_identification:_identify(src/serial_interface) by extension 'ignore'
[1.342s] Level 1:colcon.colcon_core.package_identification:_identify(src/serial_interface) by extension 'ignore_ament_install'
[1.343s] Level 1:colcon.colcon_core.package_identification:_identify(src/serial_interface) by extensions ['colcon_pkg']
[1.343s] Level 1:colcon.colcon_core.package_identification:_identify(src/serial_interface) by extension 'colcon_pkg'
[1.343s] Level 1:colcon.colcon_core.package_identification:_identify(src/serial_interface) by extensions ['colcon_meta']
[1.343s] Level 1:colcon.colcon_core.package_identification:_identify(src/serial_interface) by extension 'colcon_meta'
[1.343s] Level 1:colcon.colcon_core.package_identification:_identify(src/serial_interface) by extensions ['ros']
[1.343s] Level 1:colcon.colcon_core.package_identification:_identify(src/serial_interface) by extension 'ros'
[1.345s] DEBUG:colcon.colcon_core.package_identification:Package 'src/serial_interface' with type 'ros.ament_python' and name 'serial_interface'
[1.345s] Level 1:colcon.colcon_core.package_discovery:discover_packages(recursive) using defaults
[1.346s] Level 1:colcon.colcon_core.package_discovery:discover_packages(ignore) discover
[1.346s] Level 1:colcon.colcon_core.package_discovery:discover_packages(ignore) using defaults
[1.346s] Level 1:colcon.colcon_core.package_discovery:discover_packages(path) discover
[1.346s] Level 1:colcon.colcon_core.package_discovery:discover_packages(path) using defaults
[1.463s] Level 1:colcon.colcon_core.package_discovery:discover_packages(prefix_path) check parameters
[1.464s] Level 1:colcon.colcon_core.package_discovery:discover_packages(prefix_path) discover
[1.473s] DEBUG:colcon.colcon_installed_package_information.package_discovery:Found 3 installed packages in /home/rpi/ros2_ws/install
[1.482s] DEBUG:colcon.colcon_installed_package_information.package_discovery:Found 279 installed packages in /opt/ros/humble
[1.488s] Level 1:colcon.colcon_core.package_discovery:discover_packages(prefix_path) using defaults
[1.653s] Level 5:colcon.colcon_core.verb:set package 'actionneurs' build argument 'cmake_args' from command line to 'None'
[1.653s] Level 5:colcon.colcon_core.verb:set package 'actionneurs' build argument 'cmake_target' from command line to 'None'
[1.654s] Level 5:colcon.colcon_core.verb:set package 'actionneurs' build argument 'cmake_target_skip_unavailable' from command line to 'False'
[1.654s] Level 5:colcon.colcon_core.verb:set package 'actionneurs' build argument 'cmake_clean_cache' from command line to 'False'
[1.654s] Level 5:colcon.colcon_core.verb:set package 'actionneurs' build argument 'cmake_clean_first' from command line to 'False'
[1.654s] Level 5:colcon.colcon_core.verb:set package 'actionneurs' build argument 'cmake_force_configure' from command line to 'False'
[1.654s] Level 5:colcon.colcon_core.verb:set package 'actionneurs' build argument 'ament_cmake_args' from command line to 'None'
[1.654s] Level 5:colcon.colcon_core.verb:set package 'actionneurs' build argument 'catkin_cmake_args' from command line to 'None'
[1.654s] Level 5:colcon.colcon_core.verb:set package 'actionneurs' build argument 'catkin_skip_building_tests' from command line to 'False'
[1.654s] DEBUG:colcon.colcon_core.verb:Building package 'actionneurs' with the following arguments: {'ament_cmake_args': None, 'build_base': '/home/rpi/ros2_ws/build/actionneurs', 'catkin_cmake_args': None, 'catkin_skip_building_tests': False, 'cmake_args': None, 'cmake_clean_cache': False, 'cmake_clean_first': False, 'cmake_force_configure': False, 'cmake_target': None, 'cmake_target_skip_unavailable': False, 'install_base': '/home/rpi/ros2_ws/install/actionneurs', 'merge_install': False, 'path': '/home/rpi/ros2_ws/src/actionneurs', 'symlink_install': False, 'test_result_base': None}
[1.656s] Level 5:colcon.colcon_core.verb:set package 'maze_solver' build argument 'cmake_args' from command line to 'None'
[1.656s] Level 5:colcon.colcon_core.verb:set package 'maze_solver' build argument 'cmake_target' from command line to 'None'
[1.656s] Level 5:colcon.colcon_core.verb:set package 'maze_solver' build argument 'cmake_target_skip_unavailable' from command line to 'False'
[1.656s] Level 5:colcon.colcon_core.verb:set package 'maze_solver' build argument 'cmake_clean_cache' from command line to 'False'
[1.656s] Level 5:colcon.colcon_core.verb:set package 'maze_solver' build argument 'cmake_clean_first' from command line to 'False'
[1.656s] Level 5:colcon.colcon_core.verb:set package 'maze_solver' build argument 'cmake_force_configure' from command line to 'False'
[1.656s] Level 5:colcon.colcon_core.verb:set package 'maze_solver' build argument 'ament_cmake_args' from command line to 'None'
[1.657s] Level 5:colcon.colcon_core.verb:set package 'maze_solver' build argument 'catkin_cmake_args' from command line to 'None'
[1.657s] Level 5:colcon.colcon_core.verb:set package 'maze_solver' build argument 'catkin_skip_building_tests' from command line to 'False'
[1.657s] DEBUG:colcon.colcon_core.verb:Building package 'maze_solver' with the following arguments: {'ament_cmake_args': None, 'build_base': '/home/rpi/ros2_ws/build/maze_solver', 'catkin_cmake_args': None, 'catkin_skip_building_tests': False, 'cmake_args': None, 'cmake_clean_cache': False, 'cmake_clean_first': False, 'cmake_force_configure': False, 'cmake_target': None, 'cmake_target_skip_unavailable': False, 'install_base': '/home/rpi/ros2_ws/install/maze_solver', 'merge_install': False, 'path': '/home/rpi/ros2_ws/src/maze_solver', 'symlink_install': False, 'test_result_base': None}
[1.658s] Level 5:colcon.colcon_core.verb:set package 'serial_interface' build argument 'cmake_args' from command line to 'None'
[1.658s] Level 5:colcon.colcon_core.verb:set package 'serial_interface' build argument 'cmake_target' from command line to 'None'
[1.658s] Level 5:colcon.colcon_core.verb:set package 'serial_interface' build argument 'cmake_target_skip_unavailable' from command line to 'False'
[1.659s] Level 5:colcon.colcon_core.verb:set package 'serial_interface' build argument 'cmake_clean_cache' from command line to 'False'
[1.659s] Level 5:colcon.colcon_core.verb:set package 'serial_interface' build argument 'cmake_clean_first' from command line to 'False'
[1.659s] Level 5:colcon.colcon_core.verb:set package 'serial_interface' build argument 'cmake_force_configure' from command line to 'False'
[1.659s] Level 5:colcon.colcon_core.verb:set package 'serial_interface' build argument 'ament_cmake_args' from command line to 'None'
[1.659s] Level 5:colcon.colcon_core.verb:set package 'serial_interface' build argument 'catkin_cmake_args' from command line to 'None'
[1.659s] Level 5:colcon.colcon_core.verb:set package 'serial_interface' build argument 'catkin_skip_building_tests' from command line to 'False'
[1.659s] DEBUG:colcon.colcon_core.verb:Building package 'serial_interface' with the following arguments: {'ament_cmake_args': None, 'build_base': '/home/rpi/ros2_ws/build/serial_interface', 'catkin_cmake_args': None, 'catkin_skip_building_tests': False, 'cmake_args': None, 'cmake_clean_cache': False, 'cmake_clean_first': False, 'cmake_force_configure': False, 'cmake_target': None, 'cmake_target_skip_unavailable': False, 'install_base': '/home/rpi/ros2_ws/install/serial_interface', 'merge_install': False, 'path': '/home/rpi/ros2_ws/src/serial_interface', 'symlink_install': False, 'test_result_base': None}
[1.660s] INFO:colcon.colcon_core.executor:Executing jobs using 'parallel' executor
[1.663s] DEBUG:colcon.colcon_parallel_executor.executor.parallel:run_until_complete
[1.664s] INFO:colcon.colcon_ros.task.ament_python.build:Building ROS package in '/home/rpi/ros2_ws/src/actionneurs' with build type 'ament_python'
[1.664s] Level 1:colcon.colcon_core.shell:create_environment_hook('actionneurs', 'ament_prefix_path')
[1.673s] INFO:colcon.colcon_core.plugin_system:Skipping extension 'colcon_core.shell.bat': Not used on non-Windows systems
[1.674s] INFO:colcon.colcon_core.shell:Creating environment hook '/home/rpi/ros2_ws/install/actionneurs/share/actionneurs/hook/ament_prefix_path.ps1'
[1.677s] INFO:colcon.colcon_core.shell:Creating environment descriptor '/home/rpi/ros2_ws/install/actionneurs/share/actionneurs/hook/ament_prefix_path.dsv'
[1.679s] INFO:colcon.colcon_core.shell:Creating environment hook '/home/rpi/ros2_ws/install/actionneurs/share/actionneurs/hook/ament_prefix_path.sh'
[1.683s] INFO:colcon.colcon_core.shell:Skip shell extension 'powershell' for command environment: Not usable outside of PowerShell
[1.683s] DEBUG:colcon.colcon_core.shell:Skip shell extension 'dsv' for command environment
[1.701s] INFO:colcon.colcon_ros.task.ament_python.build:Building ROS package in '/home/rpi/ros2_ws/src/maze_solver' with build type 'ament_python'
[1.701s] Level 1:colcon.colcon_core.shell:create_environment_hook('maze_solver', 'ament_prefix_path')
[1.703s] INFO:colcon.colcon_core.shell:Creating environment hook '/home/rpi/ros2_ws/install/maze_solver/share/maze_solver/hook/ament_prefix_path.ps1'
[1.705s] INFO:colcon.colcon_core.shell:Creating environment descriptor '/home/rpi/ros2_ws/install/maze_solver/share/maze_solver/hook/ament_prefix_path.dsv'
[1.707s] INFO:colcon.colcon_core.shell:Creating environment hook '/home/rpi/ros2_ws/install/maze_solver/share/maze_solver/hook/ament_prefix_path.sh'
[1.711s] INFO:colcon.colcon_core.shell:Skip shell extension 'powershell' for command environment: Not usable outside of PowerShell
[1.711s] DEBUG:colcon.colcon_core.shell:Skip shell extension 'dsv' for command environment
[1.728s] INFO:colcon.colcon_ros.task.ament_python.build:Building ROS package in '/home/rpi/ros2_ws/src/serial_interface' with build type 'ament_python'
[1.729s] Level 1:colcon.colcon_core.shell:create_environment_hook('serial_interface', 'ament_prefix_path')
[1.730s] INFO:colcon.colcon_core.shell:Creating environment hook '/home/rpi/ros2_ws/install/serial_interface/share/serial_interface/hook/ament_prefix_path.ps1'
[1.733s] INFO:colcon.colcon_core.shell:Creating environment descriptor '/home/rpi/ros2_ws/install/serial_interface/share/serial_interface/hook/ament_prefix_path.dsv'
[1.735s] INFO:colcon.colcon_core.shell:Creating environment hook '/home/rpi/ros2_ws/install/serial_interface/share/serial_interface/hook/ament_prefix_path.sh'
[1.738s] INFO:colcon.colcon_core.shell:Skip shell extension 'powershell' for command environment: Not usable outside of PowerShell
[1.738s] DEBUG:colcon.colcon_core.shell:Skip shell extension 'dsv' for command environment
[2.933s] INFO:colcon.colcon_core.task.python.build:Building Python package in '/home/rpi/ros2_ws/src/actionneurs'
[2.934s] INFO:colcon.colcon_core.shell:Skip shell extension 'powershell' for command environment: Not usable outside of PowerShell
[2.934s] DEBUG:colcon.colcon_core.shell:Skip shell extension 'dsv' for command environment
[4.120s] INFO:colcon.colcon_core.task.python.build:Building Python package in '/home/rpi/ros2_ws/src/maze_solver'
[4.121s] INFO:colcon.colcon_core.shell:Skip shell extension 'powershell' for command environment: Not usable outside of PowerShell
[4.121s] DEBUG:colcon.colcon_core.shell:Skip shell extension 'dsv' for command environment
[5.322s] INFO:colcon.colcon_core.task.python.build:Building Python package in '/home/rpi/ros2_ws/src/serial_interface'
[5.323s] INFO:colcon.colcon_core.shell:Skip shell extension 'powershell' for command environment: Not usable outside of PowerShell
[5.323s] DEBUG:colcon.colcon_core.shell:Skip shell extension 'dsv' for command environment
[7.576s] DEBUG:colcon.colcon_core.event_handler.log_command:Invoking command in '/home/rpi/ros2_ws/src/actionneurs': PYTHONPATH=/home/rpi/ros2_ws/build/actionneurs/prefix_override:/usr/lib/python3/dist-packages/colcon_core/task/python/colcon_distutils_commands:/home/rpi/ros2_ws/install/actionneurs/lib/python3.10/site-packages:${PYTHONPATH} /usr/bin/python3 -W ignore:setup.py install is deprecated -W ignore:easy_install command is deprecated setup.py egg_info --egg-base ../../build/actionneurs build --build-base /home/rpi/ros2_ws/build/actionneurs/build install --record /home/rpi/ros2_ws/build/actionneurs/install.log --single-version-externally-managed install_data
[7.608s] DEBUG:colcon.colcon_core.event_handler.log_command:Invoking command in '/home/rpi/ros2_ws/src/serial_interface': PYTHONPATH=/home/rpi/ros2_ws/build/serial_interface/prefix_override:/usr/lib/python3/dist-packages/colcon_core/task/python/colcon_distutils_commands:/home/rpi/ros2_ws/install/serial_interface/lib/python3.10/site-packages:${PYTHONPATH} /usr/bin/python3 -W ignore:setup.py install is deprecated -W ignore:easy_install command is deprecated setup.py egg_info --egg-base ../../build/serial_interface build --build-base /home/rpi/ros2_ws/build/serial_interface/build install --record /home/rpi/ros2_ws/build/serial_interface/install.log --single-version-externally-managed install_data
[7.626s] DEBUG:colcon.colcon_core.event_handler.log_command:Invoking command in '/home/rpi/ros2_ws/src/maze_solver': PYTHONPATH=/home/rpi/ros2_ws/build/maze_solver/prefix_override:/usr/lib/python3/dist-packages/colcon_core/task/python/colcon_distutils_commands:/home/rpi/ros2_ws/install/maze_solver/lib/python3.10/site-packages:${PYTHONPATH} /usr/bin/python3 -W ignore:setup.py install is deprecated -W ignore:easy_install command is deprecated setup.py egg_info --egg-base ../../build/maze_solver build --build-base /home/rpi/ros2_ws/build/maze_solver/build install --record /home/rpi/ros2_ws/build/maze_solver/install.log --single-version-externally-managed install_data
[9.467s] DEBUG:colcon.colcon_core.event_handler.log_command:Invoked command in '/home/rpi/ros2_ws/src/serial_interface' returned '0': PYTHONPATH=/home/rpi/ros2_ws/build/serial_interface/prefix_override:/usr/lib/python3/dist-packages/colcon_core/task/python/colcon_distutils_commands:/home/rpi/ros2_ws/install/serial_interface/lib/python3.10/site-packages:${PYTHONPATH} /usr/bin/python3 -W ignore:setup.py install is deprecated -W ignore:easy_install command is deprecated setup.py egg_info --egg-base ../../build/serial_interface build --build-base /home/rpi/ros2_ws/build/serial_interface/build install --record /home/rpi/ros2_ws/build/serial_interface/install.log --single-version-externally-managed install_data
[9.485s] Level 1:colcon.colcon_core.environment:checking '/home/rpi/ros2_ws/install/serial_interface' for CMake module files
[9.488s] Level 1:colcon.colcon_core.environment:checking '/home/rpi/ros2_ws/install/serial_interface' for CMake config files
[9.493s] Level 1:colcon.colcon_core.environment:checking '/home/rpi/ros2_ws/install/serial_interface/lib'
[9.495s] Level 1:colcon.colcon_core.environment:checking '/home/rpi/ros2_ws/install/serial_interface/bin'
[9.495s] Level 1:colcon.colcon_core.environment:checking '/home/rpi/ros2_ws/install/serial_interface/lib/pkgconfig/serial_interface.pc'
[9.496s] Level 1:colcon.colcon_core.environment:checking '/home/rpi/ros2_ws/install/serial_interface/lib/python3.10/site-packages'
[9.497s] Level 1:colcon.colcon_core.shell:create_environment_hook('serial_interface', 'pythonpath')
[9.498s] INFO:colcon.colcon_core.shell:Creating environment hook '/home/rpi/ros2_ws/install/serial_interface/share/serial_interface/hook/pythonpath.ps1'
[9.500s] INFO:colcon.colcon_core.shell:Creating environment descriptor '/home/rpi/ros2_ws/install/serial_interface/share/serial_interface/hook/pythonpath.dsv'
[9.501s] INFO:colcon.colcon_core.shell:Creating environment hook '/home/rpi/ros2_ws/install/serial_interface/share/serial_interface/hook/pythonpath.sh'
[9.504s] Level 1:colcon.colcon_core.environment:checking '/home/rpi/ros2_ws/install/serial_interface/bin'
[9.504s] Level 1:colcon.colcon_core.environment:create_environment_scripts_only(serial_interface)
[9.505s] INFO:colcon.colcon_core.shell:Creating package script '/home/rpi/ros2_ws/install/serial_interface/share/serial_interface/package.ps1'
[9.509s] INFO:colcon.colcon_core.shell:Creating package descriptor '/home/rpi/ros2_ws/install/serial_interface/share/serial_interface/package.dsv'
[9.511s] INFO:colcon.colcon_core.shell:Creating package script '/home/rpi/ros2_ws/install/serial_interface/share/serial_interface/package.sh'
[9.515s] INFO:colcon.colcon_core.shell:Creating package script '/home/rpi/ros2_ws/install/serial_interface/share/serial_interface/package.bash'
[9.519s] INFO:colcon.colcon_core.shell:Creating package script '/home/rpi/ros2_ws/install/serial_interface/share/serial_interface/package.zsh'
[9.521s] Level 1:colcon.colcon_core.environment:create_file_with_runtime_dependencies(/home/rpi/ros2_ws/install/serial_interface/share/colcon-core/packages/serial_interface)
[9.524s] Level 1:colcon.colcon_core.environment:checking '/home/rpi/ros2_ws/install/actionneurs' for CMake module files
[9.528s] DEBUG:colcon.colcon_core.event_handler.log_command:Invoked command in '/home/rpi/ros2_ws/src/actionneurs' returned '0': PYTHONPATH=/home/rpi/ros2_ws/build/actionneurs/prefix_override:/usr/lib/python3/dist-packages/colcon_core/task/python/colcon_distutils_commands:/home/rpi/ros2_ws/install/actionneurs/lib/python3.10/site-packages:${PYTHONPATH} /usr/bin/python3 -W ignore:setup.py install is deprecated -W ignore:easy_install command is deprecated setup.py egg_info --egg-base ../../build/actionneurs build --build-base /home/rpi/ros2_ws/build/actionneurs/build install --record /home/rpi/ros2_ws/build/actionneurs/install.log --single-version-externally-managed install_data
[9.528s] Level 1:colcon.colcon_core.environment:checking '/home/rpi/ros2_ws/install/actionneurs' for CMake config files
[9.531s] Level 1:colcon.colcon_core.environment:checking '/home/rpi/ros2_ws/install/actionneurs/lib'
[9.531s] Level 1:colcon.colcon_core.environment:checking '/home/rpi/ros2_ws/install/actionneurs/bin'
[9.532s] Level 1:colcon.colcon_core.environment:checking '/home/rpi/ros2_ws/install/actionneurs/lib/pkgconfig/actionneurs.pc'
[9.533s] Level 1:colcon.colcon_core.environment:checking '/home/rpi/ros2_ws/install/actionneurs/lib/python3.10/site-packages'
[9.533s] Level 1:colcon.colcon_core.shell:create_environment_hook('actionneurs', 'pythonpath')
[9.534s] INFO:colcon.colcon_core.shell:Creating environment hook '/home/rpi/ros2_ws/install/actionneurs/share/actionneurs/hook/pythonpath.ps1'
[9.536s] INFO:colcon.colcon_core.shell:Creating environment descriptor '/home/rpi/ros2_ws/install/actionneurs/share/actionneurs/hook/pythonpath.dsv'
[9.538s] INFO:colcon.colcon_core.shell:Creating environment hook '/home/rpi/ros2_ws/install/actionneurs/share/actionneurs/hook/pythonpath.sh'
[9.541s] Level 1:colcon.colcon_core.environment:checking '/home/rpi/ros2_ws/install/actionneurs/bin'
[9.541s] Level 1:colcon.colcon_core.environment:create_environment_scripts_only(actionneurs)
[9.543s] INFO:colcon.colcon_core.shell:Creating package script '/home/rpi/ros2_ws/install/actionneurs/share/actionneurs/package.ps1'
[9.546s] INFO:colcon.colcon_core.shell:Creating package descriptor '/home/rpi/ros2_ws/install/actionneurs/share/actionneurs/package.dsv'
[9.548s] INFO:colcon.colcon_core.shell:Creating package script '/home/rpi/ros2_ws/install/actionneurs/share/actionneurs/package.sh'
[9.551s] INFO:colcon.colcon_core.shell:Creating package script '/home/rpi/ros2_ws/install/actionneurs/share/actionneurs/package.bash'
[9.553s] INFO:colcon.colcon_core.shell:Creating package script '/home/rpi/ros2_ws/install/actionneurs/share/actionneurs/package.zsh'
[9.554s] Level 1:colcon.colcon_core.environment:create_file_with_runtime_dependencies(/home/rpi/ros2_ws/install/actionneurs/share/colcon-core/packages/actionneurs)
[9.559s] Level 1:colcon.colcon_core.environment:checking '/home/rpi/ros2_ws/install/maze_solver' for CMake module files
[9.561s] DEBUG:colcon.colcon_core.event_handler.log_command:Invoked command in '/home/rpi/ros2_ws/src/maze_solver' returned '0': PYTHONPATH=/home/rpi/ros2_ws/build/maze_solver/prefix_override:/usr/lib/python3/dist-packages/colcon_core/task/python/colcon_distutils_commands:/home/rpi/ros2_ws/install/maze_solver/lib/python3.10/site-packages:${PYTHONPATH} /usr/bin/python3 -W ignore:setup.py install is deprecated -W ignore:easy_install command is deprecated setup.py egg_info --egg-base ../../build/maze_solver build --build-base /home/rpi/ros2_ws/build/maze_solver/build install --record /home/rpi/ros2_ws/build/maze_solver/install.log --single-version-externally-managed install_data
[9.563s] Level 1:colcon.colcon_core.environment:checking '/home/rpi/ros2_ws/install/maze_solver' for CMake config files
[9.566s] Level 1:colcon.colcon_core.environment:checking '/home/rpi/ros2_ws/install/maze_solver/lib'
[9.566s] Level 1:colcon.colcon_core.environment:checking '/home/rpi/ros2_ws/install/maze_solver/bin'
[9.566s] Level 1:colcon.colcon_core.environment:checking '/home/rpi/ros2_ws/install/maze_solver/lib/pkgconfig/maze_solver.pc'
[9.567s] Level 1:colcon.colcon_core.environment:checking '/home/rpi/ros2_ws/install/maze_solver/lib/python3.10/site-packages'
[9.567s] Level 1:colcon.colcon_core.shell:create_environment_hook('maze_solver', 'pythonpath')
[9.568s] INFO:colcon.colcon_core.shell:Creating environment hook '/home/rpi/ros2_ws/install/maze_solver/share/maze_solver/hook/pythonpath.ps1'
[9.570s] INFO:colcon.colcon_core.shell:Creating environment descriptor '/home/rpi/ros2_ws/install/maze_solver/share/maze_solver/hook/pythonpath.dsv'
[9.572s] INFO:colcon.colcon_core.shell:Creating environment hook '/home/rpi/ros2_ws/install/maze_solver/share/maze_solver/hook/pythonpath.sh'
[9.575s] Level 1:colcon.colcon_core.environment:checking '/home/rpi/ros2_ws/install/maze_solver/bin'
[9.575s] Level 1:colcon.colcon_core.environment:create_environment_scripts_only(maze_solver)
[9.577s] INFO:colcon.colcon_core.shell:Creating package script '/home/rpi/ros2_ws/install/maze_solver/share/maze_solver/package.ps1'
[9.579s] INFO:colcon.colcon_core.shell:Creating package descriptor '/home/rpi/ros2_ws/install/maze_solver/share/maze_solver/package.dsv'
[9.582s] INFO:colcon.colcon_core.shell:Creating package script '/home/rpi/ros2_ws/install/maze_solver/share/maze_solver/package.sh'
[9.584s] INFO:colcon.colcon_core.shell:Creating package script '/home/rpi/ros2_ws/install/maze_solver/share/maze_solver/package.bash'
[9.586s] INFO:colcon.colcon_core.shell:Creating package script '/home/rpi/ros2_ws/install/maze_solver/share/maze_solver/package.zsh'
[9.587s] Level 1:colcon.colcon_core.environment:create_file_with_runtime_dependencies(/home/rpi/ros2_ws/install/maze_solver/share/colcon-core/packages/maze_solver)
[9.589s] DEBUG:colcon.colcon_parallel_executor.executor.parallel:closing loop
[9.590s] DEBUG:colcon.colcon_parallel_executor.executor.parallel:loop closed
[9.590s] DEBUG:colcon.colcon_parallel_executor.executor.parallel:run_until_complete finished with '0'
[9.591s] DEBUG:colcon.colcon_core.event_reactor:joining thread
[9.610s] INFO:colcon.colcon_core.plugin_system:Skipping extension 'colcon_notification.desktop_notification.terminal_notifier': Not used on non-Darwin systems
[9.611s] INFO:colcon.colcon_core.plugin_system:Skipping extension 'colcon_notification.desktop_notification.win32': Not used on non-Windows systems
[9.611s] INFO:colcon.colcon_notification.desktop_notification:Sending desktop notification using 'notify2'
[9.653s] DEBUG:colcon.colcon_core.event_reactor:joined thread
[9.655s] INFO:colcon.colcon_core.shell:Creating prefix script '/home/rpi/ros2_ws/install/local_setup.ps1'
[9.658s] INFO:colcon.colcon_core.shell:Creating prefix util module '/home/rpi/ros2_ws/install/_local_setup_util_ps1.py'
[9.664s] INFO:colcon.colcon_core.shell:Creating prefix chain script '/home/rpi/ros2_ws/install/setup.ps1'
[9.669s] INFO:colcon.colcon_core.shell:Creating prefix script '/home/rpi/ros2_ws/install/local_setup.sh'
[9.671s] INFO:colcon.colcon_core.shell:Creating prefix util module '/home/rpi/ros2_ws/install/_local_setup_util_sh.py'
[9.674s] INFO:colcon.colcon_core.shell:Creating prefix chain script '/home/rpi/ros2_ws/install/setup.sh'
[9.679s] INFO:colcon.colcon_core.shell:Creating prefix script '/home/rpi/ros2_ws/install/local_setup.bash'
[9.682s] INFO:colcon.colcon_core.shell:Creating prefix chain script '/home/rpi/ros2_ws/install/setup.bash'
[9.686s] INFO:colcon.colcon_core.shell:Creating prefix script '/home/rpi/ros2_ws/install/local_setup.zsh'
[9.689s] INFO:colcon.colcon_core.shell:Creating prefix chain script '/home/rpi/ros2_ws/install/setup.zsh'
