[5.889s] Invoking command in '/home/rpi/ros2_ws/src/serial_interface': PYTHONPATH=/home/rpi/ros2_ws/build/serial_interface/prefix_override:/usr/lib/python3/dist-packages/colcon_core/task/python/colcon_distutils_commands:/home/rpi/ros2_ws/install/serial_interface/lib/python3.10/site-packages:${PYTHONPATH} /usr/bin/python3 -W ignore:setup.py install is deprecated -W ignore:easy_install command is deprecated setup.py egg_info --egg-base ../../build/serial_interface build --build-base /home/rpi/ros2_ws/build/serial_interface/build install --record /home/rpi/ros2_ws/build/serial_interface/install.log --single-version-externally-managed install_data
[7.321s] running egg_info
[7.326s] writing ../../build/serial_interface/serial_interface.egg-info/PKG-INFO
[7.329s] writing dependency_links to ../../build/serial_interface/serial_interface.egg-info/dependency_links.txt
[7.330s] writing entry points to ../../build/serial_interface/serial_interface.egg-info/entry_points.txt
[7.331s] writing requirements to ../../build/serial_interface/serial_interface.egg-info/requires.txt
[7.332s] writing top-level names to ../../build/serial_interface/serial_interface.egg-info/top_level.txt
[7.343s] reading manifest file '../../build/serial_interface/serial_interface.egg-info/SOURCES.txt'
[7.348s] writing manifest file '../../build/serial_interface/serial_interface.egg-info/SOURCES.txt'
[7.349s] running build
[7.350s] running build_py
[7.351s] copying serial_interface/ultrasonic_sensor_node.py -> /home/rpi/ros2_ws/build/serial_interface/build/lib/serial_interface
[7.352s] copying serial_interface/serial_interface_node.py -> /home/rpi/ros2_ws/build/serial_interface/build/lib/serial_interface
[7.355s] copying serial_interface/motor_driver_node.py -> /home/rpi/ros2_ws/build/serial_interface/build/lib/serial_interface
[7.363s] running install
[7.364s] running install_lib
[7.371s] copying /home/rpi/ros2_ws/build/serial_interface/build/lib/serial_interface/ultrasonic_sensor_node.py -> /home/rpi/ros2_ws/install/serial_interface/lib/python3.10/site-packages/serial_interface
[7.372s] copying /home/rpi/ros2_ws/build/serial_interface/build/lib/serial_interface/serial_interface_node.py -> /home/rpi/ros2_ws/install/serial_interface/lib/python3.10/site-packages/serial_interface
[7.373s] copying /home/rpi/ros2_ws/build/serial_interface/build/lib/serial_interface/motor_driver_node.py -> /home/rpi/ros2_ws/install/serial_interface/lib/python3.10/site-packages/serial_interface
[7.377s] byte-compiling /home/rpi/ros2_ws/install/serial_interface/lib/python3.10/site-packages/serial_interface/ultrasonic_sensor_node.py to ultrasonic_sensor_node.cpython-310.pyc
[7.380s] byte-compiling /home/rpi/ros2_ws/install/serial_interface/lib/python3.10/site-packages/serial_interface/serial_interface_node.py to serial_interface_node.cpython-310.pyc
[7.383s] byte-compiling /home/rpi/ros2_ws/install/serial_interface/lib/python3.10/site-packages/serial_interface/motor_driver_node.py to motor_driver_node.cpython-310.pyc
[7.386s] running install_data
[7.387s] running install_egg_info
[7.397s] removing '/home/rpi/ros2_ws/install/serial_interface/lib/python3.10/site-packages/serial_interface-0.0.0-py3.10.egg-info' (and everything under it)
[7.399s] Copying ../../build/serial_interface/serial_interface.egg-info to /home/rpi/ros2_ws/install/serial_interface/lib/python3.10/site-packages/serial_interface-0.0.0-py3.10.egg-info
[7.407s] running install_scripts
[7.547s] Installing led_control_node script to /home/rpi/ros2_ws/install/serial_interface/lib/serial_interface
[7.549s] Installing motor_driver script to /home/rpi/ros2_ws/install/serial_interface/lib/serial_interface
[7.551s] Installing motor_driver_node script to /home/rpi/ros2_ws/install/serial_interface/lib/serial_interface
[7.555s] Installing serial_interface_node script to /home/rpi/ros2_ws/install/serial_interface/lib/serial_interface
[7.557s] Installing serial_node script to /home/rpi/ros2_ws/install/serial_interface/lib/serial_interface
[7.561s] Installing ultrasonic_node script to /home/rpi/ros2_ws/install/serial_interface/lib/serial_interface
[7.564s] Installing ultrasonic_sensor_node script to /home/rpi/ros2_ws/install/serial_interface/lib/serial_interface
[7.566s] Installing webcam_node script to /home/rpi/ros2_ws/install/serial_interface/lib/serial_interface
[7.573s] writing list of installed files to '/home/rpi/ros2_ws/build/serial_interface/install.log'
[7.814s] Invoked command in '/home/rpi/ros2_ws/src/serial_interface' returned '0': PYTHONPATH=/home/rpi/ros2_ws/build/serial_interface/prefix_override:/usr/lib/python3/dist-packages/colcon_core/task/python/colcon_distutils_commands:/home/rpi/ros2_ws/install/serial_interface/lib/python3.10/site-packages:${PYTHONPATH} /usr/bin/python3 -W ignore:setup.py install is deprecated -W ignore:easy_install command is deprecated setup.py egg_info --egg-base ../../build/serial_interface build --build-base /home/rpi/ros2_ws/build/serial_interface/build install --record /home/rpi/ros2_ws/build/serial_interface/install.log --single-version-externally-managed install_data
