[6.886s] Invoking command in '/home/rpi/ros2_ws/src/actionneurs': PYTHONPATH=/home/rpi/ros2_ws/build/actionneurs/prefix_override:/usr/lib/python3/dist-packages/colcon_core/task/python/colcon_distutils_commands:/home/rpi/ros2_ws/install/actionneurs/lib/python3.10/site-packages:${PYTHONPATH} /usr/bin/python3 -W ignore:setup.py install is deprecated -W ignore:easy_install command is deprecated setup.py egg_info --egg-base ../../build/actionneurs build --build-base /home/rpi/ros2_ws/build/actionneurs/build install --record /home/rpi/ros2_ws/build/actionneurs/install.log --single-version-externally-managed install_data
[9.131s] running egg_info
[9.136s] writing ../../build/actionneurs/actionneurs.egg-info/PKG-INFO
[9.139s] writing dependency_links to ../../build/actionneurs/actionneurs.egg-info/dependency_links.txt
[9.141s] writing entry points to ../../build/actionneurs/actionneurs.egg-info/entry_points.txt
[9.146s] writing requirements to ../../build/actionneurs/actionneurs.egg-info/requires.txt
[9.147s] writing top-level names to ../../build/actionneurs/actionneurs.egg-info/top_level.txt
[9.160s] reading manifest file '../../build/actionneurs/actionneurs.egg-info/SOURCES.txt'
[9.165s] writing manifest file '../../build/actionneurs/actionneurs.egg-info/SOURCES.txt'
[9.165s] running build
[9.166s] running build_py
[9.169s] running install
[9.170s] running install_lib
[9.178s] running install_data
[9.179s] running install_egg_info
[9.189s] removing '/home/rpi/ros2_ws/install/actionneurs/lib/python3.10/site-packages/actionneurs-0.0.0-py3.10.egg-info' (and everything under it)
[9.191s] Copying ../../build/actionneurs/actionneurs.egg-info to /home/rpi/ros2_ws/install/actionneurs/lib/python3.10/site-packages/actionneurs-0.0.0-py3.10.egg-info
[9.200s] running install_scripts
[9.367s] writing list of installed files to '/home/rpi/ros2_ws/build/actionneurs/install.log'
[9.564s] Invoked command in '/home/rpi/ros2_ws/src/actionneurs' returned '0': PYTHONPATH=/home/rpi/ros2_ws/build/actionneurs/prefix_override:/usr/lib/python3/dist-packages/colcon_core/task/python/colcon_distutils_commands:/home/rpi/ros2_ws/install/actionneurs/lib/python3.10/site-packages:${PYTHONPATH} /usr/bin/python3 -W ignore:setup.py install is deprecated -W ignore:easy_install command is deprecated setup.py egg_info --egg-base ../../build/actionneurs build --build-base /home/rpi/ros2_ws/build/actionneurs/build install --record /home/rpi/ros2_ws/build/actionneurs/install.log --single-version-externally-managed install_data
