[6.831s] Invoking command in '/home/rpi/ros2_ws/src/serial_interface': PYTHONPATH=/home/rpi/ros2_ws/build/serial_interface/prefix_override:/usr/lib/python3/dist-packages/colcon_core/task/python/colcon_distutils_commands:/home/rpi/ros2_ws/install/serial_interface/lib/python3.10/site-packages:${PYTHONPATH} /usr/bin/python3 -W ignore:setup.py install is deprecated -W ignore:easy_install command is deprecated setup.py egg_info --egg-base ../../build/serial_interface build --build-base /home/rpi/ros2_ws/build/serial_interface/build install --record /home/rpi/ros2_ws/build/serial_interface/install.log --single-version-externally-managed install_data
[9.040s] running egg_info
[9.049s] writing ../../build/serial_interface/serial_interface.egg-info/PKG-INFO
[9.052s] writing dependency_links to ../../build/serial_interface/serial_interface.egg-info/dependency_links.txt
[9.060s] writing entry points to ../../build/serial_interface/serial_interface.egg-info/entry_points.txt
[9.065s] writing requirements to ../../build/serial_interface/serial_interface.egg-info/requires.txt
[9.071s] writing top-level names to ../../build/serial_interface/serial_interface.egg-info/top_level.txt
[9.090s] reading manifest file '../../build/serial_interface/serial_interface.egg-info/SOURCES.txt'
[9.099s] writing manifest file '../../build/serial_interface/serial_interface.egg-info/SOURCES.txt'
[9.103s] running build
[9.106s] running build_py
[9.116s] running install
[9.119s] running install_lib
[9.137s] running install_data
[9.140s] running install_egg_info
[9.158s] removing '/home/rpi/ros2_ws/install/serial_interface/lib/python3.10/site-packages/serial_interface-0.0.0-py3.10.egg-info' (and everything under it)
[9.162s] Copying ../../build/serial_interface/serial_interface.egg-info to /home/rpi/ros2_ws/install/serial_interface/lib/python3.10/site-packages/serial_interface-0.0.0-py3.10.egg-info
[9.175s] running install_scripts
[9.396s] Installing led_control_node script to /home/rpi/ros2_ws/install/serial_interface/lib/serial_interface
[9.417s] Installing motion_planner_node script to /home/rpi/ros2_ws/install/serial_interface/lib/serial_interface
[9.419s] Installing motor_driver script to /home/rpi/ros2_ws/install/serial_interface/lib/serial_interface
[9.426s] Installing motor_driver_node script to /home/rpi/ros2_ws/install/serial_interface/lib/serial_interface
[9.433s] Installing serial_interface_node script to /home/rpi/ros2_ws/install/serial_interface/lib/serial_interface
[9.440s] Installing serial_node script to /home/rpi/ros2_ws/install/serial_interface/lib/serial_interface
[9.450s] Installing ultrasonic_node script to /home/rpi/ros2_ws/install/serial_interface/lib/serial_interface
[9.452s] Installing ultrasonic_sensor_node script to /home/rpi/ros2_ws/install/serial_interface/lib/serial_interface
[9.453s] Installing webcam_node script to /home/rpi/ros2_ws/install/serial_interface/lib/serial_interface
[9.465s] writing list of installed files to '/home/rpi/ros2_ws/build/serial_interface/install.log'
[9.676s] Invoked command in '/home/rpi/ros2_ws/src/serial_interface' returned '0': PYTHONPATH=/home/rpi/ros2_ws/build/serial_interface/prefix_override:/usr/lib/python3/dist-packages/colcon_core/task/python/colcon_distutils_commands:/home/rpi/ros2_ws/install/serial_interface/lib/python3.10/site-packages:${PYTHONPATH} /usr/bin/python3 -W ignore:setup.py install is deprecated -W ignore:easy_install command is deprecated setup.py egg_info --egg-base ../../build/serial_interface build --build-base /home/rpi/ros2_ws/build/serial_interface/build install --record /home/rpi/ros2_ws/build/serial_interface/install.log --single-version-externally-managed install_data
