running egg_info
creating ../../build/serial_interface/serial_interface.egg-info
writing ../../build/serial_interface/serial_interface.egg-info/PKG-INFO
writing dependency_links to ../../build/serial_interface/serial_interface.egg-info/dependency_links.txt
writing entry points to ../../build/serial_interface/serial_interface.egg-info/entry_points.txt
writing requirements to ../../build/serial_interface/serial_interface.egg-info/requires.txt
writing top-level names to ../../build/serial_interface/serial_interface.egg-info/top_level.txt
writing manifest file '../../build/serial_interface/serial_interface.egg-info/SOURCES.txt'
reading manifest file '../../build/serial_interface/serial_interface.egg-info/SOURCES.txt'
writing manifest file '../../build/serial_interface/serial_interface.egg-info/SOURCES.txt'
running build
running build_py
creating /home/rpi/ros2_ws/build/serial_interface/build
creating /home/rpi/ros2_ws/build/serial_interface/build/lib
creating /home/rpi/ros2_ws/build/serial_interface/build/lib/serial_interface
copying serial_interface/__init__.py -> /home/rpi/ros2_ws/build/serial_interface/build/lib/serial_interface
running install
running install_lib
creating /home/rpi/ros2_ws/install/serial_interface/lib/python3.10/site-packages/serial_interface
copying /home/rpi/ros2_ws/build/serial_interface/build/lib/serial_interface/__init__.py -> /home/rpi/ros2_ws/install/serial_interface/lib/python3.10/site-packages/serial_interface
byte-compiling /home/rpi/ros2_ws/install/serial_interface/lib/python3.10/site-packages/serial_interface/__init__.py to __init__.cpython-310.pyc
running install_data
creating /home/rpi/ros2_ws/install/serial_interface/share/ament_index
creating /home/rpi/ros2_ws/install/serial_interface/share/ament_index/resource_index
creating /home/rpi/ros2_ws/install/serial_interface/share/ament_index/resource_index/packages
copying resource/serial_interface -> /home/rpi/ros2_ws/install/serial_interface/share/ament_index/resource_index/packages
copying package.xml -> /home/rpi/ros2_ws/install/serial_interface/share/serial_interface
running install_egg_info
Copying ../../build/serial_interface/serial_interface.egg-info to /home/rpi/ros2_ws/install/serial_interface/lib/python3.10/site-packages/serial_interface-0.0.0-py3.10.egg-info
running install_scripts
Installing serial_node script to /home/rpi/ros2_ws/install/serial_interface/lib/serial_interface
writing list of installed files to '/home/rpi/ros2_ws/build/serial_interface/install.log'
