[11.639s] Invoking command in '/home/rpi/ros2_ws/src/actionneurs': PYTHONPATH=/home/rpi/ros2_ws/build/actionneurs/prefix_override:/usr/lib/python3/dist-packages/colcon_core/task/python/colcon_distutils_commands:/home/rpi/ros2_ws/install/actionneurs/lib/python3.10/site-packages:${PYTHONPATH} /usr/bin/python3 -W ignore:setup.py install is deprecated -W ignore:easy_install command is deprecated setup.py egg_info --egg-base ../../build/actionneurs build --build-base /home/rpi/ros2_ws/build/actionneurs/build install --record /home/rpi/ros2_ws/build/actionneurs/install.log --single-version-externally-managed install_data
[14.253s] running egg_info
[14.339s] writing ../../build/actionneurs/actionneurs.egg-info/PKG-INFO
[14.499s] writing dependency_links to ../../build/actionneurs/actionneurs.egg-info/dependency_links.txt
[14.500s] writing entry points to ../../build/actionneurs/actionneurs.egg-info/entry_points.txt
[14.501s] writing requirements to ../../build/actionneurs/actionneurs.egg-info/requires.txt
[14.501s] writing top-level names to ../../build/actionneurs/actionneurs.egg-info/top_level.txt
[14.503s] reading manifest file '../../build/actionneurs/actionneurs.egg-info/SOURCES.txt'
[14.508s] writing manifest file '../../build/actionneurs/actionneurs.egg-info/SOURCES.txt'
[14.509s] running build
[14.509s] running build_py
[14.512s] running install
[14.514s] running install_lib
[14.527s] running install_data
[14.529s] running install_egg_info
[14.541s] removing '/home/rpi/ros2_ws/install/actionneurs/lib/python3.10/site-packages/actionneurs-0.0.0-py3.10.egg-info' (and everything under it)
[14.543s] Copying ../../build/actionneurs/actionneurs.egg-info to /home/rpi/ros2_ws/install/actionneurs/lib/python3.10/site-packages/actionneurs-0.0.0-py3.10.egg-info
[14.549s] running install_scripts
[14.746s] writing list of installed files to '/home/rpi/ros2_ws/build/actionneurs/install.log'
[15.163s] Invoked command in '/home/rpi/ros2_ws/src/actionneurs' returned '0': PYTHONPATH=/home/rpi/ros2_ws/build/actionneurs/prefix_override:/usr/lib/python3/dist-packages/colcon_core/task/python/colcon_distutils_commands:/home/rpi/ros2_ws/install/actionneurs/lib/python3.10/site-packages:${PYTHONPATH} /usr/bin/python3 -W ignore:setup.py install is deprecated -W ignore:easy_install command is deprecated setup.py egg_info --egg-base ../../build/actionneurs build --build-base /home/rpi/ros2_ws/build/actionneurs/build install --record /home/rpi/ros2_ws/build/actionneurs/install.log --single-version-externally-managed install_data
