[5.890s] Invoking command in '/home/rpi/ros2_ws/src/actionneurs': PYTHONPATH=/home/rpi/ros2_ws/build/actionneurs/prefix_override:/usr/lib/python3/dist-packages/colcon_core/task/python/colcon_distutils_commands:/home/rpi/ros2_ws/install/actionneurs/lib/python3.10/site-packages:${PYTHONPATH} /usr/bin/python3 -W ignore:setup.py install is deprecated -W ignore:easy_install command is deprecated setup.py egg_info --egg-base ../../build/actionneurs build --build-base /home/rpi/ros2_ws/build/actionneurs/build install --record /home/rpi/ros2_ws/build/actionneurs/install.log --single-version-externally-managed install_data
[7.349s] running egg_info
[7.352s] writing ../../build/actionneurs/actionneurs.egg-info/PKG-INFO
[7.353s] writing dependency_links to ../../build/actionneurs/actionneurs.egg-info/dependency_links.txt
[7.354s] writing entry points to ../../build/actionneurs/actionneurs.egg-info/entry_points.txt
[7.355s] writing requirements to ../../build/actionneurs/actionneurs.egg-info/requires.txt
[7.356s] writing top-level names to ../../build/actionneurs/actionneurs.egg-info/top_level.txt
[7.366s] reading manifest file '../../build/actionneurs/actionneurs.egg-info/SOURCES.txt'
[7.371s] writing manifest file '../../build/actionneurs/actionneurs.egg-info/SOURCES.txt'
[7.372s] running build
[7.373s] running build_py
[7.374s] running install
[7.382s] running install_lib
[7.392s] running install_data
[7.394s] running install_egg_info
[7.399s] removing '/home/rpi/ros2_ws/install/actionneurs/lib/python3.10/site-packages/actionneurs-0.0.0-py3.10.egg-info' (and everything under it)
[7.403s] Copying ../../build/actionneurs/actionneurs.egg-info to /home/rpi/ros2_ws/install/actionneurs/lib/python3.10/site-packages/actionneurs-0.0.0-py3.10.egg-info
[7.411s] running install_scripts
[7.514s] writing list of installed files to '/home/rpi/ros2_ws/build/actionneurs/install.log'
[7.750s] Invoked command in '/home/rpi/ros2_ws/src/actionneurs' returned '0': PYTHONPATH=/home/rpi/ros2_ws/build/actionneurs/prefix_override:/usr/lib/python3/dist-packages/colcon_core/task/python/colcon_distutils_commands:/home/rpi/ros2_ws/install/actionneurs/lib/python3.10/site-packages:${PYTHONPATH} /usr/bin/python3 -W ignore:setup.py install is deprecated -W ignore:easy_install command is deprecated setup.py egg_info --egg-base ../../build/actionneurs build --build-base /home/rpi/ros2_ws/build/actionneurs/build install --record /home/rpi/ros2_ws/build/actionneurs/install.log --single-version-externally-managed install_data
