[5.891s] Invoking command in '/home/rpi/ros2_ws/src/serial_interface': PYTHONPATH=/home/rpi/ros2_ws/build/serial_interface/prefix_override:/usr/lib/python3/dist-packages/colcon_core/task/python/colcon_distutils_commands:/home/rpi/ros2_ws/install/serial_interface/lib/python3.10/site-packages:${PYTHONPATH} /usr/bin/python3 -W ignore:setup.py install is deprecated -W ignore:easy_install command is deprecated setup.py egg_info --egg-base ../../build/serial_interface build --build-base /home/rpi/ros2_ws/build/serial_interface/build install --record /home/rpi/ros2_ws/build/serial_interface/install.log --single-version-externally-managed install_data
[7.316s] running egg_info
[7.319s] writing ../../build/serial_interface/serial_interface.egg-info/PKG-INFO
[7.322s] writing dependency_links to ../../build/serial_interface/serial_interface.egg-info/dependency_links.txt
[7.325s] writing entry points to ../../build/serial_interface/serial_interface.egg-info/entry_points.txt
[7.326s] writing requirements to ../../build/serial_interface/serial_interface.egg-info/requires.txt
[7.327s] writing top-level names to ../../build/serial_interface/serial_interface.egg-info/top_level.txt
[7.345s] reading manifest file '../../build/serial_interface/serial_interface.egg-info/SOURCES.txt'
[7.352s] writing manifest file '../../build/serial_interface/serial_interface.egg-info/SOURCES.txt'
[7.353s] running build
[7.354s] running build_py
[7.355s] copying serial_interface/ultrasonic_node.py -> /home/rpi/ros2_ws/build/serial_interface/build/lib/serial_interface
[7.357s] copying serial_interface/motor_driver_node.py -> /home/rpi/ros2_ws/build/serial_interface/build/lib/serial_interface
[7.359s] running install
[7.361s] running install_lib
[7.366s] copying /home/rpi/ros2_ws/build/serial_interface/build/lib/serial_interface/ultrasonic_node.py -> /home/rpi/ros2_ws/install/serial_interface/lib/python3.10/site-packages/serial_interface
[7.368s] copying /home/rpi/ros2_ws/build/serial_interface/build/lib/serial_interface/motor_driver_node.py -> /home/rpi/ros2_ws/install/serial_interface/lib/python3.10/site-packages/serial_interface
[7.371s] byte-compiling /home/rpi/ros2_ws/install/serial_interface/lib/python3.10/site-packages/serial_interface/ultrasonic_node.py to ultrasonic_node.cpython-310.pyc
[7.376s] byte-compiling /home/rpi/ros2_ws/install/serial_interface/lib/python3.10/site-packages/serial_interface/motor_driver_node.py to motor_driver_node.cpython-310.pyc
[7.378s] running install_data
[7.379s] running install_egg_info
[7.389s] removing '/home/rpi/ros2_ws/install/serial_interface/lib/python3.10/site-packages/serial_interface-0.0.0-py3.10.egg-info' (and everything under it)
[7.391s] Copying ../../build/serial_interface/serial_interface.egg-info to /home/rpi/ros2_ws/install/serial_interface/lib/python3.10/site-packages/serial_interface-0.0.0-py3.10.egg-info
[7.399s] running install_scripts
[7.511s] Installing led_control_node script to /home/rpi/ros2_ws/install/serial_interface/lib/serial_interface
[7.514s] Installing motor_driver script to /home/rpi/ros2_ws/install/serial_interface/lib/serial_interface
[7.517s] Installing motor_driver_node script to /home/rpi/ros2_ws/install/serial_interface/lib/serial_interface
[7.521s] Installing serial_node script to /home/rpi/ros2_ws/install/serial_interface/lib/serial_interface
[7.524s] Installing ultrasonic_node script to /home/rpi/ros2_ws/install/serial_interface/lib/serial_interface
[7.527s] Installing webcam_node script to /home/rpi/ros2_ws/install/serial_interface/lib/serial_interface
[7.533s] writing list of installed files to '/home/rpi/ros2_ws/build/serial_interface/install.log'
[7.844s] Invoked command in '/home/rpi/ros2_ws/src/serial_interface' returned '0': PYTHONPATH=/home/rpi/ros2_ws/build/serial_interface/prefix_override:/usr/lib/python3/dist-packages/colcon_core/task/python/colcon_distutils_commands:/home/rpi/ros2_ws/install/serial_interface/lib/python3.10/site-packages:${PYTHONPATH} /usr/bin/python3 -W ignore:setup.py install is deprecated -W ignore:easy_install command is deprecated setup.py egg_info --egg-base ../../build/serial_interface build --build-base /home/rpi/ros2_ws/build/serial_interface/build install --record /home/rpi/ros2_ws/build/serial_interface/install.log --single-version-externally-managed install_data
