[6.310s] Invoking command in '/home/rpi/ros2_ws/src/serial_interface': PYTHONPATH=/home/rpi/ros2_ws/build/serial_interface/prefix_override:/usr/lib/python3/dist-packages/colcon_core/task/python/colcon_distutils_commands:/home/rpi/ros2_ws/install/serial_interface/lib/python3.10/site-packages:${PYTHONPATH} /usr/bin/python3 -W ignore:setup.py install is deprecated -W ignore:easy_install command is deprecated setup.py egg_info --egg-base ../../build/serial_interface build --build-base /home/rpi/ros2_ws/build/serial_interface/build install --record /home/rpi/ros2_ws/build/serial_interface/install.log --single-version-externally-managed install_data
[7.860s] running egg_info
[7.864s] writing ../../build/serial_interface/serial_interface.egg-info/PKG-INFO
[7.871s] writing dependency_links to ../../build/serial_interface/serial_interface.egg-info/dependency_links.txt
[7.873s] writing entry points to ../../build/serial_interface/serial_interface.egg-info/entry_points.txt
[7.873s] writing requirements to ../../build/serial_interface/serial_interface.egg-info/requires.txt
[7.874s] writing top-level names to ../../build/serial_interface/serial_interface.egg-info/top_level.txt
[7.882s] reading manifest file '../../build/serial_interface/serial_interface.egg-info/SOURCES.txt'
[7.887s] writing manifest file '../../build/serial_interface/serial_interface.egg-info/SOURCES.txt'
[7.888s] running build
[7.889s] running build_py
[7.900s] running install
[7.901s] running install_lib
[7.912s] byte-compiling /home/rpi/ros2_ws/install/serial_interface/lib/python3.10/site-packages/serial_interface/motion_planner_node.py to motion_planner_node.cpython-310.pyc
[7.917s] running install_data
[7.919s] running install_egg_info
[7.929s] removing '/home/rpi/ros2_ws/install/serial_interface/lib/python3.10/site-packages/serial_interface-0.0.0-py3.10.egg-info' (and everything under it)
[7.931s] Copying ../../build/serial_interface/serial_interface.egg-info to /home/rpi/ros2_ws/install/serial_interface/lib/python3.10/site-packages/serial_interface-0.0.0-py3.10.egg-info
[7.940s] running install_scripts
[8.085s] Installing led_control_node script to /home/rpi/ros2_ws/install/serial_interface/lib/serial_interface
[8.088s] Installing motion_planner_node script to /home/rpi/ros2_ws/install/serial_interface/lib/serial_interface
[8.091s] Installing motor_driver script to /home/rpi/ros2_ws/install/serial_interface/lib/serial_interface
[8.094s] Installing motor_driver_node script to /home/rpi/ros2_ws/install/serial_interface/lib/serial_interface
[8.097s] Installing serial_interface_node script to /home/rpi/ros2_ws/install/serial_interface/lib/serial_interface
[8.100s] Installing serial_node script to /home/rpi/ros2_ws/install/serial_interface/lib/serial_interface
[8.103s] Installing ultrasonic_node script to /home/rpi/ros2_ws/install/serial_interface/lib/serial_interface
[8.105s] Installing ultrasonic_sensor_node script to /home/rpi/ros2_ws/install/serial_interface/lib/serial_interface
[8.108s] Installing webcam_node script to /home/rpi/ros2_ws/install/serial_interface/lib/serial_interface
[8.113s] writing list of installed files to '/home/rpi/ros2_ws/build/serial_interface/install.log'
[8.362s] Invoked command in '/home/rpi/ros2_ws/src/serial_interface' returned '0': PYTHONPATH=/home/rpi/ros2_ws/build/serial_interface/prefix_override:/usr/lib/python3/dist-packages/colcon_core/task/python/colcon_distutils_commands:/home/rpi/ros2_ws/install/serial_interface/lib/python3.10/site-packages:${PYTHONPATH} /usr/bin/python3 -W ignore:setup.py install is deprecated -W ignore:easy_install command is deprecated setup.py egg_info --egg-base ../../build/serial_interface build --build-base /home/rpi/ros2_ws/build/serial_interface/build install --record /home/rpi/ros2_ws/build/serial_interface/install.log --single-version-externally-managed install_data
