[6.282s] Invoking command in '/home/rpi/ros2_ws/src/serial_interface': PYTHONPATH=/home/rpi/ros2_ws/build/serial_interface/prefix_override:/usr/lib/python3/dist-packages/colcon_core/task/python/colcon_distutils_commands:/home/rpi/ros2_ws/install/serial_interface/lib/python3.10/site-packages:${PYTHONPATH} /usr/bin/python3 -W ignore:setup.py install is deprecated -W ignore:easy_install command is deprecated setup.py egg_info --egg-base ../../build/serial_interface build --build-base /home/rpi/ros2_ws/build/serial_interface/build install --record /home/rpi/ros2_ws/build/serial_interface/install.log --single-version-externally-managed install_data
[7.836s] running egg_info
[7.841s] writing ../../build/serial_interface/serial_interface.egg-info/PKG-INFO
[7.843s] writing dependency_links to ../../build/serial_interface/serial_interface.egg-info/dependency_links.txt
[7.845s] writing entry points to ../../build/serial_interface/serial_interface.egg-info/entry_points.txt
[7.846s] writing requirements to ../../build/serial_interface/serial_interface.egg-info/requires.txt
[7.847s] writing top-level names to ../../build/serial_interface/serial_interface.egg-info/top_level.txt
[7.859s] reading manifest file '../../build/serial_interface/serial_interface.egg-info/SOURCES.txt'
[7.865s] writing manifest file '../../build/serial_interface/serial_interface.egg-info/SOURCES.txt'
[7.866s] running build
[7.867s] running build_py
[7.876s] copying serial_interface/serial_interface_node.py -> /home/rpi/ros2_ws/build/serial_interface/build/lib/serial_interface
[7.880s] running install
[7.881s] running install_lib
[7.888s] copying /home/rpi/ros2_ws/build/serial_interface/build/lib/serial_interface/serial_interface_node.py -> /home/rpi/ros2_ws/install/serial_interface/lib/python3.10/site-packages/serial_interface
[7.893s] byte-compiling /home/rpi/ros2_ws/install/serial_interface/lib/python3.10/site-packages/serial_interface/motion_planner_node.py to motion_planner_node.cpython-310.pyc
[7.898s] byte-compiling /home/rpi/ros2_ws/install/serial_interface/lib/python3.10/site-packages/serial_interface/serial_interface_node.py to serial_interface_node.cpython-310.pyc
[7.903s] running install_data
[7.904s] running install_egg_info
[7.915s] removing '/home/rpi/ros2_ws/install/serial_interface/lib/python3.10/site-packages/serial_interface-0.0.0-py3.10.egg-info' (and everything under it)
[7.917s] Copying ../../build/serial_interface/serial_interface.egg-info to /home/rpi/ros2_ws/install/serial_interface/lib/python3.10/site-packages/serial_interface-0.0.0-py3.10.egg-info
[7.925s] running install_scripts
[8.088s] Installing led_control_node script to /home/rpi/ros2_ws/install/serial_interface/lib/serial_interface
[8.092s] Installing motion_planner_node script to /home/rpi/ros2_ws/install/serial_interface/lib/serial_interface
[8.094s] Installing motor_driver script to /home/rpi/ros2_ws/install/serial_interface/lib/serial_interface
[8.097s] Installing motor_driver_node script to /home/rpi/ros2_ws/install/serial_interface/lib/serial_interface
[8.100s] Installing serial_interface_node script to /home/rpi/ros2_ws/install/serial_interface/lib/serial_interface
[8.102s] Installing serial_node script to /home/rpi/ros2_ws/install/serial_interface/lib/serial_interface
[8.105s] Installing ultrasonic_node script to /home/rpi/ros2_ws/install/serial_interface/lib/serial_interface
[8.108s] Installing ultrasonic_sensor_node script to /home/rpi/ros2_ws/install/serial_interface/lib/serial_interface
[8.113s] Installing webcam_node script to /home/rpi/ros2_ws/install/serial_interface/lib/serial_interface
[8.116s] writing list of installed files to '/home/rpi/ros2_ws/build/serial_interface/install.log'
[8.322s] Invoked command in '/home/rpi/ros2_ws/src/serial_interface' returned '0': PYTHONPATH=/home/rpi/ros2_ws/build/serial_interface/prefix_override:/usr/lib/python3/dist-packages/colcon_core/task/python/colcon_distutils_commands:/home/rpi/ros2_ws/install/serial_interface/lib/python3.10/site-packages:${PYTHONPATH} /usr/bin/python3 -W ignore:setup.py install is deprecated -W ignore:easy_install command is deprecated setup.py egg_info --egg-base ../../build/serial_interface build --build-base /home/rpi/ros2_ws/build/serial_interface/build install --record /home/rpi/ros2_ws/build/serial_interface/install.log --single-version-externally-managed install_data
