[6.218s] Invoking command in '/home/rpi/ros2_ws/src/serial_interface': PYTHONPATH=/home/rpi/ros2_ws/build/serial_interface/prefix_override:/usr/lib/python3/dist-packages/colcon_core/task/python/colcon_distutils_commands:/home/rpi/ros2_ws/install/serial_interface/lib/python3.10/site-packages:${PYTHONPATH} /usr/bin/python3 -W ignore:setup.py install is deprecated -W ignore:easy_install command is deprecated setup.py egg_info --egg-base ../../build/serial_interface build --build-base /home/rpi/ros2_ws/build/serial_interface/build install --record /home/rpi/ros2_ws/build/serial_interface/install.log --single-version-externally-managed install_data
[7.749s] running egg_info
[7.752s] writing ../../build/serial_interface/serial_interface.egg-info/PKG-INFO
[7.755s] writing dependency_links to ../../build/serial_interface/serial_interface.egg-info/dependency_links.txt
[7.756s] writing entry points to ../../build/serial_interface/serial_interface.egg-info/entry_points.txt
[7.757s] writing requirements to ../../build/serial_interface/serial_interface.egg-info/requires.txt
[7.759s] writing top-level names to ../../build/serial_interface/serial_interface.egg-info/top_level.txt
[7.770s] reading manifest file '../../build/serial_interface/serial_interface.egg-info/SOURCES.txt'
[7.776s] writing manifest file '../../build/serial_interface/serial_interface.egg-info/SOURCES.txt'
[7.777s] running build
[7.778s] running build_py
[7.780s] copying serial_interface/webcam_node.py -> /home/rpi/ros2_ws/build/serial_interface/build/lib/serial_interface
[7.784s] running install
[7.786s] running install_lib
[7.797s] copying /home/rpi/ros2_ws/build/serial_interface/build/lib/serial_interface/webcam_node.py -> /home/rpi/ros2_ws/install/serial_interface/lib/python3.10/site-packages/serial_interface
[7.803s] byte-compiling /home/rpi/ros2_ws/install/serial_interface/lib/python3.10/site-packages/serial_interface/webcam_node.py to webcam_node.cpython-310.pyc
[7.810s] running install_data
[7.811s] running install_egg_info
[7.820s] removing '/home/rpi/ros2_ws/install/serial_interface/lib/python3.10/site-packages/serial_interface-0.0.0-py3.10.egg-info' (and everything under it)
[7.823s] Copying ../../build/serial_interface/serial_interface.egg-info to /home/rpi/ros2_ws/install/serial_interface/lib/python3.10/site-packages/serial_interface-0.0.0-py3.10.egg-info
[7.831s] running install_scripts
[8.001s] Installing led_control_node script to /home/rpi/ros2_ws/install/serial_interface/lib/serial_interface
[8.007s] Installing motor_driver script to /home/rpi/ros2_ws/install/serial_interface/lib/serial_interface
[8.013s] Installing motor_driver_node script to /home/rpi/ros2_ws/install/serial_interface/lib/serial_interface
[8.016s] Installing serial_interface_node script to /home/rpi/ros2_ws/install/serial_interface/lib/serial_interface
[8.020s] Installing serial_node script to /home/rpi/ros2_ws/install/serial_interface/lib/serial_interface
[8.024s] Installing ultrasonic_node script to /home/rpi/ros2_ws/install/serial_interface/lib/serial_interface
[8.027s] Installing ultrasonic_sensor_node script to /home/rpi/ros2_ws/install/serial_interface/lib/serial_interface
[8.029s] Installing webcam_node script to /home/rpi/ros2_ws/install/serial_interface/lib/serial_interface
[8.032s] writing list of installed files to '/home/rpi/ros2_ws/build/serial_interface/install.log'
[8.226s] Invoked command in '/home/rpi/ros2_ws/src/serial_interface' returned '0': PYTHONPATH=/home/rpi/ros2_ws/build/serial_interface/prefix_override:/usr/lib/python3/dist-packages/colcon_core/task/python/colcon_distutils_commands:/home/rpi/ros2_ws/install/serial_interface/lib/python3.10/site-packages:${PYTHONPATH} /usr/bin/python3 -W ignore:setup.py install is deprecated -W ignore:easy_install command is deprecated setup.py egg_info --egg-base ../../build/serial_interface build --build-base /home/rpi/ros2_ws/build/serial_interface/build install --record /home/rpi/ros2_ws/build/serial_interface/install.log --single-version-externally-managed install_data
