[6.224s] Invoking command in '/home/rpi/ros2_ws/src/serial_interface': PYTHONPATH=/home/rpi/ros2_ws/build/serial_interface/prefix_override:/usr/lib/python3/dist-packages/colcon_core/task/python/colcon_distutils_commands:/home/rpi/ros2_ws/install/serial_interface/lib/python3.10/site-packages:${PYTHONPATH} /usr/bin/python3 -W ignore:setup.py install is deprecated -W ignore:easy_install command is deprecated setup.py egg_info --egg-base ../../build/serial_interface build --build-base /home/rpi/ros2_ws/build/serial_interface/build install --record /home/rpi/ros2_ws/build/serial_interface/install.log --single-version-externally-managed install_data
[7.749s] running egg_info
[7.752s] writing ../../build/serial_interface/serial_interface.egg-info/PKG-INFO
[7.753s] writing dependency_links to ../../build/serial_interface/serial_interface.egg-info/dependency_links.txt
[7.755s] writing entry points to ../../build/serial_interface/serial_interface.egg-info/entry_points.txt
[7.756s] writing requirements to ../../build/serial_interface/serial_interface.egg-info/requires.txt
[7.757s] writing top-level names to ../../build/serial_interface/serial_interface.egg-info/top_level.txt
[7.768s] reading manifest file '../../build/serial_interface/serial_interface.egg-info/SOURCES.txt'
[7.773s] writing manifest file '../../build/serial_interface/serial_interface.egg-info/SOURCES.txt'
[7.774s] running build
[7.775s] running build_py
[7.776s] copying serial_interface/webcam_node.py -> /home/rpi/ros2_ws/build/serial_interface/build/lib/serial_interface
[7.780s] running install
[7.782s] running install_lib
[7.795s] copying /home/rpi/ros2_ws/build/serial_interface/build/lib/serial_interface/webcam_node.py -> /home/rpi/ros2_ws/install/serial_interface/lib/python3.10/site-packages/serial_interface
[7.801s] byte-compiling /home/rpi/ros2_ws/install/serial_interface/lib/python3.10/site-packages/serial_interface/webcam_node.py to webcam_node.cpython-310.pyc
[7.808s] running install_data
[7.808s] running install_egg_info
[7.817s] removing '/home/rpi/ros2_ws/install/serial_interface/lib/python3.10/site-packages/serial_interface-0.0.0-py3.10.egg-info' (and everything under it)
[7.819s] Copying ../../build/serial_interface/serial_interface.egg-info to /home/rpi/ros2_ws/install/serial_interface/lib/python3.10/site-packages/serial_interface-0.0.0-py3.10.egg-info
[7.827s] running install_scripts
[7.994s] Installing led_control_node script to /home/rpi/ros2_ws/install/serial_interface/lib/serial_interface
[7.998s] Installing motor_driver script to /home/rpi/ros2_ws/install/serial_interface/lib/serial_interface
[8.001s] Installing motor_driver_node script to /home/rpi/ros2_ws/install/serial_interface/lib/serial_interface
[8.005s] Installing serial_interface_node script to /home/rpi/ros2_ws/install/serial_interface/lib/serial_interface
[8.007s] Installing serial_node script to /home/rpi/ros2_ws/install/serial_interface/lib/serial_interface
[8.011s] Installing ultrasonic_node script to /home/rpi/ros2_ws/install/serial_interface/lib/serial_interface
[8.017s] Installing ultrasonic_sensor_node script to /home/rpi/ros2_ws/install/serial_interface/lib/serial_interface
[8.019s] Installing webcam_node script to /home/rpi/ros2_ws/install/serial_interface/lib/serial_interface
[8.024s] writing list of installed files to '/home/rpi/ros2_ws/build/serial_interface/install.log'
[8.224s] Invoked command in '/home/rpi/ros2_ws/src/serial_interface' returned '0': PYTHONPATH=/home/rpi/ros2_ws/build/serial_interface/prefix_override:/usr/lib/python3/dist-packages/colcon_core/task/python/colcon_distutils_commands:/home/rpi/ros2_ws/install/serial_interface/lib/python3.10/site-packages:${PYTHONPATH} /usr/bin/python3 -W ignore:setup.py install is deprecated -W ignore:easy_install command is deprecated setup.py egg_info --egg-base ../../build/serial_interface build --build-base /home/rpi/ros2_ws/build/serial_interface/build install --record /home/rpi/ros2_ws/build/serial_interface/install.log --single-version-externally-managed install_data
