running egg_info
writing ../../build/serial_interface/serial_interface.egg-info/PKG-INFO
writing dependency_links to ../../build/serial_interface/serial_interface.egg-info/dependency_links.txt
writing entry points to ../../build/serial_interface/serial_interface.egg-info/entry_points.txt
writing requirements to ../../build/serial_interface/serial_interface.egg-info/requires.txt
writing top-level names to ../../build/serial_interface/serial_interface.egg-info/top_level.txt
reading manifest file '../../build/serial_interface/serial_interface.egg-info/SOURCES.txt'
writing manifest file '../../build/serial_interface/serial_interface.egg-info/SOURCES.txt'
running build
running build_py
running install
running install_lib
running install_data
creating /home/rpi/ros2_ws/install/serial_interface/share/serial_interface/launch
copying launch/launch_serial.py -> /home/rpi/ros2_ws/install/serial_interface/share/serial_interface/launch
running install_egg_info
removing '/home/rpi/ros2_ws/install/serial_interface/lib/python3.10/site-packages/serial_interface-0.0.0-py3.10.egg-info' (and everything under it)
Copying ../../build/serial_interface/serial_interface.egg-info to /home/rpi/ros2_ws/install/serial_interface/lib/python3.10/site-packages/serial_interface-0.0.0-py3.10.egg-info
running install_scripts
Installing led_control_node script to /home/rpi/ros2_ws/install/serial_interface/lib/serial_interface
Installing motion_planner_node script to /home/rpi/ros2_ws/install/serial_interface/lib/serial_interface
Installing motor_driver script to /home/rpi/ros2_ws/install/serial_interface/lib/serial_interface
Installing motor_driver_node script to /home/rpi/ros2_ws/install/serial_interface/lib/serial_interface
Installing serial_interface_node script to /home/rpi/ros2_ws/install/serial_interface/lib/serial_interface
Installing serial_node script to /home/rpi/ros2_ws/install/serial_interface/lib/serial_interface
Installing ultrasonic_node script to /home/rpi/ros2_ws/install/serial_interface/lib/serial_interface
Installing ultrasonic_sensor_node script to /home/rpi/ros2_ws/install/serial_interface/lib/serial_interface
Installing webcam_node script to /home/rpi/ros2_ws/install/serial_interface/lib/serial_interface
writing list of installed files to '/home/rpi/ros2_ws/build/serial_interface/install.log'
