[0.000000] (-) TimerEvent: {}
[0.001249] (actionneurs) JobQueued: {'identifier': 'actionneurs', 'dependencies': OrderedDict()}
[0.001474] (maze_solver) JobQueued: {'identifier': 'maze_solver', 'dependencies': OrderedDict()}
[0.001750] (serial_interface) JobQueued: {'identifier': 'serial_interface', 'dependencies': OrderedDict()}
[0.001906] (actionneurs) JobStarted: {'identifier': 'actionneurs'}
[0.037021] (maze_solver) JobStarted: {'identifier': 'maze_solver'}
[0.064034] (serial_interface) JobStarted: {'identifier': 'serial_interface'}
[0.099673] (-) TimerEvent: {}
[0.200753] (-) TimerEvent: {}
[0.301401] (-) TimerEvent: {}
[0.402053] (-) TimerEvent: {}
[0.502714] (-) TimerEvent: {}
[0.603345] (-) TimerEvent: {}
[0.704014] (-) TimerEvent: {}
[0.804665] (-) TimerEvent: {}
[0.905287] (-) TimerEvent: {}
[1.005927] (-) TimerEvent: {}
[1.106615] (-) TimerEvent: {}
[1.207328] (-) TimerEvent: {}
[1.308274] (-) TimerEvent: {}
[1.408964] (-) TimerEvent: {}
[1.509689] (-) TimerEvent: {}
[1.610435] (-) TimerEvent: {}
[1.711063] (-) TimerEvent: {}
[1.811683] (-) TimerEvent: {}
[1.912285] (-) TimerEvent: {}
[2.012883] (-) TimerEvent: {}
[2.113502] (-) TimerEvent: {}
[2.214232] (-) TimerEvent: {}
[2.314907] (-) TimerEvent: {}
[2.415673] (-) TimerEvent: {}
[2.516697] (-) TimerEvent: {}
[2.617376] (-) TimerEvent: {}
[2.718125] (-) TimerEvent: {}
[2.818785] (-) TimerEvent: {}
[2.919420] (-) TimerEvent: {}
[3.020102] (-) TimerEvent: {}
[3.120711] (-) TimerEvent: {}
[3.221308] (-) TimerEvent: {}
[3.321951] (-) TimerEvent: {}
[3.422642] (-) TimerEvent: {}
[3.523515] (-) TimerEvent: {}
[3.624254] (-) TimerEvent: {}
[3.725017] (-) TimerEvent: {}
[3.753987] (serial_interface) StderrLine: {'line': b'Traceback (most recent call last):\n  File "/usr/lib/python3/dist-packages/colcon_core/executor/__init__.py", line 91, in __call__\n    rc = await self.task(*args, **kwargs)\n  File "/usr/lib/python3/dist-packages/colcon_core/task/__init__.py", line 93, in __call__\n    return await task_method(*args, **kwargs)\n  File "/usr/lib/python3/dist-packages/colcon_ros/task/ament_python/build.py", line 51, in build\n    setup_py_data = get_setup_data(self.context.pkg, env)\n  File "/usr/lib/python3/dist-packages/colcon_core/task/python/__init__.py", line 20, in get_setup_data\n    return dict(pkg.metadata[key](env))\n  File "/usr/lib/python3/dist-packages/colcon_ros/package_augmentation/ros_ament_python.py", line 57, in getter\n    return get_setup_information(\n  File "/usr/lib/python3/dist-packages/colcon_python_setup_py/package_identification/python_setup_py.py", line 249, in get_setup_information\n    _setup_information_cache[hashable_env] = _get_setup_information(\n  File "/usr/lib/python3/dist-packages/colcon_python_setup_py/package_identification/python_setup_py.py", line 296, in _get_setup_information\n    result = subprocess.run(\n  File "/usr/lib/python3.10/subprocess.py", line 526, in run\n    raise CalledProcessError(retcode, process.args,\nsubprocess.CalledProcessError: Command \'[\'/usr/bin/python3\', \'-c\', \'import sys;from contextlib import suppress;exec("with suppress(ImportError):    from setuptools.extern.packaging.specifiers    import SpecifierSet");exec("with suppress(ImportError):    from packaging.specifiers import SpecifierSet");from distutils.core import run_setup;dist = run_setup(    \\\'setup.py\\\', script_args=(\\\'--dry-run\\\',), stop_after=\\\'config\\\');skip_keys = (\\\'cmdclass\\\', \\\'distclass\\\', \\\'ext_modules\\\', \\\'metadata\\\');data = {    key: value for key, value in dist.__dict__.items()     if (        not key.startswith(\\\'_\\\') and         not callable(value) and         key not in skip_keys and         key not in dist.display_option_names    )};data[\\\'metadata\\\'] = {    k: v for k, v in dist.metadata.__dict__.items()     if k not in (\\\'license_files\\\', \\\'provides_extras\\\')};sys.stdout.buffer.write(repr(data).encode(\\\'utf-8\\\'))\']\' returned non-zero exit status 1.\n'}
[3.757463] (serial_interface) JobEnded: {'identifier': 'serial_interface', 'rc': 1}
[3.759164] (actionneurs) JobEnded: {'identifier': 'actionneurs', 'rc': 'SIGINT'}
[3.760444] (maze_solver) JobEnded: {'identifier': 'maze_solver', 'rc': 'SIGINT'}
[3.768021] (-) EventReactorShutdown: {}
