[12.253s] Invoking command in '/home/rpi/ros2_ws/src/serial_interface': PYTHONPATH=/home/rpi/ros2_ws/build/serial_interface/prefix_override:/usr/lib/python3/dist-packages/colcon_core/task/python/colcon_distutils_commands:/home/rpi/ros2_ws/install/serial_interface/lib/python3.10/site-packages:${PYTHONPATH} /usr/bin/python3 -W ignore:setup.py install is deprecated -W ignore:easy_install command is deprecated setup.py egg_info --egg-base ../../build/serial_interface build --build-base /home/rpi/ros2_ws/build/serial_interface/build install --record /home/rpi/ros2_ws/build/serial_interface/install.log --single-version-externally-managed install_data
[16.013s] running egg_info
[16.020s] writing ../../build/serial_interface/serial_interface.egg-info/PKG-INFO
[16.025s] writing dependency_links to ../../build/serial_interface/serial_interface.egg-info/dependency_links.txt
[16.031s] writing entry points to ../../build/serial_interface/serial_interface.egg-info/entry_points.txt
[16.034s] writing requirements to ../../build/serial_interface/serial_interface.egg-info/requires.txt
[16.036s] writing top-level names to ../../build/serial_interface/serial_interface.egg-info/top_level.txt
[16.060s] reading manifest file '../../build/serial_interface/serial_interface.egg-info/SOURCES.txt'
[16.071s] writing manifest file '../../build/serial_interface/serial_interface.egg-info/SOURCES.txt'
[16.074s] running build
[16.076s] running build_py
[16.102s] running install
[16.103s] running install_lib
[16.124s] running install_data
[16.127s] running install_egg_info
[16.165s] removing '/home/rpi/ros2_ws/install/serial_interface/lib/python3.10/site-packages/serial_interface-0.0.0-py3.10.egg-info' (and everything under it)
[16.173s] Copying ../../build/serial_interface/serial_interface.egg-info to /home/rpi/ros2_ws/install/serial_interface/lib/python3.10/site-packages/serial_interface-0.0.0-py3.10.egg-info
[16.202s] running install_scripts
[16.394s] Installing led_control_node script to /home/rpi/ros2_ws/install/serial_interface/lib/serial_interface
[16.396s] Installing motor_driver script to /home/rpi/ros2_ws/install/serial_interface/lib/serial_interface
[16.397s] Installing motor_driver_node script to /home/rpi/ros2_ws/install/serial_interface/lib/serial_interface
[16.398s] Installing serial_interface_node script to /home/rpi/ros2_ws/install/serial_interface/lib/serial_interface
[16.400s] Installing serial_node script to /home/rpi/ros2_ws/install/serial_interface/lib/serial_interface
[16.403s] Installing ultrasonic_node script to /home/rpi/ros2_ws/install/serial_interface/lib/serial_interface
[16.414s] Installing ultrasonic_sensor_node script to /home/rpi/ros2_ws/install/serial_interface/lib/serial_interface
[16.416s] Installing webcam_node script to /home/rpi/ros2_ws/install/serial_interface/lib/serial_interface
[16.420s] writing list of installed files to '/home/rpi/ros2_ws/build/serial_interface/install.log'
[16.667s] Invoked command in '/home/rpi/ros2_ws/src/serial_interface' returned '0': PYTHONPATH=/home/rpi/ros2_ws/build/serial_interface/prefix_override:/usr/lib/python3/dist-packages/colcon_core/task/python/colcon_distutils_commands:/home/rpi/ros2_ws/install/serial_interface/lib/python3.10/site-packages:${PYTHONPATH} /usr/bin/python3 -W ignore:setup.py install is deprecated -W ignore:easy_install command is deprecated setup.py egg_info --egg-base ../../build/serial_interface build --build-base /home/rpi/ros2_ws/build/serial_interface/build install --record /home/rpi/ros2_ws/build/serial_interface/install.log --single-version-externally-managed install_data
