[12.990s] Invoking command in '/home/rpi/ros2_ws/src/serial_interface': PYTHONPATH=/home/rpi/ros2_ws/build/serial_interface/prefix_override:/usr/lib/python3/dist-packages/colcon_core/task/python/colcon_distutils_commands:/home/rpi/ros2_ws/install/serial_interface/lib/python3.10/site-packages:${PYTHONPATH} /usr/bin/python3 -W ignore:setup.py install is deprecated -W ignore:easy_install command is deprecated setup.py egg_info --egg-base ../../build/serial_interface build --build-base /home/rpi/ros2_ws/build/serial_interface/build install --record /home/rpi/ros2_ws/build/serial_interface/install.log --single-version-externally-managed install_data
[16.398s] running egg_info
[16.426s] writing ../../build/serial_interface/serial_interface.egg-info/PKG-INFO
[16.429s] writing dependency_links to ../../build/serial_interface/serial_interface.egg-info/dependency_links.txt
[16.432s] writing entry points to ../../build/serial_interface/serial_interface.egg-info/entry_points.txt
[16.434s] writing requirements to ../../build/serial_interface/serial_interface.egg-info/requires.txt
[16.436s] writing top-level names to ../../build/serial_interface/serial_interface.egg-info/top_level.txt
[16.448s] reading manifest file '../../build/serial_interface/serial_interface.egg-info/SOURCES.txt'
[16.455s] writing manifest file '../../build/serial_interface/serial_interface.egg-info/SOURCES.txt'
[16.458s] running build
[16.459s] running build_py
[16.468s] running install
[16.469s] running install_lib
[16.483s] running install_data
[16.485s] running install_egg_info
[16.499s] removing '/home/rpi/ros2_ws/install/serial_interface/lib/python3.10/site-packages/serial_interface-0.0.0-py3.10.egg-info' (and everything under it)
[16.508s] Copying ../../build/serial_interface/serial_interface.egg-info to /home/rpi/ros2_ws/install/serial_interface/lib/python3.10/site-packages/serial_interface-0.0.0-py3.10.egg-info
[16.520s] running install_scripts
[16.681s] Installing led_control_node script to /home/rpi/ros2_ws/install/serial_interface/lib/serial_interface
[16.685s] Installing motion_planner_node script to /home/rpi/ros2_ws/install/serial_interface/lib/serial_interface
[16.689s] Installing motor_driver script to /home/rpi/ros2_ws/install/serial_interface/lib/serial_interface
[16.692s] Installing motor_driver_node script to /home/rpi/ros2_ws/install/serial_interface/lib/serial_interface
[16.696s] Installing serial_interface_node script to /home/rpi/ros2_ws/install/serial_interface/lib/serial_interface
[16.699s] Installing serial_node script to /home/rpi/ros2_ws/install/serial_interface/lib/serial_interface
[16.704s] Installing ultrasonic_node script to /home/rpi/ros2_ws/install/serial_interface/lib/serial_interface
[16.709s] Installing ultrasonic_sensor_node script to /home/rpi/ros2_ws/install/serial_interface/lib/serial_interface
[16.713s] Installing webcam_node script to /home/rpi/ros2_ws/install/serial_interface/lib/serial_interface
[16.724s] writing list of installed files to '/home/rpi/ros2_ws/build/serial_interface/install.log'
[17.065s] Invoked command in '/home/rpi/ros2_ws/src/serial_interface' returned '0': PYTHONPATH=/home/rpi/ros2_ws/build/serial_interface/prefix_override:/usr/lib/python3/dist-packages/colcon_core/task/python/colcon_distutils_commands:/home/rpi/ros2_ws/install/serial_interface/lib/python3.10/site-packages:${PYTHONPATH} /usr/bin/python3 -W ignore:setup.py install is deprecated -W ignore:easy_install command is deprecated setup.py egg_info --egg-base ../../build/serial_interface build --build-base /home/rpi/ros2_ws/build/serial_interface/build install --record /home/rpi/ros2_ws/build/serial_interface/install.log --single-version-externally-managed install_data
