[4.393s] Invoking command in '/home/rpi/ros2_ws/src/actionneurs': PYTHONPATH=/home/rpi/ros2_ws/build/actionneurs/prefix_override:/usr/lib/python3/dist-packages/colcon_core/task/python/colcon_distutils_commands:/home/rpi/ros2_ws/install/actionneurs/lib/python3.10/site-packages:${PYTHONPATH} /usr/bin/python3 -W ignore:setup.py install is deprecated -W ignore:easy_install command is deprecated setup.py egg_info --egg-base ../../build/actionneurs build --build-base /home/rpi/ros2_ws/build/actionneurs/build install --record /home/rpi/ros2_ws/build/actionneurs/install.log --single-version-externally-managed install_data
[5.645s] running egg_info
[5.648s] writing ../../build/actionneurs/actionneurs.egg-info/PKG-INFO
[5.650s] writing dependency_links to ../../build/actionneurs/actionneurs.egg-info/dependency_links.txt
[5.651s] writing entry points to ../../build/actionneurs/actionneurs.egg-info/entry_points.txt
[5.652s] writing requirements to ../../build/actionneurs/actionneurs.egg-info/requires.txt
[5.653s] writing top-level names to ../../build/actionneurs/actionneurs.egg-info/top_level.txt
[5.668s] reading manifest file '../../build/actionneurs/actionneurs.egg-info/SOURCES.txt'
[5.674s] writing manifest file '../../build/actionneurs/actionneurs.egg-info/SOURCES.txt'
[5.675s] running build
[5.676s] running build_py
[5.686s] running install
[5.687s] running install_lib
[5.695s] running install_data
[5.697s] running install_egg_info
[5.705s] removing '/home/rpi/ros2_ws/install/actionneurs/lib/python3.10/site-packages/actionneurs-0.0.0-py3.10.egg-info' (and everything under it)
[5.707s] Copying ../../build/actionneurs/actionneurs.egg-info to /home/rpi/ros2_ws/install/actionneurs/lib/python3.10/site-packages/actionneurs-0.0.0-py3.10.egg-info
[5.714s] running install_scripts
[5.802s] writing list of installed files to '/home/rpi/ros2_ws/build/actionneurs/install.log'
[5.973s] Invoked command in '/home/rpi/ros2_ws/src/actionneurs' returned '0': PYTHONPATH=/home/rpi/ros2_ws/build/actionneurs/prefix_override:/usr/lib/python3/dist-packages/colcon_core/task/python/colcon_distutils_commands:/home/rpi/ros2_ws/install/actionneurs/lib/python3.10/site-packages:${PYTHONPATH} /usr/bin/python3 -W ignore:setup.py install is deprecated -W ignore:easy_install command is deprecated setup.py egg_info --egg-base ../../build/actionneurs build --build-base /home/rpi/ros2_ws/build/actionneurs/build install --record /home/rpi/ros2_ws/build/actionneurs/install.log --single-version-externally-managed install_data
