[7.177s] Invoking command in '/home/rpi/ros2_ws/src/serial_interface': PYTHONPATH=/home/rpi/ros2_ws/build/serial_interface/prefix_override:/usr/lib/python3/dist-packages/colcon_core/task/python/colcon_distutils_commands:/home/rpi/ros2_ws/install/serial_interface/lib/python3.10/site-packages:${PYTHONPATH} /usr/bin/python3 -W ignore:setup.py install is deprecated -W ignore:easy_install command is deprecated setup.py egg_info --egg-base ../../build/serial_interface build --build-base /home/rpi/ros2_ws/build/serial_interface/build install --record /home/rpi/ros2_ws/build/serial_interface/install.log --single-version-externally-managed install_data
[8.804s] running egg_info
[8.808s] writing ../../build/serial_interface/serial_interface.egg-info/PKG-INFO
[8.810s] writing dependency_links to ../../build/serial_interface/serial_interface.egg-info/dependency_links.txt
[8.812s] writing entry points to ../../build/serial_interface/serial_interface.egg-info/entry_points.txt
[8.814s] writing requirements to ../../build/serial_interface/serial_interface.egg-info/requires.txt
[8.815s] writing top-level names to ../../build/serial_interface/serial_interface.egg-info/top_level.txt
[8.825s] reading manifest file '../../build/serial_interface/serial_interface.egg-info/SOURCES.txt'
[8.832s] writing manifest file '../../build/serial_interface/serial_interface.egg-info/SOURCES.txt'
[8.833s] running build
[8.833s] running build_py
[8.846s] running install
[8.848s] running install_lib
[8.862s] running install_data
[8.865s] copying launch/launch_serial.py -> /home/rpi/ros2_ws/install/serial_interface/share/serial_interface/launch
[8.865s] running install_egg_info
[8.874s] removing '/home/rpi/ros2_ws/install/serial_interface/lib/python3.10/site-packages/serial_interface-0.0.0-py3.10.egg-info' (and everything under it)
[8.876s] Copying ../../build/serial_interface/serial_interface.egg-info to /home/rpi/ros2_ws/install/serial_interface/lib/python3.10/site-packages/serial_interface-0.0.0-py3.10.egg-info
[8.884s] running install_scripts
[8.988s] Installing led_control_node script to /home/rpi/ros2_ws/install/serial_interface/lib/serial_interface
[8.992s] Installing motion_planner_node script to /home/rpi/ros2_ws/install/serial_interface/lib/serial_interface
[8.993s] Installing motor_driver script to /home/rpi/ros2_ws/install/serial_interface/lib/serial_interface
[8.995s] Installing motor_driver_node script to /home/rpi/ros2_ws/install/serial_interface/lib/serial_interface
[8.997s] Installing serial_interface_node script to /home/rpi/ros2_ws/install/serial_interface/lib/serial_interface
[8.999s] Installing serial_node script to /home/rpi/ros2_ws/install/serial_interface/lib/serial_interface
[9.000s] Installing ultrasonic_node script to /home/rpi/ros2_ws/install/serial_interface/lib/serial_interface
[9.001s] Installing ultrasonic_sensor_node script to /home/rpi/ros2_ws/install/serial_interface/lib/serial_interface
[9.001s] Installing webcam_node script to /home/rpi/ros2_ws/install/serial_interface/lib/serial_interface
[9.002s] writing list of installed files to '/home/rpi/ros2_ws/build/serial_interface/install.log'
[9.257s] Invoked command in '/home/rpi/ros2_ws/src/serial_interface' returned '0': PYTHONPATH=/home/rpi/ros2_ws/build/serial_interface/prefix_override:/usr/lib/python3/dist-packages/colcon_core/task/python/colcon_distutils_commands:/home/rpi/ros2_ws/install/serial_interface/lib/python3.10/site-packages:${PYTHONPATH} /usr/bin/python3 -W ignore:setup.py install is deprecated -W ignore:easy_install command is deprecated setup.py egg_info --egg-base ../../build/serial_interface build --build-base /home/rpi/ros2_ws/build/serial_interface/build install --record /home/rpi/ros2_ws/build/serial_interface/install.log --single-version-externally-managed install_data
