[6.369s] Invoking command in '/home/rpi/ros2_ws/src/mon_package_nav2_rviz': PYTHONPATH=/home/rpi/ros2_ws/build/mon_package_nav2_rviz/prefix_override:/usr/lib/python3/dist-packages/colcon_core/task/python/colcon_distutils_commands:/home/rpi/ros2_ws/install/mon_package_nav2_rviz/lib/python3.10/site-packages:${PYTHONPATH} /usr/bin/python3 -W ignore:setup.py install is deprecated -W ignore:easy_install command is deprecated setup.py egg_info --egg-base ../../build/mon_package_nav2_rviz build --build-base /home/rpi/ros2_ws/build/mon_package_nav2_rviz/build install --record /home/rpi/ros2_ws/build/mon_package_nav2_rviz/install.log --single-version-externally-managed install_data
[7.926s] running egg_info
[7.930s] writing ../../build/mon_package_nav2_rviz/mon_package_nav2_rviz.egg-info/PKG-INFO
[7.931s] writing dependency_links to ../../build/mon_package_nav2_rviz/mon_package_nav2_rviz.egg-info/dependency_links.txt
[7.932s] writing entry points to ../../build/mon_package_nav2_rviz/mon_package_nav2_rviz.egg-info/entry_points.txt
[7.934s] writing requirements to ../../build/mon_package_nav2_rviz/mon_package_nav2_rviz.egg-info/requires.txt
[7.938s] writing top-level names to ../../build/mon_package_nav2_rviz/mon_package_nav2_rviz.egg-info/top_level.txt
[7.945s] reading manifest file '../../build/mon_package_nav2_rviz/mon_package_nav2_rviz.egg-info/SOURCES.txt'
[7.951s] writing manifest file '../../build/mon_package_nav2_rviz/mon_package_nav2_rviz.egg-info/SOURCES.txt'
[7.954s] running build
[7.955s] running build_py
[7.963s] running install
[7.966s] running install_lib
[7.973s] running install_data
[7.975s] running install_egg_info
[7.985s] removing '/home/rpi/ros2_ws/install/mon_package_nav2_rviz/lib/python3.10/site-packages/mon_package_nav2_rviz-0.0.0-py3.10.egg-info' (and everything under it)
[7.988s] Copying ../../build/mon_package_nav2_rviz/mon_package_nav2_rviz.egg-info to /home/rpi/ros2_ws/install/mon_package_nav2_rviz/lib/python3.10/site-packages/mon_package_nav2_rviz-0.0.0-py3.10.egg-info
[7.997s] running install_scripts
[8.112s] Installing ir_sensor_node script to /home/rpi/ros2_ws/install/mon_package_nav2_rviz/lib/mon_package_nav2_rviz
[8.117s] writing list of installed files to '/home/rpi/ros2_ws/build/mon_package_nav2_rviz/install.log'
[8.410s] Invoked command in '/home/rpi/ros2_ws/src/mon_package_nav2_rviz' returned '0': PYTHONPATH=/home/rpi/ros2_ws/build/mon_package_nav2_rviz/prefix_override:/usr/lib/python3/dist-packages/colcon_core/task/python/colcon_distutils_commands:/home/rpi/ros2_ws/install/mon_package_nav2_rviz/lib/python3.10/site-packages:${PYTHONPATH} /usr/bin/python3 -W ignore:setup.py install is deprecated -W ignore:easy_install command is deprecated setup.py egg_info --egg-base ../../build/mon_package_nav2_rviz build --build-base /home/rpi/ros2_ws/build/mon_package_nav2_rviz/build install --record /home/rpi/ros2_ws/build/mon_package_nav2_rviz/install.log --single-version-externally-managed install_data
